#
# There is insufficient memory for the Java Runtime Environment to continue.
# Native memory allocation (malloc) failed to allocate 1825488 bytes for Chunk::new
# Possible reasons:
#   The system is out of physical RAM or swap space
#   The process is running with CompressedOops enabled, and the Java Heap may be blocking the growth of the native heap
# Possible solutions:
#   Reduce memory load on the system
#   Increase physical memory or swap space
#   Check if swap backing store is full
#   Decrease Java heap size (-Xmx/-Xms)
#   Decrease number of Java threads
#   Decrease Java thread stack sizes (-Xss)
#   Set larger code cache with -XX:ReservedCodeCacheSize=
#   JVM is running with Unscaled Compressed Oops mode in which the Java heap is
#     placed in the first 4GB address space. The Java Heap base address is the
#     maximum limit for the native heap growth. Please use -XX:HeapBaseMinAddress
#     to set the Java Heap base and to place the Java Heap above 4GB virtual address.
# This output file may be truncated or incomplete.
#
#  Out of Memory Error (arena.cpp:189), pid=27612, tid=34704
#
# JRE version: Java(TM) SE Runtime Environment (17.0.10+11) (build 17.0.10+11-LTS-240)
# Java VM: Java HotSpot(TM) 64-Bit Server VM (17.0.10+11-LTS-240, mixed mode, sharing, tiered, compressed oops, compressed class ptrs, g1 gc, windows-amd64)
# No core dump will be written. Minidumps are not enabled by default on client versions of Windows
#

---------------  S U M M A R Y ------------

Command Line: --add-opens=java.base/java.util=ALL-UNNAMED --add-opens=java.base/java.lang=ALL-UNNAMED --add-opens=java.base/java.lang.invoke=ALL-UNNAMED --add-opens=java.prefs/java.util.prefs=ALL-UNNAMED --add-opens=java.base/java.nio.charset=ALL-UNNAMED --add-opens=java.base/java.net=ALL-UNNAMED --add-opens=java.base/java.util.concurrent.atomic=ALL-UNNAMED -XX:MaxMetaspaceSize=384m -XX:+HeapDumpOnOutOfMemoryError -Xms256m -Xmx512m -Dfile.encoding=windows-1252 -Duser.country=CO -Duser.language=es -Duser.variant -javaagent:C:\Users\oo199\.gradle\wrapper\dists\gradle-8.6-bin\afr5mpiioh2wthjmwnkmdsd5w\gradle-8.6\lib\agents\gradle-instrumentation-agent-8.6.jar org.gradle.launcher.daemon.bootstrap.GradleDaemon 8.6

Host: AMD Ryzen 5 4600H with Radeon Graphics         , 12 cores, 7G,  Windows 11 , 64 bit Build 22621 (10.0.22621.3235)
Time: Fri Mar 29 16:32:17 2024 Hora est. Pacífico, Sudamérica elapsed time: 16.120788 seconds (0d 0h 0m 16s)

---------------  T H R E A D  ---------------

Current thread (0x000001b3e690a030):  JavaThread "C2 CompilerThread1" daemon [_thread_in_native, id=34704, stack(0x0000004c71a00000,0x0000004c71b00000)]


Current CompileTask:
C2:  16120 8065   !   4       io.spring.gradle.dependencymanagement.org.codehaus.plexus.interpolation.StringSearchInterpolator::interpolate (668 bytes)

Stack: [0x0000004c71a00000,0x0000004c71b00000]
Native frames: (J=compiled Java code, j=interpreted, Vv=VM code, C=native code)
V  [jvm.dll+0x677a5a]
V  [jvm.dll+0x7d8b2d]
V  [jvm.dll+0x7da48e]
V  [jvm.dll+0x7daaf3]
V  [jvm.dll+0x2455ff]
V  [jvm.dll+0xaaafb]
V  [jvm.dll+0xab09c]
V  [jvm.dll+0x361bae]
V  [jvm.dll+0x1bb3ca]
V  [jvm.dll+0x217aa7]
V  [jvm.dll+0x216d81]
V  [jvm.dll+0x1a3410]
V  [jvm.dll+0x226aeb]
V  [jvm.dll+0x224cab]
V  [jvm.dll+0x78e45c]
V  [jvm.dll+0x78888a]
V  [jvm.dll+0x676935]
C  [ucrtbase.dll+0x29363]
C  [KERNEL32.DLL+0x1257d]
C  [ntdll.dll+0x5aa58]


---------------  P R O C E S S  ---------------

Threads class SMR info:
_java_thread_list=0x000001b3e96eb490, length=167, elements={
0x000001b3b0044490, 0x000001b3cadb9d50, 0x000001b3cadba9d0, 0x000001b3cadce510,
0x000001b3cadceed0, 0x000001b3cadcf890, 0x000001b3cadd0250, 0x000001b3cadd3410,
0x000001b3caddd010, 0x000001b3cade8770, 0x000001b3cada3460, 0x000001b3e41e5230,
0x000001b3e4258850, 0x000001b3e4257410, 0x000001b3e4257920, 0x000001b3e4257e30,
0x000001b3e4258340, 0x000001b3e67ed1e0, 0x000001b3e67ec7c0, 0x000001b3e67ea450,
0x000001b3e67ebda0, 0x000001b3e67eeb30, 0x000001b3e67eae70, 0x000001b3e67ef040,
0x000001b3e67ef550, 0x000001b3e690a030, 0x000001b3e67f0990, 0x000001b3e67f0ea0,
0x000001b3e67efa60, 0x000001b3e67ee620, 0x000001b3e67e9f40, 0x000001b3e67ed6f0,
0x000001b3e67eb380, 0x000001b3e67eb890, 0x000001b3e67f0480, 0x000001b3e67ec2b0,
0x000001b3e67f13b0, 0x000001b3e67ee110, 0x000001b3e5a3b230, 0x000001b3e5a38ec0,
0x000001b3e5a3f400, 0x000001b3e5a3d5a0, 0x000001b3e5a37f90, 0x000001b3e5a3dfc0,
0x000001b3e5a3dab0, 0x000001b3e5a3f910, 0x000001b3e5a384a0, 0x000001b3e5a3e4d0,
0x000001b3e5a389b0, 0x000001b3e5a393d0, 0x000001b3e5a398e0, 0x000001b3e5a3a300,
0x000001b3e5a3bc50, 0x000001b3e5a39df0, 0x000001b3e5a3a810, 0x000001b3e5a3c160,
0x000001b3e5a3ad20, 0x000001b3e5a3e9e0, 0x000001b3e5a3b740, 0x000001b3e5a3c670,
0x000001b3e5a3cb80, 0x000001b3e5a3d090, 0x000001b3e5a3eef0, 0x000001b3e4256f00,
0x000001b3e5be9f60, 0x000001b3e5bea470, 0x000001b3e5beb8b0, 0x000001b3e5be8100,
0x000001b3e5be9a50, 0x000001b3e5bef570, 0x000001b3e5bebdc0, 0x000001b3e5bedc20,
0x000001b3e5beae90, 0x000001b3e5beb3a0, 0x000001b3e5bec2d0, 0x000001b3e5befa80,
0x000001b3e5bef060, 0x000001b3e5bec7e0, 0x000001b3e5be8610, 0x000001b3e5bea980,
0x000001b3e5beeb50, 0x000001b3e5beccf0, 0x000001b3e5be8b20, 0x000001b3e5be9030,
0x000001b3e5be9540, 0x000001b3e5bed710, 0x000001b3e5bee130, 0x000001b3e5bee640,
0x000001b3e5b81e30, 0x000001b3e5b85af0, 0x000001b3e5b81920, 0x000001b3e5b855e0,
0x000001b3e5b841a0, 0x000001b3e5b86a20, 0x000001b3e5b86f30, 0x000001b3e5b86000,
0x000001b3e5b87440, 0x000001b3e5b82d60, 0x000001b3e5b81410, 0x000001b3e5b7ffd0,
0x000001b3e5b804e0, 0x000001b3e5b83270, 0x000001b3e5b87950, 0x000001b3e5b809f0,
0x000001b3e5b86510, 0x000001b3e5b80f00, 0x000001b3e5b82340, 0x000001b3e5b82850,
0x000001b3e5b83780, 0x000001b3e5b83c90, 0x000001b3e5b850d0, 0x000001b3e5b846b0,
0x000001b3e8f4f9f0, 0x000001b3e8f50920, 0x000001b3e8f50410, 0x000001b3e8f4ae00,
0x000001b3e8f50e30, 0x000001b3e8f4d680, 0x000001b3e8f4b820, 0x000001b3e8f4ff00,
0x000001b3e8f4bd30, 0x000001b3e8f4c750, 0x000001b3e8f4e0a0, 0x000001b3e8f51850,
0x000001b3e8f51d60, 0x000001b3e8f4e5b0, 0x000001b3e8f4c240, 0x000001b3e8f4cc60,
0x000001b3e8f52270, 0x000001b3e8f4d170, 0x000001b3e8f4eac0, 0x000001b3e8f4efd0,
0x000001b3e8f52780, 0x000001b3e8f4f4e0, 0x000001b3e5b51fa0, 0x000001b3e5b57fd0,
0x000001b3e5b584e0, 0x000001b3e5b59410, 0x000001b3e5b56680, 0x000001b3e5b54310,
0x000001b3e5b589f0, 0x000001b3e5b58f00, 0x000001b3e5b59920, 0x000001b3e5b56170,
0x000001b3e5b54d30, 0x000001b3e5b54820, 0x000001b3e5b52ed0, 0x000001b3e5b55c60,
0x000001b3e5b55750, 0x000001b3e5b524b0, 0x000001b3e5b53e00, 0x000001b3e5b529c0,
0x000001b3e5b55240, 0x000001b3e5b56b90, 0x000001b3e5b533e0, 0x000001b3e5b570a0,
0x000001b3e5b57ac0, 0x000001b3e5b575b0, 0x000001b3e4cfc710, 0x000001b3e4cff4a0,
0x000001b3e4d02c50, 0x000001b3e4d03670, 0x000001b3e4cfd130, 0x000001b3e4cff9b0,
0x000001b3e4cffec0, 0x000001b3e4d03160, 0x000001b3e4d01810
}

Java Threads: ( => current thread )
  0x000001b3b0044490 JavaThread "main" [_thread_blocked, id=11328, stack(0x0000004c6f500000,0x0000004c6f600000)]
  0x000001b3cadb9d50 JavaThread "Reference Handler" daemon [_thread_blocked, id=34804, stack(0x0000004c6fc00000,0x0000004c6fd00000)]
  0x000001b3cadba9d0 JavaThread "Finalizer" daemon [_thread_blocked, id=19640, stack(0x0000004c6fd00000,0x0000004c6fe00000)]
  0x000001b3cadce510 JavaThread "Signal Dispatcher" daemon [_thread_blocked, id=21916, stack(0x0000004c6fe00000,0x0000004c6ff00000)]
  0x000001b3cadceed0 JavaThread "Attach Listener" daemon [_thread_blocked, id=29332, stack(0x0000004c6ff00000,0x0000004c70000000)]
  0x000001b3cadcf890 JavaThread "Service Thread" daemon [_thread_blocked, id=33612, stack(0x0000004c70000000,0x0000004c70100000)]
  0x000001b3cadd0250 JavaThread "Monitor Deflation Thread" daemon [_thread_blocked, id=26048, stack(0x0000004c70100000,0x0000004c70200000)]
  0x000001b3cadd3410 JavaThread "C2 CompilerThread0" daemon [_thread_blocked, id=22472, stack(0x0000004c70200000,0x0000004c70300000)]
  0x000001b3caddd010 JavaThread "C1 CompilerThread0" daemon [_thread_blocked, id=21584, stack(0x0000004c70300000,0x0000004c70400000)]
  0x000001b3cade8770 JavaThread "Sweeper thread" daemon [_thread_blocked, id=34952, stack(0x0000004c70400000,0x0000004c70500000)]
  0x000001b3cada3460 JavaThread "Common-Cleaner" daemon [_thread_blocked, id=26884, stack(0x0000004c70500000,0x0000004c70600000)]
  0x000001b3e41e5230 JavaThread "Notification Thread" daemon [_thread_blocked, id=34996, stack(0x0000004c70600000,0x0000004c70700000)]
  0x000001b3e4258850 JavaThread "Daemon health stats" [_thread_blocked, id=15452, stack(0x0000004c70e00000,0x0000004c70f00000)]
  0x000001b3e4257410 JavaThread "Incoming local TCP Connector on port 50278" [_thread_in_native, id=21692, stack(0x0000004c70800000,0x0000004c70900000)]
  0x000001b3e4257920 JavaThread "Daemon periodic checks" [_thread_blocked, id=8804, stack(0x0000004c71000000,0x0000004c71100000)]
  0x000001b3e4257e30 JavaThread "Daemon" [_thread_blocked, id=16568, stack(0x0000004c71100000,0x0000004c71200000)]
  0x000001b3e4258340 JavaThread "Handler for socket connection from /127.0.0.1:50278 to /127.0.0.1:50279" [_thread_in_native, id=23160, stack(0x0000004c71200000,0x0000004c71300000)]
  0x000001b3e67ed1e0 JavaThread "Cancel handler" [_thread_blocked, id=24376, stack(0x0000004c71300000,0x0000004c71400000)]
  0x000001b3e67ec7c0 JavaThread "Daemon worker" [_thread_blocked, id=3268, stack(0x0000004c70f00000,0x0000004c71000000)]
  0x000001b3e67ea450 JavaThread "Asynchronous log dispatcher for DefaultDaemonConnection: socket connection from /127.0.0.1:50278 to /127.0.0.1:50279" [_thread_blocked, id=24484, stack(0x0000004c71400000,0x0000004c71500000)]
  0x000001b3e67ebda0 JavaThread "Stdin handler" [_thread_blocked, id=6888, stack(0x0000004c71500000,0x0000004c71600000)]
  0x000001b3e67eeb30 JavaThread "Daemon client event forwarder" [_thread_blocked, id=10020, stack(0x0000004c71600000,0x0000004c71700000)]
  0x000001b3e67eae70 JavaThread "Cache worker for journal cache (C:\Users\oo199\.gradle\caches\journal-1)" [_thread_blocked, id=15356, stack(0x0000004c71700000,0x0000004c71800000)]
  0x000001b3e67ef040 JavaThread "File lock request listener" [_thread_in_native, id=32040, stack(0x0000004c71800000,0x0000004c71900000)]
  0x000001b3e67ef550 JavaThread "Cache worker for file hash cache (C:\Users\oo199\.gradle\caches\8.6\fileHashes)" [_thread_blocked, id=1504, stack(0x0000004c71900000,0x0000004c71a00000)]
=>0x000001b3e690a030 JavaThread "C2 CompilerThread1" daemon [_thread_in_native, id=34704, stack(0x0000004c71a00000,0x0000004c71b00000)]
  0x000001b3e67f0990 JavaThread "File watcher server" daemon [_thread_in_native, id=34360, stack(0x0000004c71b00000,0x0000004c71c00000)]
  0x000001b3e67f0ea0 JavaThread "File watcher consumer" daemon [_thread_blocked, id=14124, stack(0x0000004c71c00000,0x0000004c71d00000)]
  0x000001b3e67efa60 JavaThread "Cache worker for checksums cache (C:\Users\oo199\Desktop\VentaProductos\ventasproductos\.gradle\8.6\checksums)" [_thread_blocked, id=13960, stack(0x0000004c72300000,0x0000004c72400000)]
  0x000001b3e67ee620 JavaThread "Cache worker for file hash cache (C:\Users\oo199\Desktop\VentaProductos\ventasproductos\.gradle\8.6\fileHashes)" [_thread_blocked, id=6224, stack(0x0000004c72400000,0x0000004c72500000)]
  0x000001b3e67e9f40 JavaThread "Cache worker for cache directory md-supplier (C:\Users\oo199\.gradle\caches\8.6\md-supplier)" [_thread_blocked, id=15820, stack(0x0000004c72500000,0x0000004c72600000)]
  0x000001b3e67ed6f0 JavaThread "Cache worker for cache directory md-rule (C:\Users\oo199\.gradle\caches\8.6\md-rule)" [_thread_blocked, id=21204, stack(0x0000004c72600000,0x0000004c72700000)]
  0x000001b3e67eb380 JavaThread "Cache worker for file content cache (C:\Users\oo199\.gradle\caches\8.6\fileContent)" [_thread_blocked, id=32440, stack(0x0000004c72700000,0x0000004c72800000)]
  0x000001b3e67eb890 JavaThread "jar transforms" [_thread_blocked, id=22764, stack(0x0000004c72800000,0x0000004c72900000)]
  0x000001b3e67f0480 JavaThread "jar transforms Thread 2" [_thread_blocked, id=18808, stack(0x0000004c72900000,0x0000004c72a00000)]
  0x000001b3e67ec2b0 JavaThread "jar transforms Thread 3" [_thread_blocked, id=3284, stack(0x0000004c72a00000,0x0000004c72b00000)]
  0x000001b3e67f13b0 JavaThread "Cache worker for Build Output Cleanup Cache (C:\Users\oo199\Desktop\VentaProductos\ventasproductos\.gradle\buildOutputCleanup)" [_thread_blocked, id=13924, stack(0x0000004c72b00000,0x0000004c72c00000)]
  0x000001b3e67ee110 JavaThread "Unconstrained build operations" [_thread_blocked, id=9056, stack(0x0000004c72c00000,0x0000004c72d00000)]
  0x000001b3e5a3b230 JavaThread "Unconstrained build operations Thread 2" [_thread_blocked, id=22552, stack(0x0000004c72d00000,0x0000004c72e00000)]
  0x000001b3e5a38ec0 JavaThread "Unconstrained build operations Thread 3" [_thread_blocked, id=23988, stack(0x0000004c72e00000,0x0000004c72f00000)]
  0x000001b3e5a3f400 JavaThread "Unconstrained build operations Thread 4" [_thread_blocked, id=21864, stack(0x0000004c72f00000,0x0000004c73000000)]
  0x000001b3e5a3d5a0 JavaThread "Unconstrained build operations Thread 5" [_thread_blocked, id=30732, stack(0x0000004c73000000,0x0000004c73100000)]
  0x000001b3e5a37f90 JavaThread "Unconstrained build operations Thread 6" [_thread_blocked, id=22816, stack(0x0000004c73100000,0x0000004c73200000)]
  0x000001b3e5a3dfc0 JavaThread "Unconstrained build operations Thread 7" [_thread_blocked, id=17156, stack(0x0000004c73200000,0x0000004c73300000)]
  0x000001b3e5a3dab0 JavaThread "Unconstrained build operations Thread 8" [_thread_blocked, id=17988, stack(0x0000004c73300000,0x0000004c73400000)]
  0x000001b3e5a3f910 JavaThread "Unconstrained build operations Thread 9" [_thread_blocked, id=33036, stack(0x0000004c73400000,0x0000004c73500000)]
  0x000001b3e5a384a0 JavaThread "Unconstrained build operations Thread 10" [_thread_blocked, id=30176, stack(0x0000004c73500000,0x0000004c73600000)]
  0x000001b3e5a3e4d0 JavaThread "Unconstrained build operations Thread 11" [_thread_blocked, id=17840, stack(0x0000004c73600000,0x0000004c73700000)]
  0x000001b3e5a389b0 JavaThread "Memory manager" [_thread_blocked, id=28260, stack(0x0000004c73700000,0x0000004c73800000)]
  0x000001b3e5a393d0 JavaThread "jar transforms Thread 4" [_thread_blocked, id=32292, stack(0x0000004c73800000,0x0000004c73900000)]
  0x000001b3e5a398e0 JavaThread "included builds" [_thread_blocked, id=16452, stack(0x0000004c73900000,0x0000004c73a00000)]
  0x000001b3e5a3a300 JavaThread "Execution worker" [_thread_blocked, id=34760, stack(0x0000004c73a00000,0x0000004c73b00000)]
  0x000001b3e5a3bc50 JavaThread "Execution worker Thread 2" [_thread_blocked, id=27544, stack(0x0000004c73b00000,0x0000004c73c00000)]
  0x000001b3e5a39df0 JavaThread "Execution worker Thread 3" [_thread_blocked, id=22440, stack(0x0000004c73c00000,0x0000004c73d00000)]
  0x000001b3e5a3a810 JavaThread "Execution worker Thread 4" [_thread_blocked, id=30136, stack(0x0000004c73d00000,0x0000004c73e00000)]
  0x000001b3e5a3c160 JavaThread "Execution worker Thread 5" [_thread_blocked, id=36860, stack(0x0000004c73e00000,0x0000004c73f00000)]
  0x000001b3e5a3ad20 JavaThread "Execution worker Thread 6" [_thread_in_native, id=21544, stack(0x0000004c73f00000,0x0000004c74000000)]
  0x000001b3e5a3e9e0 JavaThread "Execution worker Thread 7" [_thread_blocked, id=11768, stack(0x0000004c74000000,0x0000004c74100000)]
  0x000001b3e5a3b740 JavaThread "Execution worker Thread 8" [_thread_blocked, id=36212, stack(0x0000004c74100000,0x0000004c74200000)]
  0x000001b3e5a3c670 JavaThread "Execution worker Thread 9" [_thread_blocked, id=7996, stack(0x0000004c74200000,0x0000004c74300000)]
  0x000001b3e5a3cb80 JavaThread "Execution worker Thread 10" [_thread_blocked, id=14884, stack(0x0000004c74300000,0x0000004c74400000)]
  0x000001b3e5a3d090 JavaThread "Execution worker Thread 11" [_thread_blocked, id=35296, stack(0x0000004c74400000,0x0000004c74500000)]
  0x000001b3e5a3eef0 JavaThread "Cache worker for execution history cache (C:\Users\oo199\Desktop\VentaProductos\ventasproductos\.gradle\8.6\executionHistory)" [_thread_blocked, id=12952, stack(0x0000004c74500000,0x0000004c74600000)]
  0x000001b3e4256f00 JavaThread "Unconstrained build operations Thread 12" [_thread_blocked, id=32808, stack(0x0000004c74600000,0x0000004c74700000)]
  0x000001b3e5be9f60 JavaThread "Unconstrained build operations Thread 13" [_thread_blocked, id=8060, stack(0x0000004c74700000,0x0000004c74800000)]
  0x000001b3e5bea470 JavaThread "Unconstrained build operations Thread 14" [_thread_blocked, id=33124, stack(0x0000004c74800000,0x0000004c74900000)]
  0x000001b3e5beb8b0 JavaThread "Unconstrained build operations Thread 15" [_thread_blocked, id=9156, stack(0x0000004c74900000,0x0000004c74a00000)]
  0x000001b3e5be8100 JavaThread "Unconstrained build operations Thread 16" [_thread_blocked, id=15884, stack(0x0000004c74a00000,0x0000004c74b00000)]
  0x000001b3e5be9a50 JavaThread "Unconstrained build operations Thread 17" [_thread_blocked, id=25916, stack(0x0000004c74b00000,0x0000004c74c00000)]
  0x000001b3e5bef570 JavaThread "Unconstrained build operations Thread 18" [_thread_blocked, id=3104, stack(0x0000004c74c00000,0x0000004c74d00000)]
  0x000001b3e5bebdc0 JavaThread "Unconstrained build operations Thread 19" [_thread_blocked, id=29492, stack(0x0000004c74d00000,0x0000004c74e00000)]
  0x000001b3e5bedc20 JavaThread "Unconstrained build operations Thread 20" [_thread_blocked, id=22892, stack(0x0000004c74e00000,0x0000004c74f00000)]
  0x000001b3e5beae90 JavaThread "Unconstrained build operations Thread 21" [_thread_blocked, id=26704, stack(0x0000004c74f00000,0x0000004c75000000)]
  0x000001b3e5beb3a0 JavaThread "Unconstrained build operations Thread 22" [_thread_blocked, id=23632, stack(0x0000004c75000000,0x0000004c75100000)]
  0x000001b3e5bec2d0 JavaThread "Unconstrained build operations Thread 23" [_thread_blocked, id=17968, stack(0x0000004c75100000,0x0000004c75200000)]
  0x000001b3e5befa80 JavaThread "Unconstrained build operations Thread 24" [_thread_blocked, id=14656, stack(0x0000004c75200000,0x0000004c75300000)]
  0x000001b3e5bef060 JavaThread "Unconstrained build operations Thread 25" [_thread_blocked, id=26260, stack(0x0000004c75300000,0x0000004c75400000)]
  0x000001b3e5bec7e0 JavaThread "Unconstrained build operations Thread 26" [_thread_blocked, id=348, stack(0x0000004c75400000,0x0000004c75500000)]
  0x000001b3e5be8610 JavaThread "Unconstrained build operations Thread 27" [_thread_blocked, id=1288, stack(0x0000004c75500000,0x0000004c75600000)]
  0x000001b3e5bea980 JavaThread "Unconstrained build operations Thread 28" [_thread_blocked, id=6364, stack(0x0000004c75600000,0x0000004c75700000)]
  0x000001b3e5beeb50 JavaThread "Unconstrained build operations Thread 29" [_thread_blocked, id=6552, stack(0x0000004c75700000,0x0000004c75800000)]
  0x000001b3e5beccf0 JavaThread "Unconstrained build operations Thread 30" [_thread_blocked, id=36796, stack(0x0000004c75800000,0x0000004c75900000)]
  0x000001b3e5be8b20 JavaThread "Unconstrained build operations Thread 31" [_thread_blocked, id=14628, stack(0x0000004c75900000,0x0000004c75a00000)]
  0x000001b3e5be9030 JavaThread "Unconstrained build operations Thread 32" [_thread_blocked, id=16184, stack(0x0000004c75a00000,0x0000004c75b00000)]
  0x000001b3e5be9540 JavaThread "Unconstrained build operations Thread 33" [_thread_blocked, id=32916, stack(0x0000004c75b00000,0x0000004c75c00000)]
  0x000001b3e5bed710 JavaThread "Unconstrained build operations Thread 34" [_thread_blocked, id=22276, stack(0x0000004c75c00000,0x0000004c75d00000)]
  0x000001b3e5bee130 JavaThread "Unconstrained build operations Thread 35" [_thread_blocked, id=14248, stack(0x0000004c75d00000,0x0000004c75e00000)]
  0x000001b3e5bee640 JavaThread "Unconstrained build operations Thread 36" [_thread_blocked, id=22088, stack(0x0000004c75e00000,0x0000004c75f00000)]
  0x000001b3e5b81e30 JavaThread "Unconstrained build operations Thread 37" [_thread_blocked, id=34260, stack(0x0000004c75f00000,0x0000004c76000000)]
  0x000001b3e5b85af0 JavaThread "Unconstrained build operations Thread 38" [_thread_blocked, id=34116, stack(0x0000004c76000000,0x0000004c76100000)]
  0x000001b3e5b81920 JavaThread "Unconstrained build operations Thread 39" [_thread_blocked, id=30540, stack(0x0000004c76100000,0x0000004c76200000)]
  0x000001b3e5b855e0 JavaThread "Unconstrained build operations Thread 40" [_thread_blocked, id=13256, stack(0x0000004c76200000,0x0000004c76300000)]
  0x000001b3e5b841a0 JavaThread "Unconstrained build operations Thread 41" [_thread_blocked, id=19844, stack(0x0000004c76300000,0x0000004c76400000)]
  0x000001b3e5b86a20 JavaThread "Unconstrained build operations Thread 42" [_thread_blocked, id=25336, stack(0x0000004c76400000,0x0000004c76500000)]
  0x000001b3e5b86f30 JavaThread "Unconstrained build operations Thread 43" [_thread_blocked, id=36352, stack(0x0000004c76500000,0x0000004c76600000)]
  0x000001b3e5b86000 JavaThread "Unconstrained build operations Thread 44" [_thread_blocked, id=34712, stack(0x0000004c76600000,0x0000004c76700000)]
  0x000001b3e5b87440 JavaThread "Unconstrained build operations Thread 45" [_thread_blocked, id=29276, stack(0x0000004c76700000,0x0000004c76800000)]
  0x000001b3e5b82d60 JavaThread "Unconstrained build operations Thread 46" [_thread_blocked, id=13576, stack(0x0000004c76800000,0x0000004c76900000)]
  0x000001b3e5b81410 JavaThread "Unconstrained build operations Thread 47" [_thread_blocked, id=13944, stack(0x0000004c76900000,0x0000004c76a00000)]
  0x000001b3e5b7ffd0 JavaThread "Unconstrained build operations Thread 48" [_thread_blocked, id=21980, stack(0x0000004c76a00000,0x0000004c76b00000)]
  0x000001b3e5b804e0 JavaThread "Unconstrained build operations Thread 49" [_thread_blocked, id=22972, stack(0x0000004c76b00000,0x0000004c76c00000)]
  0x000001b3e5b83270 JavaThread "Unconstrained build operations Thread 50" [_thread_blocked, id=32548, stack(0x0000004c76c00000,0x0000004c76d00000)]
  0x000001b3e5b87950 JavaThread "Unconstrained build operations Thread 51" [_thread_blocked, id=34716, stack(0x0000004c76d00000,0x0000004c76e00000)]
  0x000001b3e5b809f0 JavaThread "Unconstrained build operations Thread 52" [_thread_blocked, id=24872, stack(0x0000004c76e00000,0x0000004c76f00000)]
  0x000001b3e5b86510 JavaThread "Unconstrained build operations Thread 53" [_thread_blocked, id=36728, stack(0x0000004c76f00000,0x0000004c77000000)]
  0x000001b3e5b80f00 JavaThread "Unconstrained build operations Thread 54" [_thread_blocked, id=26300, stack(0x0000004c77000000,0x0000004c77100000)]
  0x000001b3e5b82340 JavaThread "Unconstrained build operations Thread 55" [_thread_blocked, id=32336, stack(0x0000004c77100000,0x0000004c77200000)]
  0x000001b3e5b82850 JavaThread "Unconstrained build operations Thread 56" [_thread_blocked, id=12472, stack(0x0000004c77200000,0x0000004c77300000)]
  0x000001b3e5b83780 JavaThread "Unconstrained build operations Thread 57" [_thread_blocked, id=3540, stack(0x0000004c77300000,0x0000004c77400000)]
  0x000001b3e5b83c90 JavaThread "Unconstrained build operations Thread 58" [_thread_blocked, id=23780, stack(0x0000004c77400000,0x0000004c77500000)]
  0x000001b3e5b850d0 JavaThread "Unconstrained build operations Thread 59" [_thread_blocked, id=27684, stack(0x0000004c77500000,0x0000004c77600000)]
  0x000001b3e5b846b0 JavaThread "Unconstrained build operations Thread 60" [_thread_blocked, id=19956, stack(0x0000004c77600000,0x0000004c77700000)]
  0x000001b3e8f4f9f0 JavaThread "Unconstrained build operations Thread 61" [_thread_blocked, id=25964, stack(0x0000004c77700000,0x0000004c77800000)]
  0x000001b3e8f50920 JavaThread "Unconstrained build operations Thread 62" [_thread_blocked, id=33296, stack(0x0000004c77800000,0x0000004c77900000)]
  0x000001b3e8f50410 JavaThread "Unconstrained build operations Thread 63" [_thread_blocked, id=36184, stack(0x0000004c77900000,0x0000004c77a00000)]
  0x000001b3e8f4ae00 JavaThread "Unconstrained build operations Thread 64" [_thread_blocked, id=2392, stack(0x0000004c77a00000,0x0000004c77b00000)]
  0x000001b3e8f50e30 JavaThread "Unconstrained build operations Thread 65" [_thread_blocked, id=36528, stack(0x0000004c77b00000,0x0000004c77c00000)]
  0x000001b3e8f4d680 JavaThread "Unconstrained build operations Thread 66" [_thread_blocked, id=32684, stack(0x0000004c77c00000,0x0000004c77d00000)]
  0x000001b3e8f4b820 JavaThread "Unconstrained build operations Thread 67" [_thread_blocked, id=32644, stack(0x0000004c77d00000,0x0000004c77e00000)]
  0x000001b3e8f4ff00 JavaThread "Unconstrained build operations Thread 68" [_thread_blocked, id=11640, stack(0x0000004c77e00000,0x0000004c77f00000)]
  0x000001b3e8f4bd30 JavaThread "Unconstrained build operations Thread 69" [_thread_blocked, id=13204, stack(0x0000004c77f00000,0x0000004c78000000)]
  0x000001b3e8f4c750 JavaThread "Unconstrained build operations Thread 70" [_thread_blocked, id=26740, stack(0x0000004c78000000,0x0000004c78100000)]
  0x000001b3e8f4e0a0 JavaThread "Unconstrained build operations Thread 71" [_thread_blocked, id=16292, stack(0x0000004c78100000,0x0000004c78200000)]
  0x000001b3e8f51850 JavaThread "Unconstrained build operations Thread 72" [_thread_blocked, id=35400, stack(0x0000004c78200000,0x0000004c78300000)]
  0x000001b3e8f51d60 JavaThread "Unconstrained build operations Thread 73" [_thread_blocked, id=26132, stack(0x0000004c78300000,0x0000004c78400000)]
  0x000001b3e8f4e5b0 JavaThread "Unconstrained build operations Thread 74" [_thread_blocked, id=34564, stack(0x0000004c78400000,0x0000004c78500000)]
  0x000001b3e8f4c240 JavaThread "Unconstrained build operations Thread 75" [_thread_blocked, id=31464, stack(0x0000004c78500000,0x0000004c78600000)]
  0x000001b3e8f4cc60 JavaThread "Unconstrained build operations Thread 76" [_thread_blocked, id=3376, stack(0x0000004c78600000,0x0000004c78700000)]
  0x000001b3e8f52270 JavaThread "Unconstrained build operations Thread 77" [_thread_blocked, id=35360, stack(0x0000004c78700000,0x0000004c78800000)]
  0x000001b3e8f4d170 JavaThread "Unconstrained build operations Thread 78" [_thread_blocked, id=19116, stack(0x0000004c78800000,0x0000004c78900000)]
  0x000001b3e8f4eac0 JavaThread "Unconstrained build operations Thread 79" [_thread_blocked, id=3648, stack(0x0000004c78900000,0x0000004c78a00000)]
  0x000001b3e8f4efd0 JavaThread "Unconstrained build operations Thread 80" [_thread_blocked, id=35492, stack(0x0000004c78a00000,0x0000004c78b00000)]
  0x000001b3e8f52780 JavaThread "Unconstrained build operations Thread 81" [_thread_blocked, id=32500, stack(0x0000004c78b00000,0x0000004c78c00000)]
  0x000001b3e8f4f4e0 JavaThread "Unconstrained build operations Thread 82" [_thread_blocked, id=5580, stack(0x0000004c78c00000,0x0000004c78d00000)]
  0x000001b3e5b51fa0 JavaThread "Unconstrained build operations Thread 83" [_thread_blocked, id=25876, stack(0x0000004c78d00000,0x0000004c78e00000)]
  0x000001b3e5b57fd0 JavaThread "Unconstrained build operations Thread 84" [_thread_blocked, id=11308, stack(0x0000004c78e00000,0x0000004c78f00000)]
  0x000001b3e5b584e0 JavaThread "Unconstrained build operations Thread 85" [_thread_blocked, id=3456, stack(0x0000004c78f00000,0x0000004c79000000)]
  0x000001b3e5b59410 JavaThread "Unconstrained build operations Thread 86" [_thread_blocked, id=4332, stack(0x0000004c79000000,0x0000004c79100000)]
  0x000001b3e5b56680 JavaThread "Unconstrained build operations Thread 87" [_thread_blocked, id=27404, stack(0x0000004c79100000,0x0000004c79200000)]
  0x000001b3e5b54310 JavaThread "Unconstrained build operations Thread 88" [_thread_blocked, id=35896, stack(0x0000004c79200000,0x0000004c79300000)]
  0x000001b3e5b589f0 JavaThread "Unconstrained build operations Thread 89" [_thread_blocked, id=33076, stack(0x0000004c79300000,0x0000004c79400000)]
  0x000001b3e5b58f00 JavaThread "Unconstrained build operations Thread 90" [_thread_blocked, id=32480, stack(0x0000004c79400000,0x0000004c79500000)]
  0x000001b3e5b59920 JavaThread "Unconstrained build operations Thread 91" [_thread_blocked, id=24692, stack(0x0000004c79500000,0x0000004c79600000)]
  0x000001b3e5b56170 JavaThread "Unconstrained build operations Thread 92" [_thread_blocked, id=26688, stack(0x0000004c79600000,0x0000004c79700000)]
  0x000001b3e5b54d30 JavaThread "Unconstrained build operations Thread 93" [_thread_blocked, id=32256, stack(0x0000004c79700000,0x0000004c79800000)]
  0x000001b3e5b54820 JavaThread "Unconstrained build operations Thread 94" [_thread_blocked, id=35264, stack(0x0000004c79800000,0x0000004c79900000)]
  0x000001b3e5b52ed0 JavaThread "Unconstrained build operations Thread 95" [_thread_blocked, id=13008, stack(0x0000004c79900000,0x0000004c79a00000)]
  0x000001b3e5b55c60 JavaThread "Unconstrained build operations Thread 96" [_thread_blocked, id=13984, stack(0x0000004c79a00000,0x0000004c79b00000)]
  0x000001b3e5b55750 JavaThread "Unconstrained build operations Thread 97" [_thread_blocked, id=4152, stack(0x0000004c79b00000,0x0000004c79c00000)]
  0x000001b3e5b524b0 JavaThread "Unconstrained build operations Thread 98" [_thread_blocked, id=31512, stack(0x0000004c79c00000,0x0000004c79d00000)]
  0x000001b3e5b53e00 JavaThread "Unconstrained build operations Thread 99" [_thread_blocked, id=31080, stack(0x0000004c79d00000,0x0000004c79e00000)]
  0x000001b3e5b529c0 JavaThread "Unconstrained build operations Thread 100" [_thread_blocked, id=26896, stack(0x0000004c79e00000,0x0000004c79f00000)]
  0x000001b3e5b55240 JavaThread "Unconstrained build operations Thread 101" [_thread_blocked, id=23740, stack(0x0000004c79f00000,0x0000004c7a000000)]
  0x000001b3e5b56b90 JavaThread "Unconstrained build operations Thread 102" [_thread_blocked, id=19964, stack(0x0000004c7a000000,0x0000004c7a100000)]
  0x000001b3e5b533e0 JavaThread "Unconstrained build operations Thread 103" [_thread_blocked, id=7144, stack(0x0000004c7a100000,0x0000004c7a200000)]
  0x000001b3e5b570a0 JavaThread "Unconstrained build operations Thread 104" [_thread_blocked, id=35168, stack(0x0000004c7a200000,0x0000004c7a300000)]
  0x000001b3e5b57ac0 JavaThread "Unconstrained build operations Thread 105" [_thread_blocked, id=28660, stack(0x0000004c7a300000,0x0000004c7a400000)]
  0x000001b3e5b575b0 JavaThread "Unconstrained build operations Thread 106" [_thread_blocked, id=24420, stack(0x0000004c7a400000,0x0000004c7a500000)]
  0x000001b3e4cfc710 JavaThread "Unconstrained build operations Thread 107" [_thread_blocked, id=12072, stack(0x0000004c7a500000,0x0000004c7a600000)]
  0x000001b3e4cff4a0 JavaThread "Unconstrained build operations Thread 108" [_thread_blocked, id=5748, stack(0x0000004c7a600000,0x0000004c7a700000)]
  0x000001b3e4d02c50 JavaThread "Unconstrained build operations Thread 109" [_thread_blocked, id=21420, stack(0x0000004c7a700000,0x0000004c7a800000)]
  0x000001b3e4d03670 JavaThread "Unconstrained build operations Thread 110" [_thread_blocked, id=22556, stack(0x0000004c7a800000,0x0000004c7a900000)]
  0x000001b3e4cfd130 JavaThread "Unconstrained build operations Thread 111" [_thread_blocked, id=17992, stack(0x0000004c7a900000,0x0000004c7aa00000)]
  0x000001b3e4cff9b0 JavaThread "Unconstrained build operations Thread 112" [_thread_blocked, id=1956, stack(0x0000004c7aa00000,0x0000004c7ab00000)]
  0x000001b3e4cffec0 JavaThread "Unconstrained build operations Thread 113" [_thread_blocked, id=30364, stack(0x0000004c7ab00000,0x0000004c7ac00000)]
  0x000001b3e4d03160 JavaThread "Unconstrained build operations Thread 114" [_thread_blocked, id=16812, stack(0x0000004c7ac00000,0x0000004c7ad00000)]
  0x000001b3e4d01810 JavaThread "Cache worker for Java compile cache (C:\Users\oo199\.gradle\caches\8.6\javaCompile)" [_thread_blocked, id=36140, stack(0x0000004c7ad00000,0x0000004c7ae00000)]

Other Threads:
  0x000001b3cadb2240 VMThread "VM Thread" [stack: 0x0000004c6fb00000,0x0000004c6fc00000] [id=17164]
  0x000001b3b008eca0 WatcherThread [stack: 0x0000004c70700000,0x0000004c70800000] [id=30296]
  0x000001b3b00746a0 GCTaskThread "GC Thread#0" [stack: 0x0000004c6f600000,0x0000004c6f700000] [id=33420]
  0x000001b3e4c78170 GCTaskThread "GC Thread#1" [stack: 0x0000004c70900000,0x0000004c70a00000] [id=7452]
  0x000001b3e50b2540 GCTaskThread "GC Thread#2" [stack: 0x0000004c70a00000,0x0000004c70b00000] [id=5388]
  0x000001b3e52869e0 GCTaskThread "GC Thread#3" [stack: 0x0000004c70b00000,0x0000004c70c00000] [id=12840]
  0x000001b3e5286ca0 GCTaskThread "GC Thread#4" [stack: 0x0000004c70c00000,0x0000004c70d00000] [id=11496]
  0x000001b3e4ea8170 GCTaskThread "GC Thread#5" [stack: 0x0000004c70d00000,0x0000004c70e00000] [id=4004]
  0x000001b3e6ab4bf0 GCTaskThread "GC Thread#6" [stack: 0x0000004c71d00000,0x0000004c71e00000] [id=22492]
  0x000001b3e6ab43b0 GCTaskThread "GC Thread#7" [stack: 0x0000004c71e00000,0x0000004c71f00000] [id=30852]
  0x000001b3e6ab35f0 GCTaskThread "GC Thread#8" [stack: 0x0000004c71f00000,0x0000004c72000000] [id=26964]
  0x000001b3e6ab3b70 GCTaskThread "GC Thread#9" [stack: 0x0000004c72000000,0x0000004c72100000] [id=18340]
  0x000001b3b00794f0 ConcurrentGCThread "G1 Main Marker" [stack: 0x0000004c6f700000,0x0000004c6f800000] [id=10800]
  0x000001b3b0079e00 ConcurrentGCThread "G1 Conc#0" [stack: 0x0000004c6f800000,0x0000004c6f900000] [id=25504]
  0x000001b3e6ab3e30 ConcurrentGCThread "G1 Conc#1" [stack: 0x0000004c72100000,0x0000004c72200000] [id=27216]
  0x000001b3e6ab4930 ConcurrentGCThread "G1 Conc#2" [stack: 0x0000004c72200000,0x0000004c72300000] [id=12156]
  0x000001b3b010d710 ConcurrentGCThread "G1 Refine#0" [stack: 0x0000004c6f900000,0x0000004c6fa00000] [id=10644]
  0x000001b3b010e040 ConcurrentGCThread "G1 Service" [stack: 0x0000004c6fa00000,0x0000004c6fb00000] [id=35712]

Threads with active compile tasks:
C2 CompilerThread1    16148 8065   !   4       io.spring.gradle.dependencymanagement.org.codehaus.plexus.interpolation.StringSearchInterpolator::interpolate (668 bytes)

VM state: not at safepoint (normal execution)

VM Mutex/Monitor currently owned by a thread: None

Heap address: 0x00000000e0000000, size: 512 MB, Compressed Oops mode: 32-bit

CDS archive(s) mapped at: [0x000001b3cb000000-0x000001b3cbbd0000-0x000001b3cbbd0000), size 12386304, SharedBaseAddress: 0x000001b3cb000000, ArchiveRelocationMode: 1.
Compressed class space mapped at: 0x000001b3cc000000-0x000001b3e0000000, reserved size: 335544320
Narrow klass base: 0x000001b3cb000000, Narrow klass shift: 0, Narrow klass range: 0x100000000

GC Precious Log:
 CPUs: 12 total, 12 available
 Memory: 7597M
 Large Page Support: Disabled
 NUMA Support: Disabled
 Compressed Oops: Enabled (32-bit)
 Heap Region Size: 1M
 Heap Min Capacity: 256M
 Heap Initial Capacity: 256M
 Heap Max Capacity: 512M
 Pre-touch: Disabled
 Parallel Workers: 10
 Concurrent Workers: 3
 Concurrent Refinement Workers: 10
 Periodic GC: Disabled

Heap:
 garbage-first heap   total 262144K, used 173414K [0x00000000e0000000, 0x0000000100000000)
  region size 1024K, 150 young (153600K), 18 survivors (18432K)
 Metaspace       used 55563K, committed 56064K, reserved 393216K
  class space    used 7947K, committed 8192K, reserved 327680K

Heap Regions: E=young(eden), S=young(survivor), O=old, HS=humongous(starts), HC=humongous(continues), CS=collection set, F=free, OA=open archive, CA=closed archive, TAMS=top-at-mark-start (previous, next)
|   0|0x00000000e0000000, 0x00000000e0100000, 0x00000000e0100000|100%|HS|  |TAMS 0x00000000e0100000, 0x00000000e0000000| Complete 
|   1|0x00000000e0100000, 0x00000000e0200000, 0x00000000e0200000|100%|HC|  |TAMS 0x00000000e0200000, 0x00000000e0100000| Complete 
|   2|0x00000000e0200000, 0x00000000e0300000, 0x00000000e0300000|100%|HC|  |TAMS 0x00000000e0300000, 0x00000000e0200000| Complete 
|   3|0x00000000e0300000, 0x00000000e0400000, 0x00000000e0400000|100%|HC|  |TAMS 0x00000000e0400000, 0x00000000e0300000| Complete 
|   4|0x00000000e0400000, 0x00000000e0500000, 0x00000000e0500000|100%| O|  |TAMS 0x00000000e0500000, 0x00000000e0400000| Untracked 
|   5|0x00000000e0500000, 0x00000000e0600000, 0x00000000e0600000|100%| O|  |TAMS 0x00000000e0600000, 0x00000000e0500000| Untracked 
|   6|0x00000000e0600000, 0x00000000e0700000, 0x00000000e0700000|100%| O|  |TAMS 0x00000000e0700000, 0x00000000e0600000| Untracked 
|   7|0x00000000e0700000, 0x00000000e0800000, 0x00000000e0800000|100%| O|  |TAMS 0x00000000e0800000, 0x00000000e0700000| Untracked 
|   8|0x00000000e0800000, 0x00000000e0900000, 0x00000000e0900000|100%| O|  |TAMS 0x00000000e0900000, 0x00000000e0800000| Untracked 
|   9|0x00000000e0900000, 0x00000000e0a00000, 0x00000000e0a00000|100%| O|  |TAMS 0x00000000e0a00000, 0x00000000e0900000| Untracked 
|  10|0x00000000e0a00000, 0x00000000e0b00000, 0x00000000e0b00000|100%| O|  |TAMS 0x00000000e0aa2000, 0x00000000e0a00000| Untracked 
|  11|0x00000000e0b00000, 0x00000000e0b00000, 0x00000000e0c00000|  0%| F|  |TAMS 0x00000000e0b00000, 0x00000000e0b00000| Untracked 
|  12|0x00000000e0c00000, 0x00000000e0c00000, 0x00000000e0d00000|  0%| F|  |TAMS 0x00000000e0c00000, 0x00000000e0c00000| Untracked 
|  13|0x00000000e0d00000, 0x00000000e0e00000, 0x00000000e0e00000|100%| O|  |TAMS 0x00000000e0d00000, 0x00000000e0d00000| Untracked 
|  14|0x00000000e0e00000, 0x00000000e0f00000, 0x00000000e0f00000|100%| O|  |TAMS 0x00000000e0e00000, 0x00000000e0e00000| Untracked 
|  15|0x00000000e0f00000, 0x00000000e1000000, 0x00000000e1000000|100%| O|  |TAMS 0x00000000e0f00000, 0x00000000e0f00000| Untracked 
|  16|0x00000000e1000000, 0x00000000e1100000, 0x00000000e1100000|100%| O|  |TAMS 0x00000000e1000000, 0x00000000e1000000| Untracked 
|  17|0x00000000e1100000, 0x00000000e1200000, 0x00000000e1200000|100%| O|  |TAMS 0x00000000e1100000, 0x00000000e1100000| Untracked 
|  18|0x00000000e1200000, 0x00000000e1300000, 0x00000000e1300000|100%| O|  |TAMS 0x00000000e1200000, 0x00000000e1200000| Untracked 
|  19|0x00000000e1300000, 0x00000000e1400000, 0x00000000e1400000|100%| O|  |TAMS 0x00000000e1300000, 0x00000000e1300000| Untracked 
|  20|0x00000000e1400000, 0x00000000e1500000, 0x00000000e1500000|100%| O|  |TAMS 0x00000000e1400000, 0x00000000e1400000| Untracked 
|  21|0x00000000e1500000, 0x00000000e1600000, 0x00000000e1600000|100%| O|  |TAMS 0x00000000e1500000, 0x00000000e1500000| Untracked 
|  22|0x00000000e1600000, 0x00000000e1700000, 0x00000000e1700000|100%| O|  |TAMS 0x00000000e1600000, 0x00000000e1600000| Untracked 
|  23|0x00000000e1700000, 0x00000000e17cb600, 0x00000000e1800000| 79%| O|  |TAMS 0x00000000e1700000, 0x00000000e1700000| Untracked 
|  24|0x00000000e1800000, 0x00000000e1800000, 0x00000000e1900000|  0%| F|  |TAMS 0x00000000e1800000, 0x00000000e1800000| Untracked 
|  25|0x00000000e1900000, 0x00000000e1900000, 0x00000000e1a00000|  0%| F|  |TAMS 0x00000000e1900000, 0x00000000e1900000| Untracked 
|  26|0x00000000e1a00000, 0x00000000e1a00000, 0x00000000e1b00000|  0%| F|  |TAMS 0x00000000e1a00000, 0x00000000e1a00000| Untracked 
|  27|0x00000000e1b00000, 0x00000000e1b00000, 0x00000000e1c00000|  0%| F|  |TAMS 0x00000000e1b00000, 0x00000000e1b00000| Untracked 
|  28|0x00000000e1c00000, 0x00000000e1c00000, 0x00000000e1d00000|  0%| F|  |TAMS 0x00000000e1c00000, 0x00000000e1c00000| Untracked 
|  29|0x00000000e1d00000, 0x00000000e1d00000, 0x00000000e1e00000|  0%| F|  |TAMS 0x00000000e1d00000, 0x00000000e1d00000| Untracked 
|  30|0x00000000e1e00000, 0x00000000e1e00000, 0x00000000e1f00000|  0%| F|  |TAMS 0x00000000e1e00000, 0x00000000e1e00000| Untracked 
|  31|0x00000000e1f00000, 0x00000000e1f00000, 0x00000000e2000000|  0%| F|  |TAMS 0x00000000e1f00000, 0x00000000e1f00000| Untracked 
|  32|0x00000000e2000000, 0x00000000e2000000, 0x00000000e2100000|  0%| F|  |TAMS 0x00000000e2000000, 0x00000000e2000000| Untracked 
|  33|0x00000000e2100000, 0x00000000e2100000, 0x00000000e2200000|  0%| F|  |TAMS 0x00000000e2100000, 0x00000000e2100000| Untracked 
|  34|0x00000000e2200000, 0x00000000e2200000, 0x00000000e2300000|  0%| F|  |TAMS 0x00000000e2200000, 0x00000000e2200000| Untracked 
|  35|0x00000000e2300000, 0x00000000e2300000, 0x00000000e2400000|  0%| F|  |TAMS 0x00000000e2300000, 0x00000000e2300000| Untracked 
|  36|0x00000000e2400000, 0x00000000e2400000, 0x00000000e2500000|  0%| F|  |TAMS 0x00000000e2400000, 0x00000000e2400000| Untracked 
|  37|0x00000000e2500000, 0x00000000e2500000, 0x00000000e2600000|  0%| F|  |TAMS 0x00000000e2500000, 0x00000000e2500000| Untracked 
|  38|0x00000000e2600000, 0x00000000e2600000, 0x00000000e2700000|  0%| F|  |TAMS 0x00000000e2600000, 0x00000000e2600000| Untracked 
|  39|0x00000000e2700000, 0x00000000e2700000, 0x00000000e2800000|  0%| F|  |TAMS 0x00000000e2700000, 0x00000000e2700000| Untracked 
|  40|0x00000000e2800000, 0x00000000e2800000, 0x00000000e2900000|  0%| F|  |TAMS 0x00000000e2800000, 0x00000000e2800000| Untracked 
|  41|0x00000000e2900000, 0x00000000e2900000, 0x00000000e2a00000|  0%| F|  |TAMS 0x00000000e2900000, 0x00000000e2900000| Untracked 
|  42|0x00000000e2a00000, 0x00000000e2a00000, 0x00000000e2b00000|  0%| F|  |TAMS 0x00000000e2a00000, 0x00000000e2a00000| Untracked 
|  43|0x00000000e2b00000, 0x00000000e2b00000, 0x00000000e2c00000|  0%| F|  |TAMS 0x00000000e2b00000, 0x00000000e2b00000| Untracked 
|  44|0x00000000e2c00000, 0x00000000e2c00000, 0x00000000e2d00000|  0%| F|  |TAMS 0x00000000e2c00000, 0x00000000e2c00000| Untracked 
|  45|0x00000000e2d00000, 0x00000000e2d00000, 0x00000000e2e00000|  0%| F|  |TAMS 0x00000000e2d00000, 0x00000000e2d00000| Untracked 
|  46|0x00000000e2e00000, 0x00000000e2e00000, 0x00000000e2f00000|  0%| F|  |TAMS 0x00000000e2e00000, 0x00000000e2e00000| Untracked 
|  47|0x00000000e2f00000, 0x00000000e2f00000, 0x00000000e3000000|  0%| F|  |TAMS 0x00000000e2f00000, 0x00000000e2f00000| Untracked 
|  48|0x00000000e3000000, 0x00000000e3000000, 0x00000000e3100000|  0%| F|  |TAMS 0x00000000e3000000, 0x00000000e3000000| Untracked 
|  49|0x00000000e3100000, 0x00000000e3100000, 0x00000000e3200000|  0%| F|  |TAMS 0x00000000e3100000, 0x00000000e3100000| Untracked 
|  50|0x00000000e3200000, 0x00000000e3200000, 0x00000000e3300000|  0%| F|  |TAMS 0x00000000e3200000, 0x00000000e3200000| Untracked 
|  51|0x00000000e3300000, 0x00000000e3300000, 0x00000000e3400000|  0%| F|  |TAMS 0x00000000e3300000, 0x00000000e3300000| Untracked 
|  52|0x00000000e3400000, 0x00000000e3400000, 0x00000000e3500000|  0%| F|  |TAMS 0x00000000e3400000, 0x00000000e3400000| Untracked 
|  53|0x00000000e3500000, 0x00000000e3500000, 0x00000000e3600000|  0%| F|  |TAMS 0x00000000e3500000, 0x00000000e3500000| Untracked 
|  54|0x00000000e3600000, 0x00000000e3600000, 0x00000000e3700000|  0%| F|  |TAMS 0x00000000e3600000, 0x00000000e3600000| Untracked 
|  55|0x00000000e3700000, 0x00000000e3700000, 0x00000000e3800000|  0%| F|  |TAMS 0x00000000e3700000, 0x00000000e3700000| Untracked 
|  56|0x00000000e3800000, 0x00000000e3800000, 0x00000000e3900000|  0%| F|  |TAMS 0x00000000e3800000, 0x00000000e3800000| Untracked 
|  57|0x00000000e3900000, 0x00000000e3900000, 0x00000000e3a00000|  0%| F|  |TAMS 0x00000000e3900000, 0x00000000e3900000| Untracked 
|  58|0x00000000e3a00000, 0x00000000e3a00000, 0x00000000e3b00000|  0%| F|  |TAMS 0x00000000e3a00000, 0x00000000e3a00000| Untracked 
|  59|0x00000000e3b00000, 0x00000000e3b00000, 0x00000000e3c00000|  0%| F|  |TAMS 0x00000000e3b00000, 0x00000000e3b00000| Untracked 
|  60|0x00000000e3c00000, 0x00000000e3c00000, 0x00000000e3d00000|  0%| F|  |TAMS 0x00000000e3c00000, 0x00000000e3c00000| Untracked 
|  61|0x00000000e3d00000, 0x00000000e3d00000, 0x00000000e3e00000|  0%| F|  |TAMS 0x00000000e3d00000, 0x00000000e3d00000| Untracked 
|  62|0x00000000e3e00000, 0x00000000e3e00000, 0x00000000e3f00000|  0%| F|  |TAMS 0x00000000e3e00000, 0x00000000e3e00000| Untracked 
|  63|0x00000000e3f00000, 0x00000000e3f00000, 0x00000000e4000000|  0%| F|  |TAMS 0x00000000e3f00000, 0x00000000e3f00000| Untracked 
|  64|0x00000000e4000000, 0x00000000e4000000, 0x00000000e4100000|  0%| F|  |TAMS 0x00000000e4000000, 0x00000000e4000000| Untracked 
|  65|0x00000000e4100000, 0x00000000e4100000, 0x00000000e4200000|  0%| F|  |TAMS 0x00000000e4100000, 0x00000000e4100000| Untracked 
|  66|0x00000000e4200000, 0x00000000e4200000, 0x00000000e4300000|  0%| F|  |TAMS 0x00000000e4200000, 0x00000000e4200000| Untracked 
|  67|0x00000000e4300000, 0x00000000e4300000, 0x00000000e4400000|  0%| F|  |TAMS 0x00000000e4300000, 0x00000000e4300000| Untracked 
|  68|0x00000000e4400000, 0x00000000e4400000, 0x00000000e4500000|  0%| F|  |TAMS 0x00000000e4400000, 0x00000000e4400000| Untracked 
|  69|0x00000000e4500000, 0x00000000e4500000, 0x00000000e4600000|  0%| F|  |TAMS 0x00000000e4500000, 0x00000000e4500000| Untracked 
|  70|0x00000000e4600000, 0x00000000e4600000, 0x00000000e4700000|  0%| F|  |TAMS 0x00000000e4600000, 0x00000000e4600000| Untracked 
|  71|0x00000000e4700000, 0x00000000e4700000, 0x00000000e4800000|  0%| F|  |TAMS 0x00000000e4700000, 0x00000000e4700000| Untracked 
|  72|0x00000000e4800000, 0x00000000e4800000, 0x00000000e4900000|  0%| F|  |TAMS 0x00000000e4800000, 0x00000000e4800000| Untracked 
|  73|0x00000000e4900000, 0x00000000e4900000, 0x00000000e4a00000|  0%| F|  |TAMS 0x00000000e4900000, 0x00000000e4900000| Untracked 
|  74|0x00000000e4a00000, 0x00000000e4a00000, 0x00000000e4b00000|  0%| F|  |TAMS 0x00000000e4a00000, 0x00000000e4a00000| Untracked 
|  75|0x00000000e4b00000, 0x00000000e4b00000, 0x00000000e4c00000|  0%| F|  |TAMS 0x00000000e4b00000, 0x00000000e4b00000| Untracked 
|  76|0x00000000e4c00000, 0x00000000e4c00000, 0x00000000e4d00000|  0%| F|  |TAMS 0x00000000e4c00000, 0x00000000e4c00000| Untracked 
|  77|0x00000000e4d00000, 0x00000000e4d00000, 0x00000000e4e00000|  0%| F|  |TAMS 0x00000000e4d00000, 0x00000000e4d00000| Untracked 
|  78|0x00000000e4e00000, 0x00000000e4e00000, 0x00000000e4f00000|  0%| F|  |TAMS 0x00000000e4e00000, 0x00000000e4e00000| Untracked 
|  79|0x00000000e4f00000, 0x00000000e4f00000, 0x00000000e5000000|  0%| F|  |TAMS 0x00000000e4f00000, 0x00000000e4f00000| Untracked 
|  80|0x00000000e5000000, 0x00000000e5000000, 0x00000000e5100000|  0%| F|  |TAMS 0x00000000e5000000, 0x00000000e5000000| Untracked 
|  81|0x00000000e5100000, 0x00000000e5100000, 0x00000000e5200000|  0%| F|  |TAMS 0x00000000e5100000, 0x00000000e5100000| Untracked 
|  82|0x00000000e5200000, 0x00000000e5200000, 0x00000000e5300000|  0%| F|  |TAMS 0x00000000e5200000, 0x00000000e5200000| Untracked 
|  83|0x00000000e5300000, 0x00000000e5300000, 0x00000000e5400000|  0%| F|  |TAMS 0x00000000e5300000, 0x00000000e5300000| Untracked 
|  84|0x00000000e5400000, 0x00000000e5400000, 0x00000000e5500000|  0%| F|  |TAMS 0x00000000e5400000, 0x00000000e5400000| Untracked 
|  85|0x00000000e5500000, 0x00000000e558e260, 0x00000000e5600000| 55%| S|CS|TAMS 0x00000000e5500000, 0x00000000e5500000| Complete 
|  86|0x00000000e5600000, 0x00000000e5700000, 0x00000000e5700000|100%| S|CS|TAMS 0x00000000e5600000, 0x00000000e5600000| Complete 
|  87|0x00000000e5700000, 0x00000000e5800000, 0x00000000e5800000|100%| S|CS|TAMS 0x00000000e5700000, 0x00000000e5700000| Complete 
|  88|0x00000000e5800000, 0x00000000e5900000, 0x00000000e5900000|100%| S|CS|TAMS 0x00000000e5800000, 0x00000000e5800000| Complete 
|  89|0x00000000e5900000, 0x00000000e5a00000, 0x00000000e5a00000|100%| S|CS|TAMS 0x00000000e5900000, 0x00000000e5900000| Complete 
|  90|0x00000000e5a00000, 0x00000000e5b00000, 0x00000000e5b00000|100%| S|CS|TAMS 0x00000000e5a00000, 0x00000000e5a00000| Complete 
|  91|0x00000000e5b00000, 0x00000000e5c00000, 0x00000000e5c00000|100%| S|CS|TAMS 0x00000000e5b00000, 0x00000000e5b00000| Complete 
|  92|0x00000000e5c00000, 0x00000000e5d00000, 0x00000000e5d00000|100%| S|CS|TAMS 0x00000000e5c00000, 0x00000000e5c00000| Complete 
|  93|0x00000000e5d00000, 0x00000000e5e00000, 0x00000000e5e00000|100%| S|CS|TAMS 0x00000000e5d00000, 0x00000000e5d00000| Complete 
|  94|0x00000000e5e00000, 0x00000000e5f00000, 0x00000000e5f00000|100%| S|CS|TAMS 0x00000000e5e00000, 0x00000000e5e00000| Complete 
|  95|0x00000000e5f00000, 0x00000000e6000000, 0x00000000e6000000|100%| S|CS|TAMS 0x00000000e5f00000, 0x00000000e5f00000| Complete 
|  96|0x00000000e6000000, 0x00000000e6100000, 0x00000000e6100000|100%| S|CS|TAMS 0x00000000e6000000, 0x00000000e6000000| Complete 
|  97|0x00000000e6100000, 0x00000000e6200000, 0x00000000e6200000|100%| S|CS|TAMS 0x00000000e6100000, 0x00000000e6100000| Complete 
|  98|0x00000000e6200000, 0x00000000e6300000, 0x00000000e6300000|100%| S|CS|TAMS 0x00000000e6200000, 0x00000000e6200000| Complete 
|  99|0x00000000e6300000, 0x00000000e6400000, 0x00000000e6400000|100%| S|CS|TAMS 0x00000000e6300000, 0x00000000e6300000| Complete 
| 100|0x00000000e6400000, 0x00000000e6500000, 0x00000000e6500000|100%| S|CS|TAMS 0x00000000e6400000, 0x00000000e6400000| Complete 
| 101|0x00000000e6500000, 0x00000000e6600000, 0x00000000e6600000|100%| S|CS|TAMS 0x00000000e6500000, 0x00000000e6500000| Complete 
| 102|0x00000000e6600000, 0x00000000e6700000, 0x00000000e6700000|100%| S|CS|TAMS 0x00000000e6600000, 0x00000000e6600000| Complete 
| 103|0x00000000e6700000, 0x00000000e6700000, 0x00000000e6800000|  0%| F|  |TAMS 0x00000000e6700000, 0x00000000e6700000| Untracked 
| 104|0x00000000e6800000, 0x00000000e6800000, 0x00000000e6900000|  0%| F|  |TAMS 0x00000000e6800000, 0x00000000e6800000| Untracked 
| 105|0x00000000e6900000, 0x00000000e6900000, 0x00000000e6a00000|  0%| F|  |TAMS 0x00000000e6900000, 0x00000000e6900000| Untracked 
| 106|0x00000000e6a00000, 0x00000000e6a00000, 0x00000000e6b00000|  0%| F|  |TAMS 0x00000000e6a00000, 0x00000000e6a00000| Untracked 
| 107|0x00000000e6b00000, 0x00000000e6b00000, 0x00000000e6c00000|  0%| F|  |TAMS 0x00000000e6b00000, 0x00000000e6b00000| Untracked 
| 108|0x00000000e6c00000, 0x00000000e6c00000, 0x00000000e6d00000|  0%| F|  |TAMS 0x00000000e6c00000, 0x00000000e6c00000| Untracked 
| 109|0x00000000e6d00000, 0x00000000e6d00000, 0x00000000e6e00000|  0%| F|  |TAMS 0x00000000e6d00000, 0x00000000e6d00000| Untracked 
| 110|0x00000000e6e00000, 0x00000000e6e00000, 0x00000000e6f00000|  0%| F|  |TAMS 0x00000000e6e00000, 0x00000000e6e00000| Untracked 
| 111|0x00000000e6f00000, 0x00000000e6f00000, 0x00000000e7000000|  0%| F|  |TAMS 0x00000000e6f00000, 0x00000000e6f00000| Untracked 
| 112|0x00000000e7000000, 0x00000000e7000000, 0x00000000e7100000|  0%| F|  |TAMS 0x00000000e7000000, 0x00000000e7000000| Untracked 
| 113|0x00000000e7100000, 0x00000000e7100000, 0x00000000e7200000|  0%| F|  |TAMS 0x00000000e7100000, 0x00000000e7100000| Untracked 
| 114|0x00000000e7200000, 0x00000000e7200000, 0x00000000e7300000|  0%| F|  |TAMS 0x00000000e7200000, 0x00000000e7200000| Untracked 
| 115|0x00000000e7300000, 0x00000000e7300000, 0x00000000e7400000|  0%| F|  |TAMS 0x00000000e7300000, 0x00000000e7300000| Untracked 
| 116|0x00000000e7400000, 0x00000000e7400000, 0x00000000e7500000|  0%| F|  |TAMS 0x00000000e7400000, 0x00000000e7400000| Untracked 
| 117|0x00000000e7500000, 0x00000000e7500000, 0x00000000e7600000|  0%| F|  |TAMS 0x00000000e7500000, 0x00000000e7500000| Untracked 
| 118|0x00000000e7600000, 0x00000000e7600000, 0x00000000e7700000|  0%| F|  |TAMS 0x00000000e7600000, 0x00000000e7600000| Untracked 
| 119|0x00000000e7700000, 0x00000000e7700000, 0x00000000e7800000|  0%| F|  |TAMS 0x00000000e7700000, 0x00000000e7700000| Untracked 
| 120|0x00000000e7800000, 0x00000000e7800000, 0x00000000e7900000|  0%| F|  |TAMS 0x00000000e7800000, 0x00000000e7800000| Untracked 
| 121|0x00000000e7900000, 0x00000000e7900000, 0x00000000e7a00000|  0%| F|  |TAMS 0x00000000e7900000, 0x00000000e7900000| Untracked 
| 122|0x00000000e7a00000, 0x00000000e7a00000, 0x00000000e7b00000|  0%| F|  |TAMS 0x00000000e7a00000, 0x00000000e7a00000| Untracked 
| 123|0x00000000e7b00000, 0x00000000e7ba1070, 0x00000000e7c00000| 62%| E|  |TAMS 0x00000000e7b00000, 0x00000000e7b00000| Complete 
| 124|0x00000000e7c00000, 0x00000000e7d00000, 0x00000000e7d00000|100%| E|CS|TAMS 0x00000000e7c00000, 0x00000000e7c00000| Complete 
| 125|0x00000000e7d00000, 0x00000000e7e00000, 0x00000000e7e00000|100%| E|CS|TAMS 0x00000000e7d00000, 0x00000000e7d00000| Complete 
| 126|0x00000000e7e00000, 0x00000000e7f00000, 0x00000000e7f00000|100%| E|CS|TAMS 0x00000000e7e00000, 0x00000000e7e00000| Complete 
| 127|0x00000000e7f00000, 0x00000000e8000000, 0x00000000e8000000|100%| E|CS|TAMS 0x00000000e7f00000, 0x00000000e7f00000| Complete 
| 128|0x00000000e8000000, 0x00000000e8100000, 0x00000000e8100000|100%| E|CS|TAMS 0x00000000e8000000, 0x00000000e8000000| Complete 
| 129|0x00000000e8100000, 0x00000000e8200000, 0x00000000e8200000|100%| E|CS|TAMS 0x00000000e8100000, 0x00000000e8100000| Complete 
| 130|0x00000000e8200000, 0x00000000e8300000, 0x00000000e8300000|100%| E|CS|TAMS 0x00000000e8200000, 0x00000000e8200000| Complete 
| 131|0x00000000e8300000, 0x00000000e8400000, 0x00000000e8400000|100%| E|CS|TAMS 0x00000000e8300000, 0x00000000e8300000| Complete 
| 132|0x00000000e8400000, 0x00000000e8500000, 0x00000000e8500000|100%| E|CS|TAMS 0x00000000e8400000, 0x00000000e8400000| Complete 
| 133|0x00000000e8500000, 0x00000000e8600000, 0x00000000e8600000|100%| E|CS|TAMS 0x00000000e8500000, 0x00000000e8500000| Complete 
| 134|0x00000000e8600000, 0x00000000e8700000, 0x00000000e8700000|100%| E|CS|TAMS 0x00000000e8600000, 0x00000000e8600000| Complete 
| 135|0x00000000e8700000, 0x00000000e8800000, 0x00000000e8800000|100%| E|CS|TAMS 0x00000000e8700000, 0x00000000e8700000| Complete 
| 136|0x00000000e8800000, 0x00000000e8900000, 0x00000000e8900000|100%| E|CS|TAMS 0x00000000e8800000, 0x00000000e8800000| Complete 
| 137|0x00000000e8900000, 0x00000000e8a00000, 0x00000000e8a00000|100%| E|CS|TAMS 0x00000000e8900000, 0x00000000e8900000| Complete 
| 138|0x00000000e8a00000, 0x00000000e8b00000, 0x00000000e8b00000|100%| E|CS|TAMS 0x00000000e8a00000, 0x00000000e8a00000| Complete 
| 139|0x00000000e8b00000, 0x00000000e8c00000, 0x00000000e8c00000|100%| E|CS|TAMS 0x00000000e8b00000, 0x00000000e8b00000| Complete 
| 140|0x00000000e8c00000, 0x00000000e8d00000, 0x00000000e8d00000|100%| E|CS|TAMS 0x00000000e8c00000, 0x00000000e8c00000| Complete 
| 141|0x00000000e8d00000, 0x00000000e8e00000, 0x00000000e8e00000|100%| E|CS|TAMS 0x00000000e8d00000, 0x00000000e8d00000| Complete 
| 142|0x00000000e8e00000, 0x00000000e8f00000, 0x00000000e8f00000|100%| E|CS|TAMS 0x00000000e8e00000, 0x00000000e8e00000| Complete 
| 143|0x00000000e8f00000, 0x00000000e9000000, 0x00000000e9000000|100%| E|CS|TAMS 0x00000000e8f00000, 0x00000000e8f00000| Complete 
| 144|0x00000000e9000000, 0x00000000e9100000, 0x00000000e9100000|100%| E|CS|TAMS 0x00000000e9000000, 0x00000000e9000000| Complete 
| 145|0x00000000e9100000, 0x00000000e9200000, 0x00000000e9200000|100%| E|CS|TAMS 0x00000000e9100000, 0x00000000e9100000| Complete 
| 146|0x00000000e9200000, 0x00000000e9300000, 0x00000000e9300000|100%| E|CS|TAMS 0x00000000e9200000, 0x00000000e9200000| Complete 
| 147|0x00000000e9300000, 0x00000000e9400000, 0x00000000e9400000|100%| E|CS|TAMS 0x00000000e9300000, 0x00000000e9300000| Complete 
| 148|0x00000000e9400000, 0x00000000e9500000, 0x00000000e9500000|100%| E|CS|TAMS 0x00000000e9400000, 0x00000000e9400000| Complete 
| 149|0x00000000e9500000, 0x00000000e9600000, 0x00000000e9600000|100%| E|CS|TAMS 0x00000000e9500000, 0x00000000e9500000| Complete 
| 150|0x00000000e9600000, 0x00000000e9700000, 0x00000000e9700000|100%| E|CS|TAMS 0x00000000e9600000, 0x00000000e9600000| Complete 
| 151|0x00000000e9700000, 0x00000000e9800000, 0x00000000e9800000|100%| E|CS|TAMS 0x00000000e9700000, 0x00000000e9700000| Complete 
| 152|0x00000000e9800000, 0x00000000e9900000, 0x00000000e9900000|100%| E|CS|TAMS 0x00000000e9800000, 0x00000000e9800000| Complete 
| 153|0x00000000e9900000, 0x00000000e9a00000, 0x00000000e9a00000|100%| E|CS|TAMS 0x00000000e9900000, 0x00000000e9900000| Complete 
| 154|0x00000000e9a00000, 0x00000000e9b00000, 0x00000000e9b00000|100%| E|CS|TAMS 0x00000000e9a00000, 0x00000000e9a00000| Complete 
| 155|0x00000000e9b00000, 0x00000000e9c00000, 0x00000000e9c00000|100%| E|CS|TAMS 0x00000000e9b00000, 0x00000000e9b00000| Complete 
| 156|0x00000000e9c00000, 0x00000000e9d00000, 0x00000000e9d00000|100%| E|CS|TAMS 0x00000000e9c00000, 0x00000000e9c00000| Complete 
| 157|0x00000000e9d00000, 0x00000000e9e00000, 0x00000000e9e00000|100%| E|CS|TAMS 0x00000000e9d00000, 0x00000000e9d00000| Complete 
| 158|0x00000000e9e00000, 0x00000000e9f00000, 0x00000000e9f00000|100%| E|CS|TAMS 0x00000000e9e00000, 0x00000000e9e00000| Complete 
| 159|0x00000000e9f00000, 0x00000000ea000000, 0x00000000ea000000|100%| E|CS|TAMS 0x00000000e9f00000, 0x00000000e9f00000| Complete 
| 160|0x00000000ea000000, 0x00000000ea100000, 0x00000000ea100000|100%| E|CS|TAMS 0x00000000ea000000, 0x00000000ea000000| Complete 
| 161|0x00000000ea100000, 0x00000000ea200000, 0x00000000ea200000|100%| E|CS|TAMS 0x00000000ea100000, 0x00000000ea100000| Complete 
| 162|0x00000000ea200000, 0x00000000ea300000, 0x00000000ea300000|100%| E|CS|TAMS 0x00000000ea200000, 0x00000000ea200000| Complete 
| 163|0x00000000ea300000, 0x00000000ea400000, 0x00000000ea400000|100%| E|CS|TAMS 0x00000000ea300000, 0x00000000ea300000| Complete 
| 164|0x00000000ea400000, 0x00000000ea500000, 0x00000000ea500000|100%| E|CS|TAMS 0x00000000ea400000, 0x00000000ea400000| Complete 
| 165|0x00000000ea500000, 0x00000000ea600000, 0x00000000ea600000|100%| E|CS|TAMS 0x00000000ea500000, 0x00000000ea500000| Complete 
| 166|0x00000000ea600000, 0x00000000ea700000, 0x00000000ea700000|100%| E|CS|TAMS 0x00000000ea600000, 0x00000000ea600000| Complete 
| 167|0x00000000ea700000, 0x00000000ea800000, 0x00000000ea800000|100%| E|CS|TAMS 0x00000000ea700000, 0x00000000ea700000| Complete 
| 168|0x00000000ea800000, 0x00000000ea900000, 0x00000000ea900000|100%| E|CS|TAMS 0x00000000ea800000, 0x00000000ea800000| Complete 
| 169|0x00000000ea900000, 0x00000000eaa00000, 0x00000000eaa00000|100%| E|CS|TAMS 0x00000000ea900000, 0x00000000ea900000| Complete 
| 170|0x00000000eaa00000, 0x00000000eab00000, 0x00000000eab00000|100%| E|CS|TAMS 0x00000000eaa00000, 0x00000000eaa00000| Complete 
| 171|0x00000000eab00000, 0x00000000eac00000, 0x00000000eac00000|100%| E|CS|TAMS 0x00000000eab00000, 0x00000000eab00000| Complete 
| 172|0x00000000eac00000, 0x00000000ead00000, 0x00000000ead00000|100%| E|CS|TAMS 0x00000000eac00000, 0x00000000eac00000| Complete 
| 173|0x00000000ead00000, 0x00000000eae00000, 0x00000000eae00000|100%| E|CS|TAMS 0x00000000ead00000, 0x00000000ead00000| Complete 
| 174|0x00000000eae00000, 0x00000000eaf00000, 0x00000000eaf00000|100%| E|CS|TAMS 0x00000000eae00000, 0x00000000eae00000| Complete 
| 175|0x00000000eaf00000, 0x00000000eb000000, 0x00000000eb000000|100%| E|CS|TAMS 0x00000000eaf00000, 0x00000000eaf00000| Complete 
| 176|0x00000000eb000000, 0x00000000eb100000, 0x00000000eb100000|100%| E|CS|TAMS 0x00000000eb000000, 0x00000000eb000000| Complete 
| 177|0x00000000eb100000, 0x00000000eb200000, 0x00000000eb200000|100%| E|CS|TAMS 0x00000000eb100000, 0x00000000eb100000| Complete 
| 178|0x00000000eb200000, 0x00000000eb300000, 0x00000000eb300000|100%| E|CS|TAMS 0x00000000eb200000, 0x00000000eb200000| Complete 
| 179|0x00000000eb300000, 0x00000000eb400000, 0x00000000eb400000|100%| E|CS|TAMS 0x00000000eb300000, 0x00000000eb300000| Complete 
| 180|0x00000000eb400000, 0x00000000eb500000, 0x00000000eb500000|100%| E|CS|TAMS 0x00000000eb400000, 0x00000000eb400000| Complete 
| 181|0x00000000eb500000, 0x00000000eb600000, 0x00000000eb600000|100%| E|CS|TAMS 0x00000000eb500000, 0x00000000eb500000| Complete 
| 182|0x00000000eb600000, 0x00000000eb700000, 0x00000000eb700000|100%| E|CS|TAMS 0x00000000eb600000, 0x00000000eb600000| Complete 
| 183|0x00000000eb700000, 0x00000000eb800000, 0x00000000eb800000|100%| E|CS|TAMS 0x00000000eb700000, 0x00000000eb700000| Complete 
| 184|0x00000000eb800000, 0x00000000eb900000, 0x00000000eb900000|100%| E|CS|TAMS 0x00000000eb800000, 0x00000000eb800000| Complete 
| 185|0x00000000eb900000, 0x00000000eba00000, 0x00000000eba00000|100%| E|CS|TAMS 0x00000000eb900000, 0x00000000eb900000| Complete 
| 186|0x00000000eba00000, 0x00000000ebb00000, 0x00000000ebb00000|100%| E|CS|TAMS 0x00000000eba00000, 0x00000000eba00000| Complete 
| 187|0x00000000ebb00000, 0x00000000ebc00000, 0x00000000ebc00000|100%| E|CS|TAMS 0x00000000ebb00000, 0x00000000ebb00000| Complete 
| 188|0x00000000ebc00000, 0x00000000ebd00000, 0x00000000ebd00000|100%| E|CS|TAMS 0x00000000ebc00000, 0x00000000ebc00000| Complete 
| 189|0x00000000ebd00000, 0x00000000ebe00000, 0x00000000ebe00000|100%| E|  |TAMS 0x00000000ebd00000, 0x00000000ebd00000| Complete 
| 190|0x00000000ebe00000, 0x00000000ebf00000, 0x00000000ebf00000|100%| E|CS|TAMS 0x00000000ebe00000, 0x00000000ebe00000| Complete 
| 191|0x00000000ebf00000, 0x00000000ec000000, 0x00000000ec000000|100%| E|CS|TAMS 0x00000000ebf00000, 0x00000000ebf00000| Complete 
| 192|0x00000000ec000000, 0x00000000ec100000, 0x00000000ec100000|100%| E|CS|TAMS 0x00000000ec000000, 0x00000000ec000000| Complete 
| 193|0x00000000ec100000, 0x00000000ec200000, 0x00000000ec200000|100%| E|CS|TAMS 0x00000000ec100000, 0x00000000ec100000| Complete 
| 194|0x00000000ec200000, 0x00000000ec300000, 0x00000000ec300000|100%| E|CS|TAMS 0x00000000ec200000, 0x00000000ec200000| Complete 
| 195|0x00000000ec300000, 0x00000000ec400000, 0x00000000ec400000|100%| E|CS|TAMS 0x00000000ec300000, 0x00000000ec300000| Complete 
| 196|0x00000000ec400000, 0x00000000ec500000, 0x00000000ec500000|100%| E|CS|TAMS 0x00000000ec400000, 0x00000000ec400000| Complete 
| 197|0x00000000ec500000, 0x00000000ec600000, 0x00000000ec600000|100%| E|CS|TAMS 0x00000000ec500000, 0x00000000ec500000| Complete 
| 198|0x00000000ec600000, 0x00000000ec700000, 0x00000000ec700000|100%| E|CS|TAMS 0x00000000ec600000, 0x00000000ec600000| Complete 
| 199|0x00000000ec700000, 0x00000000ec800000, 0x00000000ec800000|100%| E|CS|TAMS 0x00000000ec700000, 0x00000000ec700000| Complete 
| 200|0x00000000ec800000, 0x00000000ec900000, 0x00000000ec900000|100%| E|CS|TAMS 0x00000000ec800000, 0x00000000ec800000| Complete 
| 201|0x00000000ec900000, 0x00000000eca00000, 0x00000000eca00000|100%| E|CS|TAMS 0x00000000ec900000, 0x00000000ec900000| Complete 
| 202|0x00000000eca00000, 0x00000000ecb00000, 0x00000000ecb00000|100%| E|CS|TAMS 0x00000000eca00000, 0x00000000eca00000| Complete 
| 203|0x00000000ecb00000, 0x00000000ecc00000, 0x00000000ecc00000|100%| E|CS|TAMS 0x00000000ecb00000, 0x00000000ecb00000| Complete 
| 204|0x00000000ecc00000, 0x00000000ecd00000, 0x00000000ecd00000|100%| E|CS|TAMS 0x00000000ecc00000, 0x00000000ecc00000| Complete 
| 205|0x00000000ecd00000, 0x00000000ece00000, 0x00000000ece00000|100%| E|CS|TAMS 0x00000000ecd00000, 0x00000000ecd00000| Complete 
| 206|0x00000000ece00000, 0x00000000ecf00000, 0x00000000ecf00000|100%| E|CS|TAMS 0x00000000ece00000, 0x00000000ece00000| Complete 
| 207|0x00000000ecf00000, 0x00000000ed000000, 0x00000000ed000000|100%| E|CS|TAMS 0x00000000ecf00000, 0x00000000ecf00000| Complete 
| 208|0x00000000ed000000, 0x00000000ed100000, 0x00000000ed100000|100%| E|CS|TAMS 0x00000000ed000000, 0x00000000ed000000| Complete 
| 209|0x00000000ed100000, 0x00000000ed200000, 0x00000000ed200000|100%| E|CS|TAMS 0x00000000ed100000, 0x00000000ed100000| Complete 
| 210|0x00000000ed200000, 0x00000000ed300000, 0x00000000ed300000|100%| E|CS|TAMS 0x00000000ed200000, 0x00000000ed200000| Complete 
| 211|0x00000000ed300000, 0x00000000ed400000, 0x00000000ed400000|100%| E|CS|TAMS 0x00000000ed300000, 0x00000000ed300000| Complete 
| 212|0x00000000ed400000, 0x00000000ed500000, 0x00000000ed500000|100%| E|CS|TAMS 0x00000000ed400000, 0x00000000ed400000| Complete 
| 213|0x00000000ed500000, 0x00000000ed600000, 0x00000000ed600000|100%| E|CS|TAMS 0x00000000ed500000, 0x00000000ed500000| Complete 
| 214|0x00000000ed600000, 0x00000000ed700000, 0x00000000ed700000|100%| E|CS|TAMS 0x00000000ed600000, 0x00000000ed600000| Complete 
| 215|0x00000000ed700000, 0x00000000ed800000, 0x00000000ed800000|100%| E|CS|TAMS 0x00000000ed700000, 0x00000000ed700000| Complete 
| 216|0x00000000ed800000, 0x00000000ed900000, 0x00000000ed900000|100%| E|CS|TAMS 0x00000000ed800000, 0x00000000ed800000| Complete 
| 217|0x00000000ed900000, 0x00000000eda00000, 0x00000000eda00000|100%| E|CS|TAMS 0x00000000ed900000, 0x00000000ed900000| Complete 
| 218|0x00000000eda00000, 0x00000000edb00000, 0x00000000edb00000|100%| E|CS|TAMS 0x00000000eda00000, 0x00000000eda00000| Complete 
| 219|0x00000000edb00000, 0x00000000edc00000, 0x00000000edc00000|100%| E|CS|TAMS 0x00000000edb00000, 0x00000000edb00000| Complete 
| 220|0x00000000edc00000, 0x00000000edd00000, 0x00000000edd00000|100%| E|CS|TAMS 0x00000000edc00000, 0x00000000edc00000| Complete 
| 221|0x00000000edd00000, 0x00000000ede00000, 0x00000000ede00000|100%| E|CS|TAMS 0x00000000edd00000, 0x00000000edd00000| Complete 
| 222|0x00000000ede00000, 0x00000000edf00000, 0x00000000edf00000|100%| E|CS|TAMS 0x00000000ede00000, 0x00000000ede00000| Complete 
| 223|0x00000000edf00000, 0x00000000ee000000, 0x00000000ee000000|100%| E|CS|TAMS 0x00000000edf00000, 0x00000000edf00000| Complete 
| 224|0x00000000ee000000, 0x00000000ee100000, 0x00000000ee100000|100%| E|CS|TAMS 0x00000000ee000000, 0x00000000ee000000| Complete 
| 225|0x00000000ee100000, 0x00000000ee200000, 0x00000000ee200000|100%| E|CS|TAMS 0x00000000ee100000, 0x00000000ee100000| Complete 
| 226|0x00000000ee200000, 0x00000000ee300000, 0x00000000ee300000|100%| E|CS|TAMS 0x00000000ee200000, 0x00000000ee200000| Complete 
| 227|0x00000000ee300000, 0x00000000ee400000, 0x00000000ee400000|100%| E|CS|TAMS 0x00000000ee300000, 0x00000000ee300000| Complete 
| 228|0x00000000ee400000, 0x00000000ee500000, 0x00000000ee500000|100%| E|CS|TAMS 0x00000000ee400000, 0x00000000ee400000| Complete 
| 229|0x00000000ee500000, 0x00000000ee600000, 0x00000000ee600000|100%| E|CS|TAMS 0x00000000ee500000, 0x00000000ee500000| Complete 
| 230|0x00000000ee600000, 0x00000000ee700000, 0x00000000ee700000|100%| E|CS|TAMS 0x00000000ee600000, 0x00000000ee600000| Complete 
| 231|0x00000000ee700000, 0x00000000ee800000, 0x00000000ee800000|100%| E|CS|TAMS 0x00000000ee700000, 0x00000000ee700000| Complete 
| 232|0x00000000ee800000, 0x00000000ee900000, 0x00000000ee900000|100%| E|CS|TAMS 0x00000000ee800000, 0x00000000ee800000| Complete 
| 233|0x00000000ee900000, 0x00000000eea00000, 0x00000000eea00000|100%| E|CS|TAMS 0x00000000ee900000, 0x00000000ee900000| Complete 
| 234|0x00000000eea00000, 0x00000000eeb00000, 0x00000000eeb00000|100%| E|CS|TAMS 0x00000000eea00000, 0x00000000eea00000| Complete 
| 235|0x00000000eeb00000, 0x00000000eec00000, 0x00000000eec00000|100%| E|CS|TAMS 0x00000000eeb00000, 0x00000000eeb00000| Complete 
| 236|0x00000000eec00000, 0x00000000eed00000, 0x00000000eed00000|100%| E|CS|TAMS 0x00000000eec00000, 0x00000000eec00000| Complete 
| 237|0x00000000eed00000, 0x00000000eee00000, 0x00000000eee00000|100%| E|CS|TAMS 0x00000000eed00000, 0x00000000eed00000| Complete 
| 238|0x00000000eee00000, 0x00000000eef00000, 0x00000000eef00000|100%| E|CS|TAMS 0x00000000eee00000, 0x00000000eee00000| Complete 
| 239|0x00000000eef00000, 0x00000000ef000000, 0x00000000ef000000|100%| E|CS|TAMS 0x00000000eef00000, 0x00000000eef00000| Complete 
| 240|0x00000000ef000000, 0x00000000ef100000, 0x00000000ef100000|100%| E|CS|TAMS 0x00000000ef000000, 0x00000000ef000000| Complete 
| 241|0x00000000ef100000, 0x00000000ef200000, 0x00000000ef200000|100%| E|CS|TAMS 0x00000000ef100000, 0x00000000ef100000| Complete 
| 242|0x00000000ef200000, 0x00000000ef300000, 0x00000000ef300000|100%| E|CS|TAMS 0x00000000ef200000, 0x00000000ef200000| Complete 
| 243|0x00000000ef300000, 0x00000000ef400000, 0x00000000ef400000|100%| E|CS|TAMS 0x00000000ef300000, 0x00000000ef300000| Complete 
| 244|0x00000000ef400000, 0x00000000ef500000, 0x00000000ef500000|100%| E|CS|TAMS 0x00000000ef400000, 0x00000000ef400000| Complete 
| 245|0x00000000ef500000, 0x00000000ef600000, 0x00000000ef600000|100%| E|CS|TAMS 0x00000000ef500000, 0x00000000ef500000| Complete 
| 246|0x00000000ef600000, 0x00000000ef700000, 0x00000000ef700000|100%| E|CS|TAMS 0x00000000ef600000, 0x00000000ef600000| Complete 
| 247|0x00000000ef700000, 0x00000000ef800000, 0x00000000ef800000|100%| E|CS|TAMS 0x00000000ef700000, 0x00000000ef700000| Complete 
| 248|0x00000000ef800000, 0x00000000ef900000, 0x00000000ef900000|100%| E|CS|TAMS 0x00000000ef800000, 0x00000000ef800000| Complete 
| 249|0x00000000ef900000, 0x00000000efa00000, 0x00000000efa00000|100%| E|CS|TAMS 0x00000000ef900000, 0x00000000ef900000| Complete 
| 250|0x00000000efa00000, 0x00000000efb00000, 0x00000000efb00000|100%| E|CS|TAMS 0x00000000efa00000, 0x00000000efa00000| Complete 
| 251|0x00000000efb00000, 0x00000000efc00000, 0x00000000efc00000|100%| E|CS|TAMS 0x00000000efb00000, 0x00000000efb00000| Complete 
| 252|0x00000000efc00000, 0x00000000efd00000, 0x00000000efd00000|100%| E|CS|TAMS 0x00000000efc00000, 0x00000000efc00000| Complete 
| 253|0x00000000efd00000, 0x00000000efe00000, 0x00000000efe00000|100%| E|CS|TAMS 0x00000000efd00000, 0x00000000efd00000| Complete 
| 254|0x00000000efe00000, 0x00000000eff00000, 0x00000000eff00000|100%| E|CS|TAMS 0x00000000efe00000, 0x00000000efe00000| Complete 
| 255|0x00000000eff00000, 0x00000000f0000000, 0x00000000f0000000|100%| E|CS|TAMS 0x00000000eff00000, 0x00000000eff00000| Complete 

Card table byte_map: [0x000001b3c6f50000,0x000001b3c7050000] _byte_map_base: 0x000001b3c6850000

Marking Bits (Prev, Next): (CMBitMap*) 0x000001b3b0074bc0, (CMBitMap*) 0x000001b3b0074c00
 Prev Bits: [0x000001b3c7150000, 0x000001b3c7950000)
 Next Bits: [0x000001b3c7950000, 0x000001b3c8150000)

Polling page: 0x000001b3adfd0000

Metaspace:

Usage:
  Non-class:     46.50 MB used.
      Class:      7.76 MB used.
       Both:     54.26 MB used.

Virtual space:
  Non-class space:       64.00 MB reserved,      46.75 MB ( 73%) committed,  1 nodes.
      Class space:      320.00 MB reserved,       8.00 MB (  2%) committed,  1 nodes.
             Both:      384.00 MB reserved,      54.75 MB ( 14%) committed. 

Chunk freelists:
   Non-Class:  1.26 MB
       Class:  7.97 MB
        Both:  9.23 MB

MaxMetaspaceSize: 384.00 MB
CompressedClassSpaceSize: 320.00 MB
Initial GC threshold: 21.00 MB
Current GC threshold: 59.06 MB
CDS: on
MetaspaceReclaimPolicy: balanced
 - commit_granule_bytes: 65536.
 - commit_granule_words: 8192.
 - virtual_space_node_default_size: 8388608.
 - enlarge_chunks_in_place: 1.
 - new_chunks_are_fully_committed: 0.
 - uncommit_free_chunks: 1.
 - use_allocation_guard: 0.
 - handle_deallocations: 1.


Internal statistics:

num_allocs_failed_limit: 6.
num_arena_births: 638.
num_arena_deaths: 0.
num_vsnodes_births: 2.
num_vsnodes_deaths: 0.
num_space_committed: 876.
num_space_uncommitted: 0.
num_chunks_returned_to_freelist: 6.
num_chunks_taken_from_freelist: 2926.
num_chunk_merges: 6.
num_chunk_splits: 1904.
num_chunks_enlarged: 1251.
num_inconsistent_stats: 0.

CodeHeap 'non-profiled nmethods': size=120000Kb used=4144Kb max_used=4144Kb free=115855Kb
 bounds [0x000001b3bf3c0000, 0x000001b3bf7d0000, 0x000001b3c68f0000]
CodeHeap 'profiled nmethods': size=120000Kb used=15347Kb max_used=15347Kb free=104652Kb
 bounds [0x000001b3b78f0000, 0x000001b3b87f0000, 0x000001b3bee20000]
CodeHeap 'non-nmethods': size=5760Kb used=2330Kb max_used=2377Kb free=3429Kb
 bounds [0x000001b3bee20000, 0x000001b3bf090000, 0x000001b3bf3c0000]
 total_blobs=8532 nmethods=7690 adapters=752
 compilation: enabled
              stopped_count=0, restarted_count=0
 full_count=0

Compilation events (20 events):
Event: 16.091 Thread 0x000001b3caddd010 nmethod 8403 0x000001b3b87e3e90 code [0x000001b3b87e40a0, 0x000001b3b87e46d8]
Event: 16.092 Thread 0x000001b3caddd010 8406       3       sun.nio.fs.WindowsNativeDispatcher$FirstFile::<init> (5 bytes)
Event: 16.092 Thread 0x000001b3caddd010 nmethod 8406 0x000001b3b87e4890 code [0x000001b3b87e4a20, 0x000001b3b87e4b78]
Event: 16.092 Thread 0x000001b3caddd010 8407   !   3       sun.nio.fs.WindowsNativeDispatcher::FindFirstFile (38 bytes)
Event: 16.092 Thread 0x000001b3caddd010 nmethod 8407 0x000001b3b87e4c10 code [0x000001b3b87e4e00, 0x000001b3b87e5238]
Event: 16.111 Thread 0x000001b3cadd3410 nmethod 8366 0x000001b3bf7c1910 code [0x000001b3bf7c1fe0, 0x000001b3bf7c6ce8]
Event: 16.111 Thread 0x000001b3cadd3410 8385       4       jdk.internal.jimage.ImageStringsReader::stringFromByteBufferMatches (138 bytes)
Event: 16.113 Thread 0x000001b3caddd010 8410       3       java.util.JumboEnumSet$EnumSetIterator::hasNext (67 bytes)
Event: 16.114 Thread 0x000001b3caddd010 nmethod 8410 0x000001b3b87e5490 code [0x000001b3b87e5640, 0x000001b3b87e58f8]
Event: 16.114 Thread 0x000001b3caddd010 8411       3       java.util.JumboEnumSet$EnumSetIterator::next (5 bytes)
Event: 16.114 Thread 0x000001b3caddd010 nmethod 8411 0x000001b3b87e5a10 code [0x000001b3b87e5ba0, 0x000001b3b87e5ce8]
Event: 16.114 Thread 0x000001b3caddd010 8413       3       com.sun.tools.javac.main.Option::matches (43 bytes)
Event: 16.114 Thread 0x000001b3caddd010 nmethod 8413 0x000001b3b87e5d90 code [0x000001b3b87e5f40, 0x000001b3b87e61e8]
Event: 16.114 Thread 0x000001b3caddd010 8412       3       java.util.JumboEnumSet$EnumSetIterator::next (74 bytes)
Event: 16.114 Thread 0x000001b3caddd010 nmethod 8412 0x000001b3b87e6310 code [0x000001b3b87e64e0, 0x000001b3b87e67e8]
Event: 16.115 Thread 0x000001b3cadd3410 nmethod 8385 0x000001b3bf7ca610 code [0x000001b3bf7ca7c0, 0x000001b3bf7cab68]
Event: 16.116 Thread 0x000001b3cadd3410 8404       4       java.lang.Character::toUpperCase (6 bytes)
Event: 16.117 Thread 0x000001b3caddd010 8414       3       sun.nio.fs.WindowsPath::addPrefixIfNeeded (72 bytes)
Event: 16.118 Thread 0x000001b3cadd3410 nmethod 8404 0x000001b3bf7caf90 code [0x000001b3bf7cb120, 0x000001b3bf7cb258]
Event: 16.118 Thread 0x000001b3cadd3410 8409       4       java.security.SecureClassLoader$CodeSourceKey::hashCode (21 bytes)

GC Heap History (10 events):
Event: 1.078 GC heap before
{Heap before GC invocations=0 (full 0):
 garbage-first heap   total 262144K, used 26624K [0x00000000e0000000, 0x0000000100000000)
  region size 1024K, 23 young (23552K), 0 survivors (0K)
 Metaspace       used 3051K, committed 3200K, reserved 393216K
  class space    used 391K, committed 448K, reserved 327680K
}
Event: 1.083 GC heap after
{Heap after GC invocations=1 (full 0):
 garbage-first heap   total 262144K, used 10635K [0x00000000e0000000, 0x0000000100000000)
  region size 1024K, 3 young (3072K), 3 survivors (3072K)
 Metaspace       used 3051K, committed 3200K, reserved 393216K
  class space    used 391K, committed 448K, reserved 327680K
}
Event: 1.889 GC heap before
{Heap before GC invocations=1 (full 0):
 garbage-first heap   total 262144K, used 38283K [0x00000000e0000000, 0x0000000100000000)
  region size 1024K, 30 young (30720K), 3 survivors (3072K)
 Metaspace       used 3979K, committed 4160K, reserved 393216K
  class space    used 489K, committed 576K, reserved 327680K
}
Event: 1.892 GC heap after
{Heap after GC invocations=2 (full 0):
 garbage-first heap   total 262144K, used 11640K [0x00000000e0000000, 0x0000000100000000)
  region size 1024K, 1 young (1024K), 1 survivors (1024K)
 Metaspace       used 3979K, committed 4160K, reserved 393216K
  class space    used 489K, committed 576K, reserved 327680K
}
Event: 6.520 GC heap before
{Heap before GC invocations=2 (full 0):
 garbage-first heap   total 262144K, used 131448K [0x00000000e0000000, 0x0000000100000000)
  region size 1024K, 118 young (120832K), 1 survivors (1024K)
 Metaspace       used 21231K, committed 21504K, reserved 393216K
  class space    used 3123K, committed 3264K, reserved 327680K
}
Event: 6.534 GC heap after
{Heap after GC invocations=3 (full 0):
 garbage-first heap   total 262144K, used 22726K [0x00000000e0000000, 0x0000000100000000)
  region size 1024K, 12 young (12288K), 12 survivors (12288K)
 Metaspace       used 21231K, committed 21504K, reserved 393216K
  class space    used 3123K, committed 3264K, reserved 327680K
}
Event: 9.221 GC heap before
{Heap before GC invocations=4 (full 0):
 garbage-first heap   total 262144K, used 137414K [0x00000000e0000000, 0x0000000100000000)
  region size 1024K, 124 young (126976K), 12 survivors (12288K)
 Metaspace       used 35708K, committed 35968K, reserved 393216K
  class space    used 5066K, committed 5184K, reserved 327680K
}
Event: 9.238 GC heap after
{Heap after GC invocations=5 (full 0):
 garbage-first heap   total 262144K, used 32134K [0x00000000e0000000, 0x0000000100000000)
  region size 1024K, 9 young (9216K), 9 survivors (9216K)
 Metaspace       used 35708K, committed 35968K, reserved 393216K
  class space    used 5066K, committed 5184K, reserved 327680K
}
Event: 12.719 GC heap before
{Heap before GC invocations=6 (full 0):
 garbage-first heap   total 262144K, used 184710K [0x00000000e0000000, 0x0000000100000000)
  region size 1024K, 153 young (156672K), 9 survivors (9216K)
 Metaspace       used 48922K, committed 49408K, reserved 393216K
  class space    used 7152K, committed 7360K, reserved 327680K
}
Event: 12.739 GC heap after
{Heap after GC invocations=7 (full 0):
 garbage-first heap   total 262144K, used 40294K [0x00000000e0000000, 0x0000000100000000)
  region size 1024K, 18 young (18432K), 18 survivors (18432K)
 Metaspace       used 48922K, committed 49408K, reserved 393216K
  class space    used 7152K, committed 7360K, reserved 327680K
}

Deoptimization events (20 events):
Event: 15.979 Thread 0x000001b3e5a3ad20 Uncommon trap: trap_request=0xffffffde fr.pc=0x000001b3bf415788 relative=0x0000000000001148
Event: 15.980 Thread 0x000001b3e5a3ad20 Uncommon trap: reason=class_check action=maybe_recompile pc=0x000001b3bf415788 method=jdk.internal.loader.BuiltinClassLoader.loadClassOrNull(Ljava/lang/String;)Ljava/lang/Class; @ 3 c2
Event: 15.980 Thread 0x000001b3e5a3ad20 DEOPT PACKING pc=0x000001b3bf415788 sp=0x0000004c73ff70d0
Event: 15.980 Thread 0x000001b3e5a3ad20 DEOPT UNPACKING pc=0x000001b3bee723a3 sp=0x0000004c73ff6fa8 mode 2
Event: 15.980 Thread 0x000001b3e5a3ad20 Uncommon trap: trap_request=0xffffffde fr.pc=0x000001b3bf415788 relative=0x0000000000001148
Event: 15.980 Thread 0x000001b3e5a3ad20 Uncommon trap: reason=class_check action=maybe_recompile pc=0x000001b3bf415788 method=jdk.internal.loader.BuiltinClassLoader.loadClassOrNull(Ljava/lang/String;)Ljava/lang/Class; @ 3 c2
Event: 15.980 Thread 0x000001b3e5a3ad20 DEOPT PACKING pc=0x000001b3bf415788 sp=0x0000004c73ff4b60
Event: 15.980 Thread 0x000001b3e5a3ad20 DEOPT UNPACKING pc=0x000001b3bee723a3 sp=0x0000004c73ff4a38 mode 2
Event: 15.981 Thread 0x000001b3e5a3ad20 Uncommon trap: trap_request=0xffffffde fr.pc=0x000001b3bf415788 relative=0x0000000000001148
Event: 15.981 Thread 0x000001b3e5a3ad20 Uncommon trap: reason=class_check action=maybe_recompile pc=0x000001b3bf415788 method=jdk.internal.loader.BuiltinClassLoader.loadClassOrNull(Ljava/lang/String;)Ljava/lang/Class; @ 3 c2
Event: 15.981 Thread 0x000001b3e5a3ad20 DEOPT PACKING pc=0x000001b3bf415788 sp=0x0000004c73ff49c0
Event: 15.981 Thread 0x000001b3e5a3ad20 DEOPT UNPACKING pc=0x000001b3bee723a3 sp=0x0000004c73ff4898 mode 2
Event: 15.985 Thread 0x000001b3e5a3ad20 Uncommon trap: trap_request=0xffffffde fr.pc=0x000001b3bf415788 relative=0x0000000000001148
Event: 15.985 Thread 0x000001b3e5a3ad20 Uncommon trap: reason=class_check action=maybe_recompile pc=0x000001b3bf415788 method=jdk.internal.loader.BuiltinClassLoader.loadClassOrNull(Ljava/lang/String;)Ljava/lang/Class; @ 3 c2
Event: 15.985 Thread 0x000001b3e5a3ad20 DEOPT PACKING pc=0x000001b3bf415788 sp=0x0000004c73ff4b60
Event: 15.985 Thread 0x000001b3e5a3ad20 DEOPT UNPACKING pc=0x000001b3bee723a3 sp=0x0000004c73ff4a38 mode 2
Event: 16.106 Thread 0x000001b3e5a3ad20 Uncommon trap: trap_request=0xffffffc6 fr.pc=0x000001b3bf752040 relative=0x0000000000000300
Event: 16.106 Thread 0x000001b3e5a3ad20 Uncommon trap: reason=bimorphic_or_optimized_type_check action=maybe_recompile pc=0x000001b3bf752040 method=java.util.Spliterators$ArraySpliterator.tryAdvance(Ljava/util/function/Consumer;)Z @ 49 c2
Event: 16.106 Thread 0x000001b3e5a3ad20 DEOPT PACKING pc=0x000001b3bf752040 sp=0x0000004c73ff9200
Event: 16.106 Thread 0x000001b3e5a3ad20 DEOPT UNPACKING pc=0x000001b3bee723a3 sp=0x0000004c73ff9190 mode 2

Classes unloaded (0 events):
No events

Classes redefined (0 events):
No events

Internal exceptions (20 events):
Event: 12.994 Thread 0x000001b3e67eeb30 Exception <a 'java/lang/NoSuchMethodError'{0x00000000ef7a3a38}: static Lorg/gradle/internal/build/event/types/DefaultTaskDescriptor;.<clinit>()V> (0x00000000ef7a3a38) 
thrown [s\open\src\hotspot\share\prims\jni.cpp, line 1107]
Event: 13.002 Thread 0x000001b3e67eeb30 Exception <a 'java/lang/NoSuchMethodError'{0x00000000ef610d80}: static Lorg/gradle/internal/operations/OperationIdentifier;.<clinit>()V> (0x00000000ef610d80) 
thrown [s\open\src\hotspot\share\prims\jni.cpp, line 1107]
Event: 13.004 Thread 0x000001b3e67eeb30 Exception <a 'java/lang/NoSuchMethodError'{0x00000000ef61a998}: static Lorg/gradle/internal/build/event/types/DefaultBinaryPluginIdentifier;.<clinit>()V> (0x00000000ef61a998) 
thrown [s\open\src\hotspot\share\prims\jni.cpp, line 1107]
Event: 13.158 Thread 0x000001b3e5a3ad20 Exception <a 'java/lang/IncompatibleClassChangeError'{0x00000000ef300940}: Found class java.lang.Object, but interface was expected> (0x00000000ef300940) 
thrown [s\open\src\hotspot\share\interpreter\linkResolver.cpp, line 826]
Event: 13.162 Thread 0x000001b3e5a3ad20 Exception <a 'java/lang/NoSuchMethodError'{0x00000000ef3116f8}: static Ljava/lang/Object;.<clinit>()V> (0x00000000ef3116f8) 
thrown [s\open\src\hotspot\share\prims\jni.cpp, line 1107]
Event: 13.396 Thread 0x000001b3e5a3ad20 Exception <a 'java/lang/ClassNotFoundException'{0x00000000ee6f3900}: org/gradle/api/internal/plugins/NaggingBasePluginConventionBeanInfo> (0x00000000ee6f3900) 
thrown [s\open\src\hotspot\share\classfile\systemDictionary.cpp, line 256]
Event: 13.396 Thread 0x000001b3e5a3ad20 Exception <a 'java/lang/ClassNotFoundException'{0x00000000ee500800}: org/gradle/api/plugins/BasePluginConventionBeanInfo> (0x00000000ee500800) 
thrown [s\open\src\hotspot\share\classfile\systemDictionary.cpp, line 256]
Event: 13.396 Thread 0x000001b3e5a3ad20 Exception <a 'java/lang/ClassNotFoundException'{0x00000000ee50d218}: org/gradle/api/plugins/BasePluginConventionCustomizer> (0x00000000ee50d218) 
thrown [s\open\src\hotspot\share\classfile\systemDictionary.cpp, line 256]
Event: 13.397 Thread 0x000001b3e5a3ad20 Exception <a 'java/lang/ClassNotFoundException'{0x00000000ee524228}: org/gradle/api/internal/plugins/NaggingBasePluginConventionCustomizer> (0x00000000ee524228) 
thrown [s\open\src\hotspot\share\classfile\systemDictionary.cpp, line 256]
Event: 13.400 Thread 0x000001b3e5a3ad20 Exception <a 'java/lang/ClassNotFoundException'{0x00000000ee561978}: org/gradle/api/plugins/internal/NaggingJavaPluginConventionBeanInfo> (0x00000000ee561978) 
thrown [s\open\src\hotspot\share\classfile\systemDictionary.cpp, line 256]
Event: 13.400 Thread 0x000001b3e5a3ad20 Exception <a 'java/lang/ClassNotFoundException'{0x00000000ee56e3c8}: org/gradle/api/plugins/JavaPluginConventionBeanInfo> (0x00000000ee56e3c8) 
thrown [s\open\src\hotspot\share\classfile\systemDictionary.cpp, line 256]
Event: 13.400 Thread 0x000001b3e5a3ad20 Exception <a 'java/lang/ClassNotFoundException'{0x00000000ee57ade0}: org/gradle/api/plugins/JavaPluginConventionCustomizer> (0x00000000ee57ade0) 
thrown [s\open\src\hotspot\share\classfile\systemDictionary.cpp, line 256]
Event: 13.402 Thread 0x000001b3e5a3ad20 Exception <a 'java/lang/ClassNotFoundException'{0x00000000ee59bce0}: org/gradle/api/plugins/internal/NaggingJavaPluginConventionCustomizer> (0x00000000ee59bce0) 
thrown [s\open\src\hotspot\share\classfile\systemDictionary.cpp, line 256]
Event: 13.437 Thread 0x000001b3e5a3ad20 Implicit null exception at 0x000001b3bf5279cf to 0x000001b3bf528a7c
Event: 13.533 Thread 0x000001b3e4257920 Implicit null exception at 0x000001b3bf3fe172 to 0x000001b3bf3fe740
Event: 13.534 Thread 0x000001b3e4257920 Implicit null exception at 0x000001b3bf421272 to 0x000001b3bf421850
Event: 15.668 Thread 0x000001b3e5a3ad20 Exception <a 'java/lang/NoSuchMethodError'{0x00000000e8986740}: 'void java.lang.invoke.DirectMethodHandle$Holder.invokeVirtual(java.lang.Object, java.lang.Object, java.lang.Object, java.lang.Object)'> (0x00000000e8986740) 
thrown [s\open\src\hotspot\share\interpreter\linkResolver.cpp, line 759]
Event: 15.841 Thread 0x000001b3e5a3ad20 Exception <a 'java/lang/NoSuchMethodError'{0x00000000e8230fe8}: 'int java.lang.invoke.DirectMethodHandle$Holder.invokeStaticInit(java.lang.Object, java.lang.Object, java.lang.Object, java.lang.Object, java.lang.Object)'> (0x00000000e8230fe8) 
thrown [s\open\src\hotspot\share\interpreter\linkResolver.cpp, line 759]
Event: 15.875 Thread 0x000001b3e5a3ad20 Exception <a 'java/lang/NoSuchMethodError'{0x00000000e8126f70}: 'void java.lang.invoke.DirectMethodHandle$Holder.invokeVirtual(java.lang.Object, java.lang.Object)'> (0x00000000e8126f70) 
thrown [s\open\src\hotspot\share\interpreter\linkResolver.cpp, line 759]
Event: 15.934 Thread 0x000001b3e5a3ad20 Exception <a 'java/lang/NoSuchMethodError'{0x00000000e7f80830}: 'java.lang.Object java.lang.invoke.DirectMethodHandle$Holder.invokeSpecial(java.lang.Object, java.lang.Object, int, java.lang.Object, java.lang.Object, java.lang.Object, java.lang.Object)'> (0x00000000e7f80830) 
thrown [s\open\src\hotspot\share\interpreter\linkResolver.cpp, line 759]

VM Operations (20 events):
Event: 13.651 Executing VM operation: ICBufferFull
Event: 13.652 Executing VM operation: ICBufferFull done
Event: 14.196 Executing VM operation: ICBufferFull
Event: 14.196 Executing VM operation: ICBufferFull done
Event: 14.436 Executing VM operation: HandshakeAllThreads
Event: 14.436 Executing VM operation: HandshakeAllThreads done
Event: 14.726 Executing VM operation: ICBufferFull
Event: 14.727 Executing VM operation: ICBufferFull done
Event: 14.732 Executing VM operation: HandshakeAllThreads
Event: 14.732 Executing VM operation: HandshakeAllThreads done
Event: 15.537 Executing VM operation: HandshakeAllThreads
Event: 15.537 Executing VM operation: HandshakeAllThreads done
Event: 15.543 Executing VM operation: ICBufferFull
Event: 15.543 Executing VM operation: ICBufferFull done
Event: 15.732 Executing VM operation: ICBufferFull
Event: 15.733 Executing VM operation: ICBufferFull done
Event: 16.021 Executing VM operation: HandshakeAllThreads
Event: 16.021 Executing VM operation: HandshakeAllThreads done
Event: 16.115 Executing VM operation: HandshakeAllThreads
Event: 16.115 Executing VM operation: HandshakeAllThreads done

Events (20 events):
Event: 15.997 loading class java/nio/charset/IllegalCharsetNameException
Event: 15.998 loading class java/nio/charset/IllegalCharsetNameException done
Event: 15.998 loading class java/nio/charset/UnsupportedCharsetException
Event: 15.998 loading class java/nio/charset/UnsupportedCharsetException done
Event: 16.001 loading class java/nio/file/ProviderNotFoundException
Event: 16.001 loading class java/nio/file/ProviderNotFoundException done
Event: 16.019 loading class java/util/JumboEnumSet
Event: 16.020 loading class java/util/JumboEnumSet done
Event: 16.031 loading class java/util/JumboEnumSet$EnumSetIterator
Event: 16.032 loading class java/util/JumboEnumSet$EnumSetIterator done
Event: 16.038 loading class java/util/ResourceBundle$KeyElementReference
Event: 16.039 loading class java/util/ResourceBundle$CacheKeyReference
Event: 16.039 loading class java/util/ResourceBundle$CacheKeyReference done
Event: 16.039 loading class java/util/ResourceBundle$KeyElementReference done
Event: 16.039 loading class java/util/ResourceBundle$3
Event: 16.040 loading class java/util/ResourceBundle$3 done
Event: 16.046 loading class java/util/ResourceBundle$BundleReference
Event: 16.047 loading class java/util/ResourceBundle$BundleReference done
Event: 16.106 loading class java/util/ServiceLoader$ProviderSpliterator
Event: 16.106 loading class java/util/ServiceLoader$ProviderSpliterator done


Dynamic libraries:
0x00007ff639290000 - 0x00007ff6392a0000 	C:\Program Files\Java\jdk-17\bin\java.exe
0x00007fff0b8d0000 - 0x00007fff0bae6000 	C:\Windows\SYSTEM32\ntdll.dll
0x00007fff0ada0000 - 0x00007fff0ae64000 	C:\Windows\System32\KERNEL32.DLL
0x00007fff091d0000 - 0x00007fff09576000 	C:\Windows\System32\KERNELBASE.dll
0x00007fff09030000 - 0x00007fff09141000 	C:\Windows\System32\ucrtbase.dll
0x00007ffef5cf0000 - 0x00007ffef5d09000 	C:\Program Files\Java\jdk-17\bin\jli.dll
0x00007fff0b380000 - 0x00007fff0b432000 	C:\Windows\System32\ADVAPI32.dll
0x00007fff0aa50000 - 0x00007fff0aaf7000 	C:\Windows\System32\msvcrt.dll
0x00007ffee6780000 - 0x00007ffee679b000 	C:\Program Files\Java\jdk-17\bin\VCRUNTIME140.dll
0x00007fff0a0e0000 - 0x00007fff0a188000 	C:\Windows\System32\sechost.dll
0x00007fff09000000 - 0x00007fff09028000 	C:\Windows\System32\bcrypt.dll
0x00007fff0aea0000 - 0x00007fff0afb5000 	C:\Windows\System32\RPCRT4.dll
0x00007fff0b550000 - 0x00007fff0b6fd000 	C:\Windows\System32\USER32.dll
0x00007fff08f10000 - 0x00007fff08f36000 	C:\Windows\System32\win32u.dll
0x00007ffef77f0000 - 0x00007ffef7a83000 	C:\Windows\WinSxS\amd64_microsoft.windows.common-controls_6595b64144ccf1df_6.0.22621.3235_none_270f74e173860f98\COMCTL32.dll
0x00007fff0ae70000 - 0x00007fff0ae99000 	C:\Windows\System32\GDI32.dll
0x00007fff08c10000 - 0x00007fff08d28000 	C:\Windows\System32\gdi32full.dll
0x00007fff09580000 - 0x00007fff0961a000 	C:\Windows\System32\msvcp_win.dll
0x00007fff00ce0000 - 0x00007fff00cea000 	C:\Windows\SYSTEM32\VERSION.dll
0x00007fff0a0a0000 - 0x00007fff0a0d1000 	C:\Windows\System32\IMM32.DLL
0x00007fff022f0000 - 0x00007fff022fc000 	C:\Program Files\Java\jdk-17\bin\vcruntime140_1.dll
0x00007ffede280000 - 0x00007ffede30e000 	C:\Program Files\Java\jdk-17\bin\msvcp140.dll
0x00007ffeab9a0000 - 0x00007ffeac57f000 	C:\Program Files\Java\jdk-17\bin\server\jvm.dll
0x00007fff0b440000 - 0x00007fff0b448000 	C:\Windows\System32\PSAPI.DLL
0x00007ffee6570000 - 0x00007ffee6579000 	C:\Windows\SYSTEM32\WSOCK32.dll
0x00007fff019c0000 - 0x00007fff019f4000 	C:\Windows\SYSTEM32\WINMM.dll
0x00007fff0b800000 - 0x00007fff0b871000 	C:\Windows\System32\WS2_32.dll
0x00007fff07c90000 - 0x00007fff07ca8000 	C:\Windows\SYSTEM32\kernel.appcore.dll
0x00007ffefb720000 - 0x00007ffefb72a000 	C:\Program Files\Java\jdk-17\bin\jimage.dll
0x00007fff06090000 - 0x00007fff062c3000 	C:\Windows\SYSTEM32\DBGHELP.DLL
0x00007fff0a610000 - 0x00007fff0a998000 	C:\Windows\System32\combase.dll
0x00007fff09fc0000 - 0x00007fff0a097000 	C:\Windows\System32\OLEAUT32.dll
0x00007ffefe870000 - 0x00007ffefe8a2000 	C:\Windows\SYSTEM32\dbgcore.DLL
0x00007fff09150000 - 0x00007fff091ca000 	C:\Windows\System32\bcryptPrimitives.dll
0x00007ffef9ec0000 - 0x00007ffef9ece000 	C:\Program Files\Java\jdk-17\bin\instrument.dll
0x00007ffede250000 - 0x00007ffede275000 	C:\Program Files\Java\jdk-17\bin\java.dll
0x00007ffed90d0000 - 0x00007ffed91a7000 	C:\Program Files\Java\jdk-17\bin\jsvml.dll
0x00007fff096b0000 - 0x00007fff09f0d000 	C:\Windows\System32\SHELL32.dll
0x00007fff06b20000 - 0x00007fff07418000 	C:\Windows\SYSTEM32\windows.storage.dll
0x00007fff069e0000 - 0x00007fff06b1e000 	C:\Windows\SYSTEM32\wintypes.dll
0x00007fff0b700000 - 0x00007fff0b7f3000 	C:\Windows\System32\SHCORE.dll
0x00007fff09630000 - 0x00007fff0968e000 	C:\Windows\System32\shlwapi.dll
0x00007fff08b40000 - 0x00007fff08b66000 	C:\Windows\SYSTEM32\profapi.dll
0x00007ffede230000 - 0x00007ffede248000 	C:\Program Files\Java\jdk-17\bin\zip.dll
0x00007ffee65f0000 - 0x00007ffee6609000 	C:\Program Files\Java\jdk-17\bin\net.dll
0x00007fff04850000 - 0x00007fff04987000 	C:\Windows\SYSTEM32\WINHTTP.dll
0x00007fff08110000 - 0x00007fff08179000 	C:\Windows\system32\mswsock.dll
0x00007ffee17d0000 - 0x00007ffee17e6000 	C:\Program Files\Java\jdk-17\bin\nio.dll
0x00007ffee4600000 - 0x00007ffee4610000 	C:\Program Files\Java\jdk-17\bin\verify.dll
0x00007ffed62d0000 - 0x00007ffed62f7000 	C:\Users\oo199\.gradle\native\c067742578af261105cb4f569cf0c3c89f3d7b1fecec35dd04571415982c5e48\windows-amd64\native-platform.dll
0x00007ffec39c0000 - 0x00007ffec3b04000 	C:\Users\oo199\.gradle\native\38dada09dfb8b06ba9b0570ebf7e218e3eb74d4ef43ca46872605cf95ebc2f47\windows-amd64\native-platform-file-events.dll
0x00007ffef83d0000 - 0x00007ffef83da000 	C:\Program Files\Java\jdk-17\bin\management.dll
0x00007ffef6ae0000 - 0x00007ffef6aeb000 	C:\Program Files\Java\jdk-17\bin\management_ext.dll
0x00007fff08370000 - 0x00007fff0838b000 	C:\Windows\SYSTEM32\CRYPTSP.dll
0x00007fff07bf0000 - 0x00007fff07c25000 	C:\Windows\system32\rsaenh.dll
0x00007fff08210000 - 0x00007fff0823c000 	C:\Windows\SYSTEM32\USERENV.dll
0x00007fff08390000 - 0x00007fff0839c000 	C:\Windows\SYSTEM32\CRYPTBASE.dll
0x00007fff07670000 - 0x00007fff0769d000 	C:\Windows\SYSTEM32\IPHLPAPI.DLL
0x00007fff0b210000 - 0x00007fff0b219000 	C:\Windows\System32\NSI.dll
0x00007fff03a70000 - 0x00007fff03a89000 	C:\Windows\SYSTEM32\dhcpcsvc6.DLL
0x00007fff033f0000 - 0x00007fff0340f000 	C:\Windows\SYSTEM32\dhcpcsvc.DLL
0x00007fff076a0000 - 0x00007fff07799000 	C:\Windows\SYSTEM32\DNSAPI.dll
0x00007ffef4bf0000 - 0x00007ffef4bfe000 	C:\Program Files\Java\jdk-17\bin\sunmscapi.dll
0x00007fff08da0000 - 0x00007fff08f06000 	C:\Windows\System32\CRYPT32.dll
0x00007fff085b0000 - 0x00007fff085de000 	C:\Windows\SYSTEM32\ncrypt.dll
0x00007fff08570000 - 0x00007fff085a7000 	C:\Windows\SYSTEM32\NTASN1.dll
0x00007ffeec580000 - 0x00007ffeec588000 	C:\Windows\system32\wshunix.dll

dbghelp: loaded successfully - version: 4.0.5 - missing functions: none
symbol engine: initialized successfully - sym options: 0x614 - pdb path: .;C:\Program Files\Java\jdk-17\bin;C:\Windows\SYSTEM32;C:\Windows\WinSxS\amd64_microsoft.windows.common-controls_6595b64144ccf1df_6.0.22621.3235_none_270f74e173860f98;C:\Program Files\Java\jdk-17\bin\server;C:\Users\oo199\.gradle\native\c067742578af261105cb4f569cf0c3c89f3d7b1fecec35dd04571415982c5e48\windows-amd64;C:\Users\oo199\.gradle\native\38dada09dfb8b06ba9b0570ebf7e218e3eb74d4ef43ca46872605cf95ebc2f47\windows-amd64

VM Arguments:
jvm_args: --add-opens=java.base/java.util=ALL-UNNAMED --add-opens=java.base/java.lang=ALL-UNNAMED --add-opens=java.base/java.lang.invoke=ALL-UNNAMED --add-opens=java.prefs/java.util.prefs=ALL-UNNAMED --add-opens=java.base/java.nio.charset=ALL-UNNAMED --add-opens=java.base/java.net=ALL-UNNAMED --add-opens=java.base/java.util.concurrent.atomic=ALL-UNNAMED -XX:MaxMetaspaceSize=384m -XX:+HeapDumpOnOutOfMemoryError -Xms256m -Xmx512m -Dfile.encoding=windows-1252 -Duser.country=CO -Duser.language=es -Duser.variant -javaagent:C:\Users\oo199\.gradle\wrapper\dists\gradle-8.6-bin\afr5mpiioh2wthjmwnkmdsd5w\gradle-8.6\lib\agents\gradle-instrumentation-agent-8.6.jar 
java_command: org.gradle.launcher.daemon.bootstrap.GradleDaemon 8.6
java_class_path (initial): C:\Users\oo199\.gradle\wrapper\dists\gradle-8.6-bin\afr5mpiioh2wthjmwnkmdsd5w\gradle-8.6\lib\gradle-launcher-8.6.jar
Launcher Type: SUN_STANDARD

[Global flags]
     intx CICompilerCount                          = 4                                         {product} {ergonomic}
   size_t CompressedClassSpaceSize                 = 335544320                                 {product} {ergonomic}
     uint ConcGCThreads                            = 3                                         {product} {ergonomic}
     uint G1ConcRefinementThreads                  = 10                                        {product} {ergonomic}
   size_t G1HeapRegionSize                         = 1048576                                   {product} {ergonomic}
    uintx GCDrainStackTargetSize                   = 64                                        {product} {ergonomic}
     bool HeapDumpOnOutOfMemoryError               = true                                   {manageable} {command line}
   size_t InitialHeapSize                          = 268435456                                 {product} {command line}
   size_t MarkStackSize                            = 4194304                                   {product} {ergonomic}
   size_t MaxHeapSize                              = 536870912                                 {product} {command line}
   size_t MaxMetaspaceSize                         = 402653184                                 {product} {command line}
   size_t MaxNewSize                               = 321912832                                 {product} {ergonomic}
   size_t MinHeapDeltaBytes                        = 1048576                                   {product} {ergonomic}
   size_t MinHeapSize                              = 268435456                                 {product} {command line}
    uintx NonNMethodCodeHeapSize                   = 5839372                                {pd product} {ergonomic}
    uintx NonProfiledCodeHeapSize                  = 122909434                              {pd product} {ergonomic}
    uintx ProfiledCodeHeapSize                     = 122909434                              {pd product} {ergonomic}
    uintx ReservedCodeCacheSize                    = 251658240                              {pd product} {ergonomic}
     bool SegmentedCodeCache                       = true                                      {product} {ergonomic}
   size_t SoftMaxHeapSize                          = 536870912                              {manageable} {ergonomic}
     bool UseCompressedClassPointers               = true                           {product lp64_product} {ergonomic}
     bool UseCompressedOops                        = true                           {product lp64_product} {ergonomic}
     bool UseG1GC                                  = true                                      {product} {ergonomic}
     bool UseLargePagesIndividualAllocation        = false                                  {pd product} {ergonomic}

Logging:
Log output configuration:
 #0: stdout all=warning uptime,level,tags
 #1: stderr all=off uptime,level,tags

Environment Variables:
PATH=C:\Program Files\Common Files\Oracle\Java\javapath;C:\Windows\system32;C:\Windows;C:\Windows\System32\Wbem;C:\Windows\System32\WindowsPowerShell\v1.0\;C:\Windows\System32\OpenSSH\;C:\Program Files (x86)\NVIDIA Corporation\PhysX\Common;C:\Program Files\NVIDIA Corporation\NVIDIA NvDLISR;C:\msys64\mingw64\bin;C:\Program Files\Docker\Docker\resources\bin;C:\Program Files\Git\cmd;C:\Users\oo199\AppData\Local\Microsoft\WindowsApps;C:\Users\oo199\AppData\Local\Programs\Microsoft VS Code\bin;C:\Program Files\JetBrains\IntelliJ IDEA 2023.3.4\bin;
USERNAME=oo199
OS=Windows_NT
PROCESSOR_IDENTIFIER=AMD64 Family 23 Model 96 Stepping 1, AuthenticAMD



---------------  S Y S T E M  ---------------

OS:
 Windows 11 , 64 bit Build 22621 (10.0.22621.3235)
OS uptime: 2 days 19:45 hours
Hyper-V role detected

CPU: total 12 (initial active 12) (12 cores per cpu, 2 threads per core) family 23 model 96 stepping 1 microcode 0x0, cx8, cmov, fxsr, ht, mmx, 3dnowpref, sse, sse2, sse3, ssse3, sse4a, sse4.1, sse4.2, popcnt, lzcnt, tsc, tscinvbit, avx, avx2, aes, clmul, bmi1, bmi2, adx, sha, fma, vzeroupper, clflush, clflushopt, hv

Memory: 4k page, system-wide physical 7597M (383M free)
TotalPageFile size 31149M (AvailPageFile size 5M)
current process WorkingSet (physical memory assigned to process): 399M, peak: 402M
current process commit charge ("private bytes"): 508M, peak: 510M

vm_info: Java HotSpot(TM) 64-Bit Server VM (17.0.10+11-LTS-240) for windows-amd64 JRE (17.0.10+11-LTS-240), built on Dec 19 2023 21:47:25 by "mach5one" with MS VC++ 17.1 (VS2022)

END.
