#
# There is insufficient memory for the Java Runtime Environment to continue.
# Native memory allocation (malloc) failed to allocate 2097152 bytes for AllocateHeap
# Possible reasons:
#   The system is out of physical RAM or swap space
#   The process is running with CompressedOops enabled, and the Java Heap may be blocking the growth of the native heap
# Possible solutions:
#   Reduce memory load on the system
#   Increase physical memory or swap space
#   Check if swap backing store is full
#   Decrease Java heap size (-Xmx/-Xms)
#   Decrease number of Java threads
#   Decrease Java thread stack sizes (-Xss)
#   Set larger code cache with -XX:ReservedCodeCacheSize=
#   JVM is running with Unscaled Compressed Oops mode in which the Java heap is
#     placed in the first 4GB address space. The Java Heap base address is the
#     maximum limit for the native heap growth. Please use -XX:HeapBaseMinAddress
#     to set the Java Heap base and to place the Java Heap above 4GB virtual address.
# This output file may be truncated or incomplete.
#
#  Out of Memory Error (allocation.cpp:44), pid=24888, tid=1276
#
# JRE version: OpenJDK Runtime Environment Temurin-17.0.10+7 (17.0.10+7) (build 17.0.10+7)
# Java VM: OpenJDK 64-Bit Server VM Temurin-17.0.10+7 (17.0.10+7, mixed mode, emulated-client, tiered, compressed oops, compressed class ptrs, g1 gc, windows-amd64)
# No core dump will be written. Minidumps are not enabled by default on client versions of Windows
#

---------------  S U M M A R Y ------------

Command Line: -XX:+HeapDumpOnOutOfMemoryError -Xmx1024m -Dsts.lsp.client=vscode -Dsts.log.file=/dev/null -XX:TieredStopAtLevel=1 -Xlog:jni+resolve=off -Dspring.config.location=file:c:\Users\oo199\.vscode\extensions\vmware.vscode-spring-boot-1.53.0\language-server\BOOT-INF\classes\application.properties org.springframework.ide.vscode.boot.app.BootLanguageServerBootApp

Host: AMD Ryzen 5 4600H with Radeon Graphics         , 12 cores, 7G,  Windows 11 , 64 bit Build 22621 (10.0.22621.3235)
Time: Thu Apr  4 18:09:12 2024 Hora est. Pacífico, Sudamérica elapsed time: 4725.282032 seconds (0d 1h 18m 45s)

---------------  T H R E A D  ---------------

Current thread (0x0000017febc717a0):  VMThread "VM Thread" [stack: 0x0000003d04b00000,0x0000003d04c00000] [id=1276]

Stack: [0x0000003d04b00000,0x0000003d04c00000]
Native frames: (J=compiled Java code, j=interpreted, Vv=VM code, C=native code)
V  [jvm.dll+0x67d2c9]
V  [jvm.dll+0x834afa]
V  [jvm.dll+0x8365be]
V  [jvm.dll+0x836c23]
V  [jvm.dll+0x2477ff]
V  [jvm.dll+0xa6c93]
V  [jvm.dll+0x2f86f1]
V  [jvm.dll+0x2f42e0]
V  [jvm.dll+0x2dc8c7]
V  [jvm.dll+0x31fb87]
V  [jvm.dll+0x83b11b]
V  [jvm.dll+0x83be61]
V  [jvm.dll+0x83c37d]
V  [jvm.dll+0x83c754]
V  [jvm.dll+0x83c820]
V  [jvm.dll+0x7e3fba]
V  [jvm.dll+0x67c1b5]
C  [ucrtbase.dll+0x29363]
C  [KERNEL32.DLL+0x1257d]
C  [ntdll.dll+0x5aa58]

VM_Operation (0x0000003d066fea40): G1CollectFull, mode: safepoint, requested by thread 0x0000017ff1714060


---------------  P R O C E S S  ---------------

Threads class SMR info:
_java_thread_list=0x0000017ff1a74db0, length=31, elements={
0x0000017febc933a0, 0x0000017febc94130, 0x0000017febcba620, 0x0000017febcbb0f0,
0x0000017febcbdad0, 0x0000017febcbe3a0, 0x0000017ff001c020, 0x0000017ff001d940,
0x0000017ff0224eb0, 0x0000017ff022f9b0, 0x0000017ff17c1050, 0x0000017ff1714060,
0x0000017ff17fa6c0, 0x0000017fe0a19e40, 0x0000017ff142c040, 0x0000017ff18d0030,
0x0000017ff1826da0, 0x0000017ff18272b0, 0x0000017ff18277c0, 0x0000017ff1826380,
0x0000017ff1826890, 0x0000017ff0ac9d20, 0x0000017ff0aca230, 0x0000017ff0acb670,
0x0000017ff0acb160, 0x0000017ff0accab0, 0x0000017ff0ac5640, 0x0000017ff0ac5b50,
0x0000017ff0ac83d0, 0x0000017ff0ac88e0, 0x0000017ff0ac8df0
}

Java Threads: ( => current thread )
  0x0000017febc933a0 JavaThread "Reference Handler" daemon [_thread_blocked, id=27248, stack(0x0000003d04c00000,0x0000003d04d00000)]
  0x0000017febc94130 JavaThread "Finalizer" daemon [_thread_blocked, id=26824, stack(0x0000003d04d00000,0x0000003d04e00000)]
  0x0000017febcba620 JavaThread "Signal Dispatcher" daemon [_thread_blocked, id=21004, stack(0x0000003d04e00000,0x0000003d04f00000)]
  0x0000017febcbb0f0 JavaThread "Attach Listener" daemon [_thread_blocked, id=21848, stack(0x0000003d04f00000,0x0000003d05000000)]
  0x0000017febcbdad0 JavaThread "Service Thread" daemon [_thread_blocked, id=15904, stack(0x0000003d05000000,0x0000003d05100000)]
  0x0000017febcbe3a0 JavaThread "Monitor Deflation Thread" daemon [_thread_blocked, id=15844, stack(0x0000003d05100000,0x0000003d05200000)]
  0x0000017ff001c020 JavaThread "C1 CompilerThread0" daemon [_thread_blocked, id=7240, stack(0x0000003d05200000,0x0000003d05300000)]
  0x0000017ff001d940 JavaThread "Sweeper thread" daemon [_thread_blocked, id=12876, stack(0x0000003d05300000,0x0000003d05400000)]
  0x0000017ff0224eb0 JavaThread "Notification Thread" daemon [_thread_blocked, id=27456, stack(0x0000003d05600000,0x0000003d05700000)]
  0x0000017ff022f9b0 JavaThread "Common-Cleaner" daemon [_thread_blocked, id=7712, stack(0x0000003d05800000,0x0000003d05900000)]
  0x0000017ff17c1050 JavaThread "boundedElastic-evictor-1" daemon [_thread_blocked, id=2708, stack(0x0000003d05e00000,0x0000003d05f00000)]
  0x0000017ff1714060 JavaThread "pool-13-thread-1" [_thread_blocked, id=33624, stack(0x0000003d06600000,0x0000003d06700000)]
  0x0000017ff17fa6c0 JavaThread "LanguageServerApp-lifecycle" [_thread_blocked, id=26832, stack(0x0000003d06700000,0x0000003d06800000)]
  0x0000017fe0a19e40 JavaThread "DestroyJavaVM" [_thread_blocked, id=7728, stack(0x0000003d04500000,0x0000003d04600000)]
  0x0000017ff142c040 JavaThread "pool-14-thread-1" [_thread_in_native, id=8308, stack(0x0000003d06800000,0x0000003d06900000)]
  0x0000017ff18d0030 JavaThread "Simple-Language-Server main thread" daemon [_thread_blocked, id=11208, stack(0x0000003d06900000,0x0000003d06a00000)]
  0x0000017ff1826da0 JavaThread "pool-8-thread-1" [_thread_blocked, id=24344, stack(0x0000003d06c00000,0x0000003d06d00000)]
  0x0000017ff18272b0 JavaThread "parallel-1" daemon [_thread_blocked, id=13868, stack(0x0000003d06d00000,0x0000003d06e00000)]
  0x0000017ff18277c0 JavaThread "pool-6-thread-1" [_thread_blocked, id=7644, stack(0x0000003d06e00000,0x0000003d06f00000)]
  0x0000017ff1826380 JavaThread "parallel-2" daemon [_thread_blocked, id=4352, stack(0x0000003d06f00000,0x0000003d07000000)]
  0x0000017ff1826890 JavaThread "parallel-3" daemon [_thread_blocked, id=25692, stack(0x0000003d07000000,0x0000003d07100000)]
  0x0000017ff0ac9d20 JavaThread "parallel-4" daemon [_thread_blocked, id=15412, stack(0x0000003d07700000,0x0000003d07800000)]
  0x0000017ff0aca230 JavaThread "parallel-5" daemon [_thread_blocked, id=32104, stack(0x0000003d07800000,0x0000003d07900000)]
  0x0000017ff0acb670 JavaThread "Reconciler-1" daemon [_thread_blocked, id=9820, stack(0x0000003d07900000,0x0000003d07a00000)]
  0x0000017ff0acb160 JavaThread "parallel-6" daemon [_thread_blocked, id=20704, stack(0x0000003d04200000,0x0000003d04300000)]
  0x0000017ff0accab0 JavaThread "parallel-7" daemon [_thread_blocked, id=25604, stack(0x0000003d05400000,0x0000003d05500000)]
  0x0000017ff0ac5640 JavaThread "parallel-8" daemon [_thread_blocked, id=22944, stack(0x0000003d07100000,0x0000003d07200000)]
  0x0000017ff0ac5b50 JavaThread "parallel-9" daemon [_thread_blocked, id=9636, stack(0x0000003d07300000,0x0000003d07400000)]
  0x0000017ff0ac83d0 JavaThread "parallel-10" daemon [_thread_blocked, id=29468, stack(0x0000003d07400000,0x0000003d07500000)]
  0x0000017ff0ac88e0 JavaThread "parallel-11" daemon [_thread_blocked, id=26788, stack(0x0000003d07600000,0x0000003d07700000)]
  0x0000017ff0ac8df0 JavaThread "parallel-12" daemon [_thread_blocked, id=25308, stack(0x0000003d07a00000,0x0000003d07b00000)]

Other Threads:
=>0x0000017febc717a0 VMThread "VM Thread" [stack: 0x0000003d04b00000,0x0000003d04c00000] [id=1276]
  0x0000017ff02257a0 WatcherThread [stack: 0x0000003d05700000,0x0000003d05800000] [id=25736]
  0x0000017fe0a57370 GCTaskThread "GC Thread#0" [stack: 0x0000003d04600000,0x0000003d04700000] [id=32824]
  0x0000017ff0b4daf0 GCTaskThread "GC Thread#1" [stack: 0x0000003d05900000,0x0000003d05a00000] [id=8160]
  0x0000017ff0ce8950 GCTaskThread "GC Thread#2" [stack: 0x0000003d05a00000,0x0000003d05b00000] [id=33636]
  0x0000017ff0ce8c10 GCTaskThread "GC Thread#3" [stack: 0x0000003d05b00000,0x0000003d05c00000] [id=8168]
  0x0000017ff0f08f40 GCTaskThread "GC Thread#4" [stack: 0x0000003d05c00000,0x0000003d05d00000] [id=20644]
  0x0000017ff0f09200 GCTaskThread "GC Thread#5" [stack: 0x0000003d05d00000,0x0000003d05e00000] [id=5804]
  0x0000017ff10ecb90 GCTaskThread "GC Thread#6" [stack: 0x0000003d06000000,0x0000003d06100000] [id=32852]
  0x0000017ff0c2e080 GCTaskThread "GC Thread#7" [stack: 0x0000003d06100000,0x0000003d06200000] [id=30220]
  0x0000017ff0c2e340 GCTaskThread "GC Thread#8" [stack: 0x0000003d06200000,0x0000003d06300000] [id=9056]
  0x0000017ff10cb4f0 GCTaskThread "GC Thread#9" [stack: 0x0000003d06300000,0x0000003d06400000] [id=11572]
  0x0000017fe0a611e0 ConcurrentGCThread "G1 Main Marker" [stack: 0x0000003d04700000,0x0000003d04800000] [id=29472]
  0x0000017fe0a61b10 ConcurrentGCThread "G1 Conc#0" [stack: 0x0000003d04800000,0x0000003d04900000] [id=23808]
  0x0000017ff0118840 ConcurrentGCThread "G1 Conc#1" [stack: 0x0000003d06400000,0x0000003d06500000] [id=24556]
  0x0000017ff01a16c0 ConcurrentGCThread "G1 Conc#2" [stack: 0x0000003d06500000,0x0000003d06600000] [id=30692]
  0x0000017febaf20c0 ConcurrentGCThread "G1 Refine#0" [stack: 0x0000003d04900000,0x0000003d04a00000] [id=10944]
  0x0000017ff01f70c0 ConcurrentGCThread "G1 Refine#1" [stack: 0x0000003d07c00000,0x0000003d07d00000] [id=32492]
  0x0000017febaf2a00 ConcurrentGCThread "G1 Service" [stack: 0x0000003d04a00000,0x0000003d04b00000] [id=8020]

Threads with active compile tasks:

VM state: at safepoint (normal execution)

VM Mutex/Monitor currently owned by a thread:  ([mutex/lock_event])
[0x0000017fde883780] Threads_lock - owner thread: 0x0000017febc717a0
[0x0000017fde87df30] Heap_lock - owner thread: 0x0000017ff1714060

Heap address: 0x00000000c0000000, size: 1024 MB, Compressed Oops mode: 32-bit

CDS archive(s) not mapped
Compressed class space mapped at: 0x0000000100000000-0x0000000140000000, reserved size: 1073741824
Narrow klass base: 0x0000000000000000, Narrow klass shift: 3, Narrow klass range: 0x140000000

GC Precious Log:
 CPUs: 12 total, 12 available
 Memory: 7597M
 Large Page Support: Disabled
 NUMA Support: Disabled
 Compressed Oops: Enabled (32-bit)
 Heap Region Size: 1M
 Heap Min Capacity: 8M
 Heap Initial Capacity: 120M
 Heap Max Capacity: 1G
 Pre-touch: Disabled
 Parallel Workers: 10
 Concurrent Workers: 3
 Concurrent Refinement Workers: 10
 Periodic GC: Disabled

Heap:
 garbage-first heap   total 153600K, used 45614K [0x00000000c0000000, 0x0000000100000000)
  region size 1024K, 1 young (1024K), 0 survivors (0K)
 Metaspace       used 58869K, committed 59392K, reserved 1114112K
  class space    used 7321K, committed 7552K, reserved 1048576K

Heap Regions: E=young(eden), S=young(survivor), O=old, HS=humongous(starts), HC=humongous(continues), CS=collection set, F=free, OA=open archive, CA=closed archive, TAMS=top-at-mark-start (previous, next)
|   0|0x00000000c0000000, 0x00000000c0100000, 0x00000000c0100000|100%|HS|  |TAMS 0x00000000c0100000, 0x00000000c0000000| Untracked 
|   1|0x00000000c0100000, 0x00000000c0200000, 0x00000000c0200000|100%|HC|  |TAMS 0x00000000c0200000, 0x00000000c0100000| Untracked 
|   2|0x00000000c0200000, 0x00000000c0300000, 0x00000000c0300000|100%|HC|  |TAMS 0x00000000c0300000, 0x00000000c0200000| Untracked 
|   3|0x00000000c0300000, 0x00000000c0400000, 0x00000000c0400000|100%|HC|  |TAMS 0x00000000c0400000, 0x00000000c0300000| Untracked 
|   4|0x00000000c0400000, 0x00000000c0500000, 0x00000000c0500000|100%|HS|  |TAMS 0x00000000c0500000, 0x00000000c0400000| Untracked 
|   5|0x00000000c0500000, 0x00000000c0600000, 0x00000000c0600000|100%|HC|  |TAMS 0x00000000c0600000, 0x00000000c0500000| Untracked 
|   6|0x00000000c0600000, 0x00000000c0700000, 0x00000000c0700000|100%| O|  |TAMS 0x00000000c0700000, 0x00000000c0600000| Untracked 
|   7|0x00000000c0700000, 0x00000000c0800000, 0x00000000c0800000|100%| O|  |TAMS 0x00000000c0800000, 0x00000000c0700000| Untracked 
|   8|0x00000000c0800000, 0x00000000c08fffe8, 0x00000000c0900000| 99%| O|  |TAMS 0x00000000c08fffe8, 0x00000000c0800000| Untracked 
|   9|0x00000000c0900000, 0x00000000c09fa3e8, 0x00000000c0a00000| 97%| O|  |TAMS 0x00000000c09fa3e8, 0x00000000c0900000| Untracked 
|  10|0x00000000c0a00000, 0x00000000c0b00000, 0x00000000c0b00000|100%| O|  |TAMS 0x00000000c0b00000, 0x00000000c0a00000| Untracked 
|  11|0x00000000c0b00000, 0x00000000c0bffff8, 0x00000000c0c00000| 99%| O|  |TAMS 0x00000000c0bffff8, 0x00000000c0b00000| Untracked 
|  12|0x00000000c0c00000, 0x00000000c0cffff0, 0x00000000c0d00000| 99%| O|  |TAMS 0x00000000c0cffff0, 0x00000000c0c00000| Untracked 
|  13|0x00000000c0d00000, 0x00000000c0dfffe0, 0x00000000c0e00000| 99%| O|  |TAMS 0x00000000c0dfffe0, 0x00000000c0d00000| Untracked 
|  14|0x00000000c0e00000, 0x00000000c0f00000, 0x00000000c0f00000|100%| O|  |TAMS 0x00000000c0f00000, 0x00000000c0e00000| Untracked 
|  15|0x00000000c0f00000, 0x00000000c0fff9a8, 0x00000000c1000000| 99%| O|  |TAMS 0x00000000c0fff9a8, 0x00000000c0f00000| Untracked 
|  16|0x00000000c1000000, 0x00000000c10fff78, 0x00000000c1100000| 99%| O|  |TAMS 0x00000000c10fff78, 0x00000000c1000000| Untracked 
|  17|0x00000000c1100000, 0x00000000c11ffff8, 0x00000000c1200000| 99%| O|  |TAMS 0x00000000c11ffff8, 0x00000000c1100000| Untracked 
|  18|0x00000000c1200000, 0x00000000c12ffff8, 0x00000000c1300000| 99%| O|  |TAMS 0x00000000c12ffff8, 0x00000000c1200000| Untracked 
|  19|0x00000000c1300000, 0x00000000c13ffff0, 0x00000000c1400000| 99%| O|  |TAMS 0x00000000c13ffff0, 0x00000000c1300000| Untracked 
|  20|0x00000000c1400000, 0x00000000c1500000, 0x00000000c1500000|100%| O|  |TAMS 0x00000000c1500000, 0x00000000c1400000| Untracked 
|  21|0x00000000c1500000, 0x00000000c15ff0d0, 0x00000000c1600000| 99%| O|  |TAMS 0x00000000c15ff0d0, 0x00000000c1500000| Untracked 
|  22|0x00000000c1600000, 0x00000000c16ffff8, 0x00000000c1700000| 99%| O|  |TAMS 0x00000000c16ffff8, 0x00000000c1600000| Untracked 
|  23|0x00000000c1700000, 0x00000000c17ffff8, 0x00000000c1800000| 99%| O|  |TAMS 0x00000000c17ffff8, 0x00000000c1700000| Untracked 
|  24|0x00000000c1800000, 0x00000000c18ffff0, 0x00000000c1900000| 99%| O|  |TAMS 0x00000000c18ffff0, 0x00000000c1800000| Untracked 
|  25|0x00000000c1900000, 0x00000000c19fb090, 0x00000000c1a00000| 98%| O|  |TAMS 0x00000000c19fb090, 0x00000000c1900000| Untracked 
|  26|0x00000000c1a00000, 0x00000000c1affff8, 0x00000000c1b00000| 99%| O|  |TAMS 0x00000000c1affff8, 0x00000000c1a00000| Untracked 
|  27|0x00000000c1b00000, 0x00000000c1bffff0, 0x00000000c1c00000| 99%| O|  |TAMS 0x00000000c1bffff0, 0x00000000c1b00000| Untracked 
|  28|0x00000000c1c00000, 0x00000000c1cfca18, 0x00000000c1d00000| 98%| O|  |TAMS 0x00000000c1cfca18, 0x00000000c1c00000| Untracked 
|  29|0x00000000c1d00000, 0x00000000c1dfffc0, 0x00000000c1e00000| 99%| O|  |TAMS 0x00000000c1dfffc0, 0x00000000c1d00000| Untracked 
|  30|0x00000000c1e00000, 0x00000000c1efffe0, 0x00000000c1f00000| 99%| O|  |TAMS 0x00000000c1efffe0, 0x00000000c1e00000| Untracked 
|  31|0x00000000c1f00000, 0x00000000c2000000, 0x00000000c2000000|100%|HS|  |TAMS 0x00000000c2000000, 0x00000000c1f00000| Untracked 
|  32|0x00000000c2000000, 0x00000000c2100000, 0x00000000c2100000|100%| O|  |TAMS 0x00000000c2100000, 0x00000000c2000000| Untracked 
|  33|0x00000000c2100000, 0x00000000c21ffff8, 0x00000000c2200000| 99%| O|  |TAMS 0x00000000c21ffff8, 0x00000000c2100000| Untracked 
|  34|0x00000000c2200000, 0x00000000c22feff0, 0x00000000c2300000| 99%| O|  |TAMS 0x00000000c22feff0, 0x00000000c2200000| Untracked 
|  35|0x00000000c2300000, 0x00000000c2400000, 0x00000000c2400000|100%|HS|  |TAMS 0x00000000c2400000, 0x00000000c2300000| Untracked 
|  36|0x00000000c2400000, 0x00000000c2500000, 0x00000000c2500000|100%|HC|  |TAMS 0x00000000c2500000, 0x00000000c2400000| Untracked 
|  37|0x00000000c2500000, 0x00000000c2600000, 0x00000000c2600000|100%| O|  |TAMS 0x00000000c2600000, 0x00000000c2500000| Untracked 
|  38|0x00000000c2600000, 0x00000000c26fffd0, 0x00000000c2700000| 99%| O|  |TAMS 0x00000000c26fffd0, 0x00000000c2600000| Untracked 
|  39|0x00000000c2700000, 0x00000000c27fffc0, 0x00000000c2800000| 99%| O|  |TAMS 0x00000000c27fffc0, 0x00000000c2700000| Untracked 
|  40|0x00000000c2800000, 0x00000000c28fffe0, 0x00000000c2900000| 99%| O|  |TAMS 0x00000000c28fffe0, 0x00000000c2800000| Untracked 
|  41|0x00000000c2900000, 0x00000000c29ff780, 0x00000000c2a00000| 99%| O|  |TAMS 0x00000000c29ff780, 0x00000000c2900000| Untracked 
|  42|0x00000000c2a00000, 0x00000000c2afffd0, 0x00000000c2b00000| 99%| O|  |TAMS 0x00000000c2afffd0, 0x00000000c2a00000| Untracked 
|  43|0x00000000c2b00000, 0x00000000c2bb9628, 0x00000000c2c00000| 72%| O|  |TAMS 0x00000000c2b00000, 0x00000000c2b00000| Untracked 
|  44|0x00000000c2c00000, 0x00000000c2ce3708, 0x00000000c2d00000| 88%| O|  |TAMS 0x00000000c2c00000, 0x00000000c2c00000| Untracked 
|  45|0x00000000c2d00000, 0x00000000c2d00000, 0x00000000c2e00000|  0%| F|  |TAMS 0x00000000c2d00000, 0x00000000c2d00000| Untracked 
|  46|0x00000000c2e00000, 0x00000000c2e00000, 0x00000000c2f00000|  0%| F|  |TAMS 0x00000000c2e00000, 0x00000000c2e00000| Untracked 
|  47|0x00000000c2f00000, 0x00000000c2f00000, 0x00000000c3000000|  0%| F|  |TAMS 0x00000000c2f00000, 0x00000000c2f00000| Untracked 
|  48|0x00000000c3000000, 0x00000000c3000000, 0x00000000c3100000|  0%| F|  |TAMS 0x00000000c3000000, 0x00000000c3000000| Untracked 
|  49|0x00000000c3100000, 0x00000000c3100000, 0x00000000c3200000|  0%| F|  |TAMS 0x00000000c3100000, 0x00000000c3100000| Untracked 
|  50|0x00000000c3200000, 0x00000000c3200000, 0x00000000c3300000|  0%| F|  |TAMS 0x00000000c3200000, 0x00000000c3200000| Untracked 
|  51|0x00000000c3300000, 0x00000000c3300000, 0x00000000c3400000|  0%| F|  |TAMS 0x00000000c3300000, 0x00000000c3300000| Untracked 
|  52|0x00000000c3400000, 0x00000000c3400000, 0x00000000c3500000|  0%| F|  |TAMS 0x00000000c3400000, 0x00000000c3400000| Untracked 
|  53|0x00000000c3500000, 0x00000000c3500000, 0x00000000c3600000|  0%| F|  |TAMS 0x00000000c3500000, 0x00000000c3500000| Untracked 
|  54|0x00000000c3600000, 0x00000000c3600000, 0x00000000c3700000|  0%| F|  |TAMS 0x00000000c3600000, 0x00000000c3600000| Untracked 
|  55|0x00000000c3700000, 0x00000000c3700000, 0x00000000c3800000|  0%| F|  |TAMS 0x00000000c3700000, 0x00000000c3700000| Untracked 
|  56|0x00000000c3800000, 0x00000000c3800000, 0x00000000c3900000|  0%| F|  |TAMS 0x00000000c3800000, 0x00000000c3800000| Untracked 
|  57|0x00000000c3900000, 0x00000000c3900000, 0x00000000c3a00000|  0%| F|  |TAMS 0x00000000c3900000, 0x00000000c3900000| Untracked 
|  58|0x00000000c3a00000, 0x00000000c3a00000, 0x00000000c3b00000|  0%| F|  |TAMS 0x00000000c3a00000, 0x00000000c3a00000| Untracked 
|  59|0x00000000c3b00000, 0x00000000c3b00000, 0x00000000c3c00000|  0%| F|  |TAMS 0x00000000c3b00000, 0x00000000c3b00000| Untracked 
|  60|0x00000000c3c00000, 0x00000000c3c00000, 0x00000000c3d00000|  0%| F|  |TAMS 0x00000000c3c00000, 0x00000000c3c00000| Untracked 
|  61|0x00000000c3d00000, 0x00000000c3d00000, 0x00000000c3e00000|  0%| F|  |TAMS 0x00000000c3d00000, 0x00000000c3d00000| Untracked 
|  62|0x00000000c3e00000, 0x00000000c3e00000, 0x00000000c3f00000|  0%| F|  |TAMS 0x00000000c3e00000, 0x00000000c3e00000| Untracked 
|  63|0x00000000c3f00000, 0x00000000c3f00000, 0x00000000c4000000|  0%| F|  |TAMS 0x00000000c3f00000, 0x00000000c3f00000| Untracked 
|  64|0x00000000c4000000, 0x00000000c4000000, 0x00000000c4100000|  0%| F|  |TAMS 0x00000000c4000000, 0x00000000c4000000| Untracked 
|  65|0x00000000c4100000, 0x00000000c4100000, 0x00000000c4200000|  0%| F|  |TAMS 0x00000000c4100000, 0x00000000c4100000| Untracked 
|  66|0x00000000c4200000, 0x00000000c4200000, 0x00000000c4300000|  0%| F|  |TAMS 0x00000000c4200000, 0x00000000c4200000| Untracked 
|  67|0x00000000c4300000, 0x00000000c4300000, 0x00000000c4400000|  0%| F|  |TAMS 0x00000000c4300000, 0x00000000c4300000| Untracked 
|  68|0x00000000c4400000, 0x00000000c4400000, 0x00000000c4500000|  0%| F|  |TAMS 0x00000000c4400000, 0x00000000c4400000| Untracked 
|  69|0x00000000c4500000, 0x00000000c4500000, 0x00000000c4600000|  0%| F|  |TAMS 0x00000000c4500000, 0x00000000c4500000| Untracked 
|  70|0x00000000c4600000, 0x00000000c4600000, 0x00000000c4700000|  0%| F|  |TAMS 0x00000000c4600000, 0x00000000c4600000| Untracked 
|  71|0x00000000c4700000, 0x00000000c4700000, 0x00000000c4800000|  0%| F|  |TAMS 0x00000000c4700000, 0x00000000c4700000| Untracked 
|  72|0x00000000c4800000, 0x00000000c4800000, 0x00000000c4900000|  0%| F|  |TAMS 0x00000000c4800000, 0x00000000c4800000| Untracked 
|  73|0x00000000c4900000, 0x00000000c4900000, 0x00000000c4a00000|  0%| F|  |TAMS 0x00000000c4900000, 0x00000000c4900000| Untracked 
|  74|0x00000000c4a00000, 0x00000000c4a00000, 0x00000000c4b00000|  0%| F|  |TAMS 0x00000000c4a00000, 0x00000000c4a00000| Untracked 
|  75|0x00000000c4b00000, 0x00000000c4b00000, 0x00000000c4c00000|  0%| F|  |TAMS 0x00000000c4b00000, 0x00000000c4b00000| Untracked 
|  76|0x00000000c4c00000, 0x00000000c4c00000, 0x00000000c4d00000|  0%| F|  |TAMS 0x00000000c4c00000, 0x00000000c4c00000| Untracked 
|  77|0x00000000c4d00000, 0x00000000c4d00000, 0x00000000c4e00000|  0%| F|  |TAMS 0x00000000c4d00000, 0x00000000c4d00000| Untracked 
|  78|0x00000000c4e00000, 0x00000000c4e00000, 0x00000000c4f00000|  0%| F|  |TAMS 0x00000000c4e00000, 0x00000000c4e00000| Untracked 
|  79|0x00000000c4f00000, 0x00000000c4f00000, 0x00000000c5000000|  0%| F|  |TAMS 0x00000000c4f00000, 0x00000000c4f00000| Untracked 
|  80|0x00000000c5000000, 0x00000000c5000000, 0x00000000c5100000|  0%| F|  |TAMS 0x00000000c5000000, 0x00000000c5000000| Untracked 
|  81|0x00000000c5100000, 0x00000000c5100000, 0x00000000c5200000|  0%| F|  |TAMS 0x00000000c5100000, 0x00000000c5100000| Untracked 
|  82|0x00000000c5200000, 0x00000000c5200000, 0x00000000c5300000|  0%| F|  |TAMS 0x00000000c5200000, 0x00000000c5200000| Untracked 
|  83|0x00000000c5300000, 0x00000000c5300000, 0x00000000c5400000|  0%| F|  |TAMS 0x00000000c5300000, 0x00000000c5300000| Untracked 
|  84|0x00000000c5400000, 0x00000000c5400000, 0x00000000c5500000|  0%| F|  |TAMS 0x00000000c5400000, 0x00000000c5400000| Untracked 
|  85|0x00000000c5500000, 0x00000000c5500000, 0x00000000c5600000|  0%| F|  |TAMS 0x00000000c5500000, 0x00000000c5500000| Untracked 
|  86|0x00000000c5600000, 0x00000000c5600000, 0x00000000c5700000|  0%| F|  |TAMS 0x00000000c5600000, 0x00000000c5600000| Untracked 
|  87|0x00000000c5700000, 0x00000000c5700000, 0x00000000c5800000|  0%| F|  |TAMS 0x00000000c5700000, 0x00000000c5700000| Untracked 
|  88|0x00000000c5800000, 0x00000000c5800000, 0x00000000c5900000|  0%| F|  |TAMS 0x00000000c5800000, 0x00000000c5800000| Untracked 
|  89|0x00000000c5900000, 0x00000000c5900000, 0x00000000c5a00000|  0%| F|  |TAMS 0x00000000c5900000, 0x00000000c5900000| Untracked 
|  90|0x00000000c5a00000, 0x00000000c5a00000, 0x00000000c5b00000|  0%| F|  |TAMS 0x00000000c5a00000, 0x00000000c5a00000| Untracked 
|  91|0x00000000c5b00000, 0x00000000c5b00000, 0x00000000c5c00000|  0%| F|  |TAMS 0x00000000c5b00000, 0x00000000c5b00000| Untracked 
|  92|0x00000000c5c00000, 0x00000000c5c00000, 0x00000000c5d00000|  0%| F|  |TAMS 0x00000000c5c00000, 0x00000000c5c00000| Untracked 
|  93|0x00000000c5d00000, 0x00000000c5d00000, 0x00000000c5e00000|  0%| F|  |TAMS 0x00000000c5d00000, 0x00000000c5d00000| Untracked 
|  94|0x00000000c5e00000, 0x00000000c5e00000, 0x00000000c5f00000|  0%| F|  |TAMS 0x00000000c5e00000, 0x00000000c5e00000| Untracked 
|  95|0x00000000c5f00000, 0x00000000c5f00000, 0x00000000c6000000|  0%| F|  |TAMS 0x00000000c5f00000, 0x00000000c5f00000| Untracked 
|  96|0x00000000c6000000, 0x00000000c6000000, 0x00000000c6100000|  0%| F|  |TAMS 0x00000000c6000000, 0x00000000c6000000| Untracked 
|  97|0x00000000c6100000, 0x00000000c6100000, 0x00000000c6200000|  0%| F|  |TAMS 0x00000000c6100000, 0x00000000c6100000| Untracked 
|  98|0x00000000c6200000, 0x00000000c6200000, 0x00000000c6300000|  0%| F|  |TAMS 0x00000000c6200000, 0x00000000c6200000| Untracked 
|  99|0x00000000c6300000, 0x00000000c6300000, 0x00000000c6400000|  0%| F|  |TAMS 0x00000000c6300000, 0x00000000c6300000| Untracked 
| 100|0x00000000c6400000, 0x00000000c6400000, 0x00000000c6500000|  0%| F|  |TAMS 0x00000000c6400000, 0x00000000c6400000| Untracked 
| 101|0x00000000c6500000, 0x00000000c6500000, 0x00000000c6600000|  0%| F|  |TAMS 0x00000000c6500000, 0x00000000c6500000| Untracked 
| 102|0x00000000c6600000, 0x00000000c6600000, 0x00000000c6700000|  0%| F|  |TAMS 0x00000000c6600000, 0x00000000c6600000| Untracked 
| 103|0x00000000c6700000, 0x00000000c6700000, 0x00000000c6800000|  0%| F|  |TAMS 0x00000000c6700000, 0x00000000c6700000| Untracked 
| 104|0x00000000c6800000, 0x00000000c6800000, 0x00000000c6900000|  0%| F|  |TAMS 0x00000000c6800000, 0x00000000c6800000| Untracked 
| 105|0x00000000c6900000, 0x00000000c6900000, 0x00000000c6a00000|  0%| F|  |TAMS 0x00000000c6900000, 0x00000000c6900000| Untracked 
| 106|0x00000000c6a00000, 0x00000000c6a00000, 0x00000000c6b00000|  0%| F|  |TAMS 0x00000000c6a00000, 0x00000000c6a00000| Untracked 
| 107|0x00000000c6b00000, 0x00000000c6b00000, 0x00000000c6c00000|  0%| F|  |TAMS 0x00000000c6b00000, 0x00000000c6b00000| Untracked 
| 108|0x00000000c6c00000, 0x00000000c6c00000, 0x00000000c6d00000|  0%| F|  |TAMS 0x00000000c6c00000, 0x00000000c6c00000| Untracked 
| 109|0x00000000c6d00000, 0x00000000c6d00000, 0x00000000c6e00000|  0%| F|  |TAMS 0x00000000c6d00000, 0x00000000c6d00000| Untracked 
| 110|0x00000000c6e00000, 0x00000000c6e00000, 0x00000000c6f00000|  0%| F|  |TAMS 0x00000000c6e00000, 0x00000000c6e00000| Untracked 
| 111|0x00000000c6f00000, 0x00000000c6f00000, 0x00000000c7000000|  0%| F|  |TAMS 0x00000000c6f00000, 0x00000000c6f00000| Untracked 
| 112|0x00000000c7000000, 0x00000000c7000000, 0x00000000c7100000|  0%| F|  |TAMS 0x00000000c7000000, 0x00000000c7000000| Untracked 
| 113|0x00000000c7100000, 0x00000000c7100000, 0x00000000c7200000|  0%| F|  |TAMS 0x00000000c7100000, 0x00000000c7100000| Untracked 
| 114|0x00000000c7200000, 0x00000000c7200000, 0x00000000c7300000|  0%| F|  |TAMS 0x00000000c7200000, 0x00000000c7200000| Untracked 
| 115|0x00000000c7300000, 0x00000000c7300000, 0x00000000c7400000|  0%| F|  |TAMS 0x00000000c7300000, 0x00000000c7300000| Untracked 
| 116|0x00000000c7400000, 0x00000000c7400000, 0x00000000c7500000|  0%| F|  |TAMS 0x00000000c7400000, 0x00000000c7400000| Untracked 
| 117|0x00000000c7500000, 0x00000000c7500000, 0x00000000c7600000|  0%| F|  |TAMS 0x00000000c7500000, 0x00000000c7500000| Untracked 
| 118|0x00000000c7600000, 0x00000000c7600000, 0x00000000c7700000|  0%| F|  |TAMS 0x00000000c7600000, 0x00000000c7600000| Untracked 
| 119|0x00000000c7700000, 0x00000000c7700000, 0x00000000c7800000|  0%| F|  |TAMS 0x00000000c7700000, 0x00000000c7700000| Untracked 
| 120|0x00000000c7800000, 0x00000000c7800000, 0x00000000c7900000|  0%| F|  |TAMS 0x00000000c7800000, 0x00000000c7800000| Untracked 
| 121|0x00000000c7900000, 0x00000000c7900000, 0x00000000c7a00000|  0%| F|  |TAMS 0x00000000c7900000, 0x00000000c7900000| Untracked 
| 122|0x00000000c7a00000, 0x00000000c7a00000, 0x00000000c7b00000|  0%| F|  |TAMS 0x00000000c7a00000, 0x00000000c7a00000| Untracked 
| 123|0x00000000c7b00000, 0x00000000c7b00000, 0x00000000c7c00000|  0%| F|  |TAMS 0x00000000c7b00000, 0x00000000c7b00000| Untracked 
| 124|0x00000000c7c00000, 0x00000000c7c00000, 0x00000000c7d00000|  0%| F|  |TAMS 0x00000000c7c00000, 0x00000000c7c00000| Untracked 
| 125|0x00000000c7d00000, 0x00000000c7d00000, 0x00000000c7e00000|  0%| F|  |TAMS 0x00000000c7d00000, 0x00000000c7d00000| Untracked 
| 126|0x00000000c7e00000, 0x00000000c7e00000, 0x00000000c7f00000|  0%| F|  |TAMS 0x00000000c7e00000, 0x00000000c7e00000| Untracked 
| 127|0x00000000c7f00000, 0x00000000c7f00000, 0x00000000c8000000|  0%| F|  |TAMS 0x00000000c7f00000, 0x00000000c7f00000| Untracked 
| 128|0x00000000c8000000, 0x00000000c8000000, 0x00000000c8100000|  0%| F|  |TAMS 0x00000000c8000000, 0x00000000c8000000| Untracked 
| 129|0x00000000c8100000, 0x00000000c8100000, 0x00000000c8200000|  0%| F|  |TAMS 0x00000000c8100000, 0x00000000c8100000| Untracked 
| 130|0x00000000c8200000, 0x00000000c8200000, 0x00000000c8300000|  0%| F|  |TAMS 0x00000000c8200000, 0x00000000c8200000| Untracked 
| 131|0x00000000c8300000, 0x00000000c8300000, 0x00000000c8400000|  0%| F|  |TAMS 0x00000000c8300000, 0x00000000c8300000| Untracked 
| 132|0x00000000c8400000, 0x00000000c8400000, 0x00000000c8500000|  0%| F|  |TAMS 0x00000000c8400000, 0x00000000c8400000| Untracked 
| 133|0x00000000c8500000, 0x00000000c8500000, 0x00000000c8600000|  0%| F|  |TAMS 0x00000000c8500000, 0x00000000c8500000| Untracked 
| 134|0x00000000c8600000, 0x00000000c8600000, 0x00000000c8700000|  0%| F|  |TAMS 0x00000000c8600000, 0x00000000c8600000| Untracked 
| 135|0x00000000c8700000, 0x00000000c8700000, 0x00000000c8800000|  0%| F|  |TAMS 0x00000000c8700000, 0x00000000c8700000| Untracked 
| 136|0x00000000c8800000, 0x00000000c8800000, 0x00000000c8900000|  0%| F|  |TAMS 0x00000000c8800000, 0x00000000c8800000| Untracked 
| 137|0x00000000c8900000, 0x00000000c8900000, 0x00000000c8a00000|  0%| F|  |TAMS 0x00000000c8900000, 0x00000000c8900000| Untracked 
| 138|0x00000000c8a00000, 0x00000000c8a00000, 0x00000000c8b00000|  0%| F|  |TAMS 0x00000000c8a00000, 0x00000000c8a00000| Untracked 
| 139|0x00000000c8b00000, 0x00000000c8b00000, 0x00000000c8c00000|  0%| F|  |TAMS 0x00000000c8b00000, 0x00000000c8b00000| Untracked 
| 140|0x00000000c8c00000, 0x00000000c8c00000, 0x00000000c8d00000|  0%| F|  |TAMS 0x00000000c8c00000, 0x00000000c8c00000| Untracked 
| 141|0x00000000c8d00000, 0x00000000c8d00000, 0x00000000c8e00000|  0%| F|  |TAMS 0x00000000c8d00000, 0x00000000c8d00000| Untracked 
| 142|0x00000000c8e00000, 0x00000000c8e00000, 0x00000000c8f00000|  0%| F|  |TAMS 0x00000000c8e00000, 0x00000000c8e00000| Untracked 
| 143|0x00000000c8f00000, 0x00000000c8f00000, 0x00000000c9000000|  0%| F|  |TAMS 0x00000000c8f00000, 0x00000000c8f00000| Untracked 
| 144|0x00000000c9000000, 0x00000000c9000000, 0x00000000c9100000|  0%| F|  |TAMS 0x00000000c9000000, 0x00000000c9000000| Untracked 
| 145|0x00000000c9100000, 0x00000000c9100000, 0x00000000c9200000|  0%| F|  |TAMS 0x00000000c9100000, 0x00000000c9100000| Untracked 
| 146|0x00000000c9200000, 0x00000000c9200000, 0x00000000c9300000|  0%| F|  |TAMS 0x00000000c9200000, 0x00000000c9200000| Untracked 
| 147|0x00000000c9300000, 0x00000000c9300000, 0x00000000c9400000|  0%| F|  |TAMS 0x00000000c9300000, 0x00000000c9300000| Untracked 
| 148|0x00000000c9400000, 0x00000000c9400000, 0x00000000c9500000|  0%| F|  |TAMS 0x00000000c9400000, 0x00000000c9400000| Untracked 
| 149|0x00000000c9500000, 0x00000000c95058a8, 0x00000000c9600000|  2%| E|  |TAMS 0x00000000c9500000, 0x00000000c9500000| Complete 

Card table byte_map: [0x0000017fe6bd0000,0x0000017fe6dd0000] _byte_map_base: 0x0000017fe65d0000

Marking Bits (Prev, Next): (CMBitMap*) 0x0000017fe0a588b0, (CMBitMap*) 0x0000017fe0a588f0
 Prev Bits: [0x0000017fe6fd0000, 0x0000017fe7fd0000)
 Next Bits: [0x0000017fe7fd0000, 0x0000017fe8fd0000)

Polling page: 0x0000017fde9d0000

Metaspace:

Usage:
  Non-class:     50.34 MB used.
      Class:      7.15 MB used.
       Both:     57.49 MB used.

Virtual space:
  Non-class space:       64.00 MB reserved,      50.62 MB ( 79%) committed,  1 nodes.
      Class space:        1.00 GB reserved,       7.38 MB ( <1%) committed,  1 nodes.
             Both:        1.06 GB reserved,      58.00 MB (  5%) committed. 

Chunk freelists:
   Non-Class:  12.75 MB
       Class:  8.59 MB
        Both:  21.34 MB

MaxMetaspaceSize: unlimited
CompressedClassSpaceSize: 1.00 GB
Initial GC threshold: 21.00 MB
Current GC threshold: 96.50 MB
CDS: off
MetaspaceReclaimPolicy: balanced
 - commit_granule_bytes: 65536.
 - commit_granule_words: 8192.
 - virtual_space_node_default_size: 8388608.
 - enlarge_chunks_in_place: 1.
 - new_chunks_are_fully_committed: 0.
 - uncommit_free_chunks: 1.
 - use_allocation_guard: 0.
 - handle_deallocations: 1.


Internal statistics:

num_allocs_failed_limit: 6.
num_arena_births: 802.
num_arena_deaths: 292.
num_vsnodes_births: 2.
num_vsnodes_deaths: 0.
num_space_committed: 928.
num_space_uncommitted: 0.
num_chunks_returned_to_freelist: 357.
num_chunks_taken_from_freelist: 2808.
num_chunk_merges: 120.
num_chunk_splits: 1814.
num_chunks_enlarged: 1333.
num_inconsistent_stats: 0.

CodeCache: size=49152Kb used=19037Kb max_used=20185Kb free=30114Kb
 bounds [0x0000017fe36a0000, 0x0000017fe4a70000, 0x0000017fe66a0000]
 total_blobs=10371 nmethods=9693 adapters=601
 compilation: enabled
              stopped_count=0, restarted_count=0
 full_count=0

Compilation events (20 events):
Event: 4014.755 Thread 0x0000017ff001c020 9839       1       org.eclipse.jdt.core.dom.ASTConverter::convert (40 bytes)
Event: 4014.762 Thread 0x0000017ff001c020 nmethod 9839 0x0000017fe4909290 code [0x0000017fe4909480, 0x0000017fe49097a8]
Event: 4014.762 Thread 0x0000017ff001c020 9843       1       org.eclipse.jdt.core.dom.ASTConverter::convert (632 bytes)
Event: 4014.779 Thread 0x0000017ff001c020 nmethod 9843 0x0000017fe4906410 code [0x0000017fe49068a0, 0x0000017fe49080e8]
Event: 4014.779 Thread 0x0000017ff001c020 9840       1       org.eclipse.jdt.core.dom.ASTConverter$$Lambda$968/0x000000010070d700::<init> (10 bytes)
Event: 4014.780 Thread 0x0000017ff001c020 nmethod 9840 0x0000017fe4906110 code [0x0000017fe49062a0, 0x0000017fe49063b8]
Event: 4014.780 Thread 0x0000017ff001c020 9841       1       org.eclipse.jdt.core.dom.ASTConverter$$Lambda$969/0x000000010070e0e8::<init> (10 bytes)
Event: 4014.780 Thread 0x0000017ff001c020 nmethod 9841 0x0000017fe4905e10 code [0x0000017fe4905fa0, 0x0000017fe49060b8]
Event: 4014.780 Thread 0x0000017ff001c020 9842       1       org.eclipse.jdt.core.dom.ASTConverter$$Lambda$968/0x000000010070d700::getJavaDoc (8 bytes)
Event: 4014.780 Thread 0x0000017ff001c020 nmethod 9842 0x0000017fe4905990 code [0x0000017fe4905b40, 0x0000017fe4905cc8]
Event: 4014.780 Thread 0x0000017ff001c020 9844       1       org.eclipse.jdt.core.dom.AbstractTypeDeclaration::setName (42 bytes)
Event: 4014.781 Thread 0x0000017ff001c020 nmethod 9844 0x0000017fe4905410 code [0x0000017fe49055e0, 0x0000017fe4905838]
Event: 4456.028 Thread 0x0000017ff001c020 9847       1       java.io.FileDescriptor::setHandle (33 bytes)
Event: 4456.051 Thread 0x0000017ff001c020 nmethod 9847 0x0000017fe4904c90 code [0x0000017fe4904e20, 0x0000017fe4904f68]
Event: 4456.051 Thread 0x0000017ff001c020 9848       1       java.io.FileDescriptor$1::registerCleanup (5 bytes)
Event: 4456.086 Thread 0x0000017ff001c020 nmethod 9848 0x0000017fe4904990 code [0x0000017fe4904b20, 0x0000017fe4904c08]
Event: 4631.954 Thread 0x0000017ff001c020 9849   !   1       java.lang.ref.Reference::processPendingReferences (118 bytes)
Event: 4632.003 Thread 0x0000017ff001c020 nmethod 9849 0x0000017fe4903d90 code [0x0000017fe4903fe0, 0x0000017fe4904638]
Event: 4652.632 Thread 0x0000017ff001c020 9850   !   1       com.google.common.io.Closeables::close (37 bytes)
Event: 4652.691 Thread 0x0000017ff001c020 nmethod 9850 0x0000017fe4903610 code [0x0000017fe4903800, 0x0000017fe4903ba8]

GC Heap History (20 events):
Event: 4621.565 GC heap before
{Heap before GC invocations=301 (full 82):
 garbage-first heap   total 153600K, used 46486K [0x00000000c0000000, 0x0000000100000000)
  region size 1024K, 1 young (1024K), 0 survivors (0K)
 Metaspace       used 58869K, committed 59392K, reserved 1114112K
  class space    used 7321K, committed 7552K, reserved 1048576K
}
Event: 4621.600 GC heap after
{Heap after GC invocations=302 (full 83):
 garbage-first heap   total 153600K, used 46486K [0x00000000c0000000, 0x0000000100000000)
  region size 1024K, 0 young (0K), 0 survivors (0K)
 Metaspace       used 58869K, committed 59392K, reserved 1114112K
  class space    used 7321K, committed 7552K, reserved 1048576K
}
Event: 4631.918 GC heap before
{Heap before GC invocations=302 (full 83):
 garbage-first heap   total 153600K, used 46486K [0x00000000c0000000, 0x0000000100000000)
  region size 1024K, 1 young (1024K), 0 survivors (0K)
 Metaspace       used 58869K, committed 59392K, reserved 1114112K
  class space    used 7321K, committed 7552K, reserved 1048576K
}
Event: 4631.952 GC heap after
{Heap after GC invocations=303 (full 84):
 garbage-first heap   total 153600K, used 46485K [0x00000000c0000000, 0x0000000100000000)
  region size 1024K, 0 young (0K), 0 survivors (0K)
 Metaspace       used 58869K, committed 59392K, reserved 1114112K
  class space    used 7321K, committed 7552K, reserved 1048576K
}
Event: 4642.289 GC heap before
{Heap before GC invocations=303 (full 84):
 garbage-first heap   total 153600K, used 46485K [0x00000000c0000000, 0x0000000100000000)
  region size 1024K, 1 young (1024K), 0 survivors (0K)
 Metaspace       used 58869K, committed 59392K, reserved 1114112K
  class space    used 7321K, committed 7552K, reserved 1048576K
}
Event: 4642.317 GC heap after
{Heap after GC invocations=304 (full 85):
 garbage-first heap   total 153600K, used 46485K [0x00000000c0000000, 0x0000000100000000)
  region size 1024K, 0 young (0K), 0 survivors (0K)
 Metaspace       used 58869K, committed 59392K, reserved 1114112K
  class space    used 7321K, committed 7552K, reserved 1048576K
}
Event: 4652.633 GC heap before
{Heap before GC invocations=304 (full 85):
 garbage-first heap   total 153600K, used 46485K [0x00000000c0000000, 0x0000000100000000)
  region size 1024K, 1 young (1024K), 0 survivors (0K)
 Metaspace       used 58869K, committed 59392K, reserved 1114112K
  class space    used 7321K, committed 7552K, reserved 1048576K
}
Event: 4652.663 GC heap after
{Heap after GC invocations=305 (full 86):
 garbage-first heap   total 153600K, used 46485K [0x00000000c0000000, 0x0000000100000000)
  region size 1024K, 0 young (0K), 0 survivors (0K)
 Metaspace       used 58869K, committed 59392K, reserved 1114112K
  class space    used 7321K, committed 7552K, reserved 1048576K
}
Event: 4663.031 GC heap before
{Heap before GC invocations=305 (full 86):
 garbage-first heap   total 153600K, used 46485K [0x00000000c0000000, 0x0000000100000000)
  region size 1024K, 1 young (1024K), 0 survivors (0K)
 Metaspace       used 58869K, committed 59392K, reserved 1114112K
  class space    used 7321K, committed 7552K, reserved 1048576K
}
Event: 4663.061 GC heap after
{Heap after GC invocations=306 (full 87):
 garbage-first heap   total 153600K, used 46485K [0x00000000c0000000, 0x0000000100000000)
  region size 1024K, 0 young (0K), 0 survivors (0K)
 Metaspace       used 58869K, committed 59392K, reserved 1114112K
  class space    used 7321K, committed 7552K, reserved 1048576K
}
Event: 4673.377 GC heap before
{Heap before GC invocations=306 (full 87):
 garbage-first heap   total 153600K, used 46485K [0x00000000c0000000, 0x0000000100000000)
  region size 1024K, 1 young (1024K), 0 survivors (0K)
 Metaspace       used 58869K, committed 59392K, reserved 1114112K
  class space    used 7321K, committed 7552K, reserved 1048576K
}
Event: 4673.405 GC heap after
{Heap after GC invocations=307 (full 88):
 garbage-first heap   total 153600K, used 46485K [0x00000000c0000000, 0x0000000100000000)
  region size 1024K, 0 young (0K), 0 survivors (0K)
 Metaspace       used 58869K, committed 59392K, reserved 1114112K
  class space    used 7321K, committed 7552K, reserved 1048576K
}
Event: 4683.715 GC heap before
{Heap before GC invocations=307 (full 88):
 garbage-first heap   total 153600K, used 46485K [0x00000000c0000000, 0x0000000100000000)
  region size 1024K, 1 young (1024K), 0 survivors (0K)
 Metaspace       used 58869K, committed 59392K, reserved 1114112K
  class space    used 7321K, committed 7552K, reserved 1048576K
}
Event: 4683.746 GC heap after
{Heap after GC invocations=308 (full 89):
 garbage-first heap   total 153600K, used 45614K [0x00000000c0000000, 0x0000000100000000)
  region size 1024K, 0 young (0K), 0 survivors (0K)
 Metaspace       used 58869K, committed 59392K, reserved 1114112K
  class space    used 7321K, committed 7552K, reserved 1048576K
}
Event: 4694.098 GC heap before
{Heap before GC invocations=308 (full 89):
 garbage-first heap   total 153600K, used 45614K [0x00000000c0000000, 0x0000000100000000)
  region size 1024K, 1 young (1024K), 0 survivors (0K)
 Metaspace       used 58869K, committed 59392K, reserved 1114112K
  class space    used 7321K, committed 7552K, reserved 1048576K
}
Event: 4694.136 GC heap after
{Heap after GC invocations=309 (full 90):
 garbage-first heap   total 153600K, used 45614K [0x00000000c0000000, 0x0000000100000000)
  region size 1024K, 0 young (0K), 0 survivors (0K)
 Metaspace       used 58869K, committed 59392K, reserved 1114112K
  class space    used 7321K, committed 7552K, reserved 1048576K
}
Event: 4704.485 GC heap before
{Heap before GC invocations=309 (full 90):
 garbage-first heap   total 153600K, used 45614K [0x00000000c0000000, 0x0000000100000000)
  region size 1024K, 1 young (1024K), 0 survivors (0K)
 Metaspace       used 58869K, committed 59392K, reserved 1114112K
  class space    used 7321K, committed 7552K, reserved 1048576K
}
Event: 4704.513 GC heap after
{Heap after GC invocations=310 (full 91):
 garbage-first heap   total 153600K, used 45614K [0x00000000c0000000, 0x0000000100000000)
  region size 1024K, 0 young (0K), 0 survivors (0K)
 Metaspace       used 58869K, committed 59392K, reserved 1114112K
  class space    used 7321K, committed 7552K, reserved 1048576K
}
Event: 4714.888 GC heap before
{Heap before GC invocations=310 (full 91):
 garbage-first heap   total 153600K, used 45614K [0x00000000c0000000, 0x0000000100000000)
  region size 1024K, 1 young (1024K), 0 survivors (0K)
 Metaspace       used 58869K, committed 59392K, reserved 1114112K
  class space    used 7321K, committed 7552K, reserved 1048576K
}
Event: 4714.924 GC heap after
{Heap after GC invocations=311 (full 92):
 garbage-first heap   total 153600K, used 45614K [0x00000000c0000000, 0x0000000100000000)
  region size 1024K, 0 young (0K), 0 survivors (0K)
 Metaspace       used 58869K, committed 59392K, reserved 1114112K
  class space    used 7321K, committed 7552K, reserved 1048576K
}

Dll operation events (10 events):
Event: 0.033 Loaded shared library c:\Users\oo199\.vscode\extensions\redhat.java-1.29.0-win32-x64\jre\17.0.10-win32-x86_64\bin\java.dll
Event: 1.109 Loaded shared library C:\Users\oo199\.vscode\extensions\redhat.java-1.29.0-win32-x64\jre\17.0.10-win32-x86_64\bin\net.dll
Event: 1.113 Loaded shared library C:\Users\oo199\.vscode\extensions\redhat.java-1.29.0-win32-x64\jre\17.0.10-win32-x86_64\bin\nio.dll
Event: 1.156 Loaded shared library C:\Users\oo199\.vscode\extensions\redhat.java-1.29.0-win32-x64\jre\17.0.10-win32-x86_64\bin\zip.dll
Event: 2.585 Loaded shared library C:\Users\oo199\.vscode\extensions\redhat.java-1.29.0-win32-x64\jre\17.0.10-win32-x86_64\bin\jimage.dll
Event: 6.215 Loaded shared library c:\Users\oo199\.vscode\extensions\redhat.java-1.29.0-win32-x64\jre\17.0.10-win32-x86_64\bin\verify.dll
Event: 10.570 Loaded shared library C:\Users\oo199\.vscode\extensions\redhat.java-1.29.0-win32-x64\jre\17.0.10-win32-x86_64\bin\management.dll
Event: 10.573 Loaded shared library C:\Users\oo199\.vscode\extensions\redhat.java-1.29.0-win32-x64\jre\17.0.10-win32-x86_64\bin\management_ext.dll
Event: 11.984 Loaded shared library C:\Users\oo199\.vscode\extensions\redhat.java-1.29.0-win32-x64\jre\17.0.10-win32-x86_64\bin\sunmscapi.dll
Event: 12.409 Loaded shared library C:\Users\oo199\.vscode\extensions\redhat.java-1.29.0-win32-x64\jre\17.0.10-win32-x86_64\bin\extnet.dll

Deoptimization events (20 events):
Event: 13.180 Thread 0x0000017ff1825e70 DEOPT PACKING pc=0x0000017fe3e0b324 sp=0x0000003d071fedf0
Event: 13.180 Thread 0x0000017ff1825e70 DEOPT UNPACKING pc=0x0000017fe36f7143 sp=0x0000003d071fe2d8 mode 0
Event: 107.074 Thread 0x0000017ff142c040 DEOPT PACKING pc=0x0000017fe3d3d554 sp=0x0000003d068feda0
Event: 107.074 Thread 0x0000017ff142c040 DEOPT UNPACKING pc=0x0000017fe36f7143 sp=0x0000003d068fe248 mode 0
Event: 145.404 Thread 0x0000017ff18277c0 DEOPT PACKING pc=0x0000017fe3f3638c sp=0x0000003d06efe130
Event: 145.405 Thread 0x0000017ff18277c0 DEOPT UNPACKING pc=0x0000017fe36f7143 sp=0x0000003d06efd698 mode 0
Event: 145.405 Thread 0x0000017ff18277c0 DEOPT PACKING pc=0x0000017fe4014b4c sp=0x0000003d06efe260
Event: 145.405 Thread 0x0000017ff18277c0 DEOPT UNPACKING pc=0x0000017fe36f7143 sp=0x0000003d06efd740 mode 0
Event: 145.405 Thread 0x0000017ff18277c0 DEOPT PACKING pc=0x0000017fe3f3638c sp=0x0000003d06efe390
Event: 145.405 Thread 0x0000017ff18277c0 DEOPT UNPACKING pc=0x0000017fe36f7143 sp=0x0000003d06efd8f8 mode 0
Event: 145.405 Thread 0x0000017ff18277c0 DEOPT PACKING pc=0x0000017fe4014b4c sp=0x0000003d06efe4c0
Event: 145.405 Thread 0x0000017ff18277c0 DEOPT UNPACKING pc=0x0000017fe36f7143 sp=0x0000003d06efd9b8 mode 0
Event: 145.414 Thread 0x0000017ff18277c0 DEOPT PACKING pc=0x0000017fe3f3638c sp=0x0000003d06efe830
Event: 145.415 Thread 0x0000017ff18277c0 DEOPT UNPACKING pc=0x0000017fe36f7143 sp=0x0000003d06efdd98 mode 0
Event: 145.415 Thread 0x0000017ff18277c0 DEOPT PACKING pc=0x0000017fe4014b4c sp=0x0000003d06efe960
Event: 145.415 Thread 0x0000017ff18277c0 DEOPT UNPACKING pc=0x0000017fe36f7143 sp=0x0000003d06efde58 mode 0
Event: 488.929 Thread 0x0000017ff0ac6f90 DEOPT PACKING pc=0x0000017fe441d4a6 sp=0x0000003d06afe730
Event: 488.929 Thread 0x0000017ff0ac6f90 DEOPT UNPACKING pc=0x0000017fe36f7143 sp=0x0000003d06afdcb8 mode 0
Event: 552.191 Thread 0x0000017ff0ac6f90 DEOPT PACKING pc=0x0000017fe42b79fc sp=0x0000003d06afe810
Event: 552.191 Thread 0x0000017ff0ac6f90 DEOPT UNPACKING pc=0x0000017fe36f7143 sp=0x0000003d06afdd90 mode 0

Classes unloaded (20 events):
Event: 1627.447 Thread 0x0000017febc717a0 Unloading class 0x0000000100752c00 'jdk/internal/reflect/GeneratedConstructorAccessor45'
Event: 1627.447 Thread 0x0000017febc717a0 Unloading class 0x0000000100752800 'jdk/internal/reflect/GeneratedMethodAccessor16'
Event: 1627.447 Thread 0x0000017febc717a0 Unloading class 0x0000000100752400 'jdk/internal/reflect/GeneratedConstructorAccessor44'
Event: 1627.447 Thread 0x0000017febc717a0 Unloading class 0x0000000100752000 'jdk/internal/reflect/GeneratedMethodAccessor15'
Event: 1627.447 Thread 0x0000017febc717a0 Unloading class 0x0000000100751c00 'jdk/internal/reflect/GeneratedMethodAccessor14'
Event: 1627.447 Thread 0x0000017febc717a0 Unloading class 0x0000000100751800 'jdk/internal/reflect/GeneratedMethodAccessor13'
Event: 3387.101 Thread 0x0000017febc717a0 Unloading class 0x0000000100767400 'jdk/internal/reflect/GeneratedMethodAccessor32'
Event: 3387.102 Thread 0x0000017febc717a0 Unloading class 0x0000000100767000 'jdk/internal/reflect/GeneratedConstructorAccessor63'
Event: 3387.102 Thread 0x0000017febc717a0 Unloading class 0x0000000100751800 'jdk/internal/reflect/GeneratedConstructorAccessor62'
Event: 3387.102 Thread 0x0000017febc717a0 Unloading class 0x0000000100764c00 'jdk/internal/reflect/GeneratedMethodAccessor30'
Event: 3387.102 Thread 0x0000017febc717a0 Unloading class 0x0000000100766000 'jdk/internal/reflect/GeneratedMethodAccessor29'
Event: 3387.102 Thread 0x0000017febc717a0 Unloading class 0x0000000100753000 'jdk/internal/reflect/GeneratedMethodAccessor28'
Event: 3515.087 Thread 0x0000017febc717a0 Unloading class 0x0000000100751c00 'jdk/internal/reflect/GeneratedMethodAccessor31'
Event: 4167.292 Thread 0x0000017febc717a0 Unloading class 0x0000000100767400 'jdk/internal/reflect/GeneratedMethodAccessor38'
Event: 4167.292 Thread 0x0000017febc717a0 Unloading class 0x0000000100767000 'jdk/internal/reflect/GeneratedConstructorAccessor66'
Event: 4167.292 Thread 0x0000017febc717a0 Unloading class 0x0000000100751c00 'jdk/internal/reflect/GeneratedMethodAccessor37'
Event: 4167.292 Thread 0x0000017febc717a0 Unloading class 0x0000000100751800 'jdk/internal/reflect/GeneratedMethodAccessor36'
Event: 4167.292 Thread 0x0000017febc717a0 Unloading class 0x0000000100753000 'jdk/internal/reflect/GeneratedMethodAccessor35'
Event: 4167.292 Thread 0x0000017febc717a0 Unloading class 0x0000000100766000 'jdk/internal/reflect/GeneratedMethodAccessor34'
Event: 4167.292 Thread 0x0000017febc717a0 Unloading class 0x0000000100764c00 'jdk/internal/reflect/GeneratedConstructorAccessor65'

Classes redefined (0 events):
No events

Internal exceptions (20 events):
Event: 219.391 Thread 0x0000017ff0ac6570 Exception <a 'java/lang/NoSuchMethodError'{0x00000000c6425780}: 'java.lang.Object java.lang.invoke.Invokers$Holder.linkToTargetMethod(java.lang.Object, int, java.lang.Object, java.lang.Object)'> (0x00000000c6425780) 
thrown [s\src\hotspot\share\interpreter\linkResolver.cpp, line 759]
Event: 313.165 Thread 0x0000017ff0ac79b0 Exception <a 'java/io/IOException'{0x00000000c5941dd8}> (0x00000000c5941dd8) 
thrown [s\src\hotspot\share\prims\jni.cpp, line 516]
Event: 313.574 Thread 0x0000017ff0ac7ec0 Exception <a 'java/io/IOException'{0x00000000c594c8e8}> (0x00000000c594c8e8) 
thrown [s\src\hotspot\share\prims\jni.cpp, line 516]
Event: 314.277 Thread 0x0000017ff0acac50 Exception <a 'java/io/IOException'{0x00000000c6735f28}> (0x00000000c6735f28) 
thrown [s\src\hotspot\share\prims\jni.cpp, line 516]
Event: 1087.082 Thread 0x0000017ff0ac74a0 Implicit null exception at 0x0000017fe4720c37 to 0x0000017fe4720d5a
Event: 1087.082 Thread 0x0000017ff0ac74a0 Exception <a 'java/lang/NullPointerException'{0x00000000c636d580}> (0x00000000c636d580) 
thrown [s\src\hotspot\share\runtime\sharedRuntime.cpp, line 631]
Event: 1111.925 Thread 0x0000017ff2ac9600 Implicit null exception at 0x0000017fe4720c37 to 0x0000017fe4720d5a
Event: 1111.925 Thread 0x0000017ff2ac9600 Exception <a 'java/lang/NullPointerException'{0x00000000c99a34a0}> (0x00000000c99a34a0) 
thrown [s\src\hotspot\share\runtime\sharedRuntime.cpp, line 631]
Event: 1227.658 Thread 0x0000017ff298d650 Implicit null exception at 0x0000017fe4720c37 to 0x0000017fe4720d5a
Event: 1227.658 Thread 0x0000017ff298d650 Exception <a 'java/lang/NullPointerException'{0x00000000c820b7e0}> (0x00000000c820b7e0) 
thrown [s\src\hotspot\share\runtime\sharedRuntime.cpp, line 631]
Event: 1650.076 Thread 0x0000017ff0acc090 Implicit null exception at 0x0000017fe4720c37 to 0x0000017fe4720d5a
Event: 1650.076 Thread 0x0000017ff0acc090 Exception <a 'java/lang/NullPointerException'{0x00000000c569f830}> (0x00000000c569f830) 
thrown [s\src\hotspot\share\runtime\sharedRuntime.cpp, line 631]
Event: 3705.636 Thread 0x0000017ff0ac6a80 Implicit null exception at 0x0000017fe4720c37 to 0x0000017fe4720d5a
Event: 3705.639 Thread 0x0000017ff0ac6a80 Exception <a 'java/lang/NullPointerException'{0x00000000c8b0d780}> (0x00000000c8b0d780) 
thrown [s\src\hotspot\share\runtime\sharedRuntime.cpp, line 631]
Event: 3829.884 Thread 0x0000017ff0ac9300 Implicit null exception at 0x0000017fe4720c37 to 0x0000017fe4720d5a
Event: 3829.884 Thread 0x0000017ff0ac9300 Exception <a 'java/lang/NullPointerException'{0x00000000c3c1f7a0}> (0x00000000c3c1f7a0) 
thrown [s\src\hotspot\share\runtime\sharedRuntime.cpp, line 631]
Event: 3906.538 Thread 0x0000017ff0ac6060 Implicit null exception at 0x0000017fe4720c37 to 0x0000017fe4720d5a
Event: 3906.538 Thread 0x0000017ff0ac6060 Exception <a 'java/lang/NullPointerException'{0x00000000c5d59b78}> (0x00000000c5d59b78) 
thrown [s\src\hotspot\share\runtime\sharedRuntime.cpp, line 631]
Event: 3924.652 Thread 0x0000017ff0ac5130 Implicit null exception at 0x0000017fe4720c37 to 0x0000017fe4720d5a
Event: 3924.652 Thread 0x0000017ff0ac5130 Exception <a 'java/lang/NullPointerException'{0x00000000cae0dc30}> (0x00000000cae0dc30) 
thrown [s\src\hotspot\share\runtime\sharedRuntime.cpp, line 631]

VM Operations (20 events):
Event: 4621.601 Executing VM operation: G1CollectFull done
Event: 4631.918 Executing VM operation: G1CollectFull
Event: 4631.952 Executing VM operation: G1CollectFull done
Event: 4642.289 Executing VM operation: G1CollectFull
Event: 4642.317 Executing VM operation: G1CollectFull done
Event: 4652.632 Executing VM operation: G1CollectFull
Event: 4652.663 Executing VM operation: G1CollectFull done
Event: 4663.031 Executing VM operation: G1CollectFull
Event: 4663.062 Executing VM operation: G1CollectFull done
Event: 4673.377 Executing VM operation: G1CollectFull
Event: 4673.405 Executing VM operation: G1CollectFull done
Event: 4683.715 Executing VM operation: G1CollectFull
Event: 4683.746 Executing VM operation: G1CollectFull done
Event: 4694.097 Executing VM operation: G1CollectFull
Event: 4694.136 Executing VM operation: G1CollectFull done
Event: 4704.485 Executing VM operation: G1CollectFull
Event: 4704.513 Executing VM operation: G1CollectFull done
Event: 4714.888 Executing VM operation: G1CollectFull
Event: 4714.924 Executing VM operation: G1CollectFull done
Event: 4725.274 Executing VM operation: G1CollectFull

Events (20 events):
Event: 3806.224 Thread 0x0000017ff0a450c0 Thread exited: 0x0000017ff0a450c0
Event: 3816.170 Thread 0x0000017ff0ac6a80 Thread exited: 0x0000017ff0ac6a80
Event: 3821.031 Thread 0x0000017ff0ac9300 Thread added: 0x0000017ff0ac9300
Event: 3821.122 Thread 0x0000017ff0aca740 Thread added: 0x0000017ff0aca740
Event: 3866.423 Thread 0x0000017ff24c7a00 Thread exited: 0x0000017ff24c7a00
Event: 3888.009 Thread 0x0000017ff0aca740 Thread exited: 0x0000017ff0aca740
Event: 3906.546 Thread 0x0000017ff0070f50 Thread added: 0x0000017ff0070f50
Event: 3966.695 Thread 0x0000017ff0070f50 Thread exited: 0x0000017ff0070f50
Event: 3983.804 Thread 0x0000017ff0ac9300 Thread exited: 0x0000017ff0ac9300
Event: 3983.897 Thread 0x0000017ff246fc20 Thread added: 0x0000017ff246fc20
Event: 3986.760 Thread 0x0000017ff246fc20 Thread exited: 0x0000017ff246fc20
Event: 4197.629 Thread 0x0000017ff0ac5130 Thread exited: 0x0000017ff0ac5130
Event: 4197.953 Thread 0x0000017ff0acac50 Thread exited: 0x0000017ff0acac50
Event: 4199.197 Thread 0x0000017ff0acc090 Thread exited: 0x0000017ff0acc090
Event: 4229.232 Thread 0x0000017ff1985c90 Thread exited: 0x0000017ff1985c90
Event: 4229.232 Thread 0x0000017ff0ac6060 Thread exited: 0x0000017ff0ac6060
Event: 4570.092 Thread 0x0000017ff0071970 Thread added: 0x0000017ff0071970
Event: 4570.106 Thread 0x0000017ff2ac8f40 Thread added: 0x0000017ff2ac8f40
Event: 4630.559 Thread 0x0000017ff0071970 Thread exited: 0x0000017ff0071970
Event: 4630.560 Thread 0x0000017ff2ac8f40 Thread exited: 0x0000017ff2ac8f40


Dynamic libraries:
0x00007ff64e000000 - 0x00007ff64e00e000 	c:\Users\oo199\.vscode\extensions\redhat.java-1.29.0-win32-x64\jre\17.0.10-win32-x86_64\bin\java.exe
0x00007ff83a730000 - 0x00007ff83a946000 	C:\Windows\SYSTEM32\ntdll.dll
0x00007ff838480000 - 0x00007ff838544000 	C:\Windows\System32\KERNEL32.DLL
0x00007ff837f80000 - 0x00007ff838326000 	C:\Windows\System32\KERNELBASE.dll
0x00007ff837ae0000 - 0x00007ff837bf1000 	C:\Windows\System32\ucrtbase.dll
0x00007ff828ef0000 - 0x00007ff828f0b000 	c:\Users\oo199\.vscode\extensions\redhat.java-1.29.0-win32-x64\jre\17.0.10-win32-x86_64\bin\VCRUNTIME140.dll
0x00007ff824360000 - 0x00007ff824377000 	c:\Users\oo199\.vscode\extensions\redhat.java-1.29.0-win32-x64\jre\17.0.10-win32-x86_64\bin\jli.dll
0x00007ff8392e0000 - 0x00007ff83948d000 	C:\Windows\System32\USER32.dll
0x00007ff829430000 - 0x00007ff8296c3000 	C:\Windows\WinSxS\amd64_microsoft.windows.common-controls_6595b64144ccf1df_6.0.22621.3235_none_270f74e173860f98\COMCTL32.dll
0x00007ff838330000 - 0x00007ff838356000 	C:\Windows\System32\win32u.dll
0x00007ff83a060000 - 0x00007ff83a107000 	C:\Windows\System32\msvcrt.dll
0x00007ff838550000 - 0x00007ff838579000 	C:\Windows\System32\GDI32.dll
0x00007ff838360000 - 0x00007ff838478000 	C:\Windows\System32\gdi32full.dll
0x00007ff837eb0000 - 0x00007ff837f4a000 	C:\Windows\System32\msvcp_win.dll
0x00007ff838b10000 - 0x00007ff838b41000 	C:\Windows\System32\IMM32.DLL
0x00007ff834060000 - 0x00007ff83406c000 	c:\Users\oo199\.vscode\extensions\redhat.java-1.29.0-win32-x64\jre\17.0.10-win32-x86_64\bin\vcruntime140_1.dll
0x00007fffe2d60000 - 0x00007fffe2ded000 	c:\Users\oo199\.vscode\extensions\redhat.java-1.29.0-win32-x64\jre\17.0.10-win32-x86_64\bin\msvcp140.dll
0x00007fffd43b0000 - 0x00007fffd5012000 	c:\Users\oo199\.vscode\extensions\redhat.java-1.29.0-win32-x64\jre\17.0.10-win32-x86_64\bin\server\jvm.dll
0x00007ff838920000 - 0x00007ff8389d2000 	C:\Windows\System32\ADVAPI32.dll
0x00007ff839cf0000 - 0x00007ff839d98000 	C:\Windows\System32\sechost.dll
0x00007ff837f50000 - 0x00007ff837f78000 	C:\Windows\System32\bcrypt.dll
0x00007ff838be0000 - 0x00007ff838cf5000 	C:\Windows\System32\RPCRT4.dll
0x00007ff837790000 - 0x00007ff8377dd000 	C:\Windows\SYSTEM32\POWRPROF.dll
0x00007ff8305a0000 - 0x00007ff8305d4000 	C:\Windows\SYSTEM32\WINMM.dll
0x00007ff82f7c0000 - 0x00007ff82f7ca000 	C:\Windows\SYSTEM32\VERSION.dll
0x00007ff8121f0000 - 0x00007ff8121f9000 	C:\Windows\SYSTEM32\WSOCK32.dll
0x00007ff83a520000 - 0x00007ff83a591000 	C:\Windows\System32\ws2_32.DLL
0x00007ff837770000 - 0x00007ff837783000 	C:\Windows\SYSTEM32\UMPDC.dll
0x00007ff836a80000 - 0x00007ff836a98000 	C:\Windows\SYSTEM32\kernel.appcore.dll
0x00007ff82a790000 - 0x00007ff82a79a000 	c:\Users\oo199\.vscode\extensions\redhat.java-1.29.0-win32-x64\jre\17.0.10-win32-x86_64\bin\jimage.dll
0x00007ff835270000 - 0x00007ff8354a3000 	C:\Windows\SYSTEM32\DBGHELP.DLL
0x00007ff838590000 - 0x00007ff838918000 	C:\Windows\System32\combase.dll
0x00007ff838a30000 - 0x00007ff838b07000 	C:\Windows\System32\OLEAUT32.dll
0x00007ff82b6a0000 - 0x00007ff82b6d2000 	C:\Windows\SYSTEM32\dbgcore.DLL
0x00007ff837d70000 - 0x00007ff837dea000 	C:\Windows\System32\bcryptPrimitives.dll
0x00007fffe41b0000 - 0x00007fffe41d5000 	c:\Users\oo199\.vscode\extensions\redhat.java-1.29.0-win32-x64\jre\17.0.10-win32-x86_64\bin\java.dll
0x00007ff808a00000 - 0x00007ff808a18000 	c:\Users\oo199\.vscode\extensions\redhat.java-1.29.0-win32-x64\jre\17.0.10-win32-x86_64\bin\zip.dll
0x00007ff839490000 - 0x00007ff839ced000 	C:\Windows\System32\SHELL32.dll
0x00007ff835980000 - 0x00007ff836278000 	C:\Windows\SYSTEM32\windows.storage.dll
0x00007ff835840000 - 0x00007ff83597e000 	C:\Windows\SYSTEM32\wintypes.dll
0x00007ff839da0000 - 0x00007ff839e93000 	C:\Windows\System32\SHCORE.dll
0x00007ff838b70000 - 0x00007ff838bce000 	C:\Windows\System32\shlwapi.dll
0x00007ff8379a0000 - 0x00007ff8379c6000 	C:\Windows\SYSTEM32\profapi.dll
0x00007ff801ff0000 - 0x00007ff802009000 	C:\Users\oo199\.vscode\extensions\redhat.java-1.29.0-win32-x64\jre\17.0.10-win32-x86_64\bin\net.dll
0x00007ff831da0000 - 0x00007ff831ed7000 	C:\Windows\SYSTEM32\WINHTTP.dll
0x00007ff836f10000 - 0x00007ff836f79000 	C:\Windows\system32\mswsock.dll
0x00007fffe3e60000 - 0x00007fffe3e76000 	C:\Users\oo199\.vscode\extensions\redhat.java-1.29.0-win32-x64\jre\17.0.10-win32-x86_64\bin\nio.dll
0x00007ff819850000 - 0x00007ff819860000 	c:\Users\oo199\.vscode\extensions\redhat.java-1.29.0-win32-x64\jre\17.0.10-win32-x86_64\bin\verify.dll
0x00007ff837180000 - 0x00007ff83719b000 	C:\Windows\SYSTEM32\CRYPTSP.dll
0x00007ff8369e0000 - 0x00007ff836a15000 	C:\Windows\system32\rsaenh.dll
0x00007ff837000000 - 0x00007ff83702c000 	C:\Windows\SYSTEM32\USERENV.dll
0x00007ff8371a0000 - 0x00007ff8371ac000 	C:\Windows\SYSTEM32\CRYPTBASE.dll
0x00007ff836520000 - 0x00007ff83654d000 	C:\Windows\SYSTEM32\IPHLPAPI.DLL
0x00007ff838e30000 - 0x00007ff838e39000 	C:\Windows\System32\NSI.dll
0x00007ff8318d0000 - 0x00007ff8318e9000 	C:\Windows\SYSTEM32\dhcpcsvc6.DLL
0x00007ff831700000 - 0x00007ff83171f000 	C:\Windows\SYSTEM32\dhcpcsvc.DLL
0x00007ff836550000 - 0x00007ff836649000 	C:\Windows\SYSTEM32\DNSAPI.dll
0x00007ff8099f0000 - 0x00007ff8099f9000 	C:\Users\oo199\.vscode\extensions\redhat.java-1.29.0-win32-x64\jre\17.0.10-win32-x86_64\bin\management.dll
0x00007ff8091d0000 - 0x00007ff8091db000 	C:\Users\oo199\.vscode\extensions\redhat.java-1.29.0-win32-x64\jre\17.0.10-win32-x86_64\bin\management_ext.dll
0x00007ff83a410000 - 0x00007ff83a418000 	C:\Windows\System32\PSAPI.DLL
0x00007ff806670000 - 0x00007ff80667e000 	C:\Users\oo199\.vscode\extensions\redhat.java-1.29.0-win32-x64\jre\17.0.10-win32-x86_64\bin\sunmscapi.dll
0x00007ff837c00000 - 0x00007ff837d66000 	C:\Windows\System32\CRYPT32.dll
0x00007ff837320000 - 0x00007ff83734e000 	C:\Windows\SYSTEM32\ncrypt.dll
0x00007ff8372e0000 - 0x00007ff837317000 	C:\Windows\SYSTEM32\NTASN1.dll
0x000000005abf0000 - 0x000000005ac16000 	C:\Program Files\Bonjour\mdnsNSP.dll
0x00007ff830cb0000 - 0x00007ff830cba000 	C:\Windows\System32\rasadhlp.dll
0x00007ff830890000 - 0x00007ff830913000 	C:\Windows\System32\fwpuclnt.dll
0x00007ff8082f0000 - 0x00007ff8082f9000 	C:\Users\oo199\.vscode\extensions\redhat.java-1.29.0-win32-x64\jre\17.0.10-win32-x86_64\bin\extnet.dll

dbghelp: loaded successfully - version: 4.0.5 - missing functions: none
symbol engine: initialized successfully - sym options: 0x614 - pdb path: .;c:\Users\oo199\.vscode\extensions\redhat.java-1.29.0-win32-x64\jre\17.0.10-win32-x86_64\bin;C:\Windows\SYSTEM32;C:\Windows\WinSxS\amd64_microsoft.windows.common-controls_6595b64144ccf1df_6.0.22621.3235_none_270f74e173860f98;c:\Users\oo199\.vscode\extensions\redhat.java-1.29.0-win32-x64\jre\17.0.10-win32-x86_64\bin\server;C:\Program Files\Bonjour

VM Arguments:
jvm_args: -XX:+HeapDumpOnOutOfMemoryError -Xmx1024m -Dsts.lsp.client=vscode -Dsts.log.file=/dev/null -XX:TieredStopAtLevel=1 -Xlog:jni+resolve=off -Dspring.config.location=file:c:\Users\oo199\.vscode\extensions\vmware.vscode-spring-boot-1.53.0\language-server\BOOT-INF\classes\application.properties 
java_command: org.springframework.ide.vscode.boot.app.BootLanguageServerBootApp
java_class_path (initial): c:\Users\oo199\.vscode\extensions\vmware.vscode-spring-boot-1.53.0\language-server\BOOT-INF\classes;c:\Users\oo199\.vscode\extensions\vmware.vscode-spring-boot-1.53.0\language-server\BOOT-INF\lib\annotations-24.1.0.jar;c:\Users\oo199\.vscode\extensions\vmware.vscode-spring-boot-1.53.0\language-server\BOOT-INF\lib\antlr4-runtime-4.11.1.jar;c:\Users\oo199\.vscode\extensions\vmware.vscode-spring-boot-1.53.0\language-server\BOOT-INF\lib\asm-9.6.jar;c:\Users\oo199\.vscode\extensions\vmware.vscode-spring-boot-1.53.0\language-server\BOOT-INF\lib\asm-analysis-9.6.jar;c:\Users\oo199\.vscode\extensions\vmware.vscode-spring-boot-1.53.0\language-server\BOOT-INF\lib\asm-tree-9.6.jar;c:\Users\oo199\.vscode\extensions\vmware.vscode-spring-boot-1.53.0\language-server\BOOT-INF\lib\asm-util-9.6.jar;c:\Users\oo199\.vscode\extensions\vmware.vscode-spring-boot-1.53.0\language-server\BOOT-INF\lib\caffeine-3.1.8.jar;c:\Users\oo199\.vscode\extensions\vmware.vscode-spring-boot-1.53.0\language-server\BOOT-INF\lib\checker-qual-3.12.0.jar;c:\Users\oo199\.vscode\extensions\vmware.vscode-spring-boot-1.53.0\language-server\BOOT-INF\lib\classgraph-4.8.149.jar;c:\Users\oo199\.vscode\extensions\vmware.vscode-spring-boot-1.53.0\language-server\BOOT-INF\lib\commons-codec-1.16.1.jar;c:\Users\oo199\.vscode\extensions\vmware.vscode-spring-boot-1.53.0\language-server\BOOT-INF\lib\commons-compress-1.26.0.jar;c:\Users\oo199\.vscode\extensions\vmware.vscode-spring-boot-1.53.0\language-server\BOOT-INF\lib\commons-io-2.4.jar;c:\Users\oo199\.vscode\extensions\vmware.vscode-spring-boot-1.53.0\language-server\BOOT-INF\lib\commons-java-1.53.0-SNAPSHOT.jar;c:\Users\oo199\.vscode\extensions\vmware.vscode-spring-boot-1.53.0\language-server\BOOT-INF\lib\commons-lang3-3.13.0.jar;c:\Users\oo199\.vscode\extensions\vmware.vscode-spring-boot-1.53.0\language-server\BOOT-INF\lib\commons-language-server-1.53.0-SNAPSHOT.jar;c:\Users\oo199\.vscode\extensions\vmware.vscode-spring-boot-1.53.0\language
Launcher Type: SUN_STANDARD

[Global flags]
     intx CICompilerCount                          = 4                                         {product} {ergonomic}
     uint ConcGCThreads                            = 3                                         {product} {ergonomic}
     uint G1ConcRefinementThreads                  = 10                                        {product} {ergonomic}
   size_t G1HeapRegionSize                         = 1048576                                   {product} {ergonomic}
    uintx GCDrainStackTargetSize                   = 64                                        {product} {ergonomic}
     bool HeapDumpOnOutOfMemoryError               = true                                   {manageable} {command line}
   size_t InitialHeapSize                          = 125829120                                 {product} {ergonomic}
   size_t MarkStackSize                            = 4194304                                   {product} {ergonomic}
   size_t MaxHeapSize                              = 1073741824                                {product} {command line}
   size_t MaxNewSize                               = 643825664                                 {product} {ergonomic}
   size_t MinHeapDeltaBytes                        = 1048576                                   {product} {ergonomic}
   size_t MinHeapSize                              = 8388608                                   {product} {ergonomic}
    uintx NonProfiledCodeHeapSize                  = 0                                      {pd product} {ergonomic}
     bool ProfileInterpreter                       = false                                  {pd product} {command line}
    uintx ProfiledCodeHeapSize                     = 0                                      {pd product} {ergonomic}
   size_t SoftMaxHeapSize                          = 1073741824                             {manageable} {ergonomic}
     intx TieredStopAtLevel                        = 1                                         {product} {command line}
     bool UseCompressedClassPointers               = true                           {product lp64_product} {ergonomic}
     bool UseCompressedOops                        = true                           {product lp64_product} {ergonomic}
     bool UseG1GC                                  = true                                      {product} {ergonomic}
     bool UseLargePagesIndividualAllocation        = false                                  {pd product} {ergonomic}

Logging:
Log output configuration:
 #0: stdout all=warning,jni+resolve=off uptime,level,tags
 #1: stderr all=off uptime,level,tags

Environment Variables:
PATH=C:\Program Files\Common Files\Oracle\Java\javapath;C:\Windows\system32;C:\Windows;C:\Windows\System32\Wbem;C:\Windows\System32\WindowsPowerShell\v1.0\;C:\Windows\System32\OpenSSH\;C:\Program Files (x86)\NVIDIA Corporation\PhysX\Common;C:\Program Files\NVIDIA Corporation\NVIDIA NvDLISR;C:\msys64\mingw64\bin;C:\Program Files\Docker\Docker\resources\bin;C:\Program Files\Git\cmd;C:\Users\oo199\AppData\Local\Microsoft\WindowsApps;C:\Users\oo199\AppData\Local\Programs\Microsoft VS Code\bin;C:\Program Files\JetBrains\IntelliJ IDEA 2023.3.4\bin;C:\Users\oo199\AppData\Local\GitHubDesktop\bin
USERNAME=oo199
OS=Windows_NT
PROCESSOR_IDENTIFIER=AMD64 Family 23 Model 96 Stepping 1, AuthenticAMD
TMP=C:\Users\oo199\AppData\Local\Temp
TEMP=C:\Users\oo199\AppData\Local\Temp



Periodic native trim disabled


---------------  S Y S T E M  ---------------

OS:
 Windows 11 , 64 bit Build 22621 (10.0.22621.3235)
OS uptime: 1 days 1:16 hours
Hyper-V role detected

CPU: total 12 (initial active 12) (12 cores per cpu, 2 threads per core) family 23 model 96 stepping 1 microcode 0x0, cx8, cmov, fxsr, ht, mmx, 3dnowpref, sse, sse2, sse3, ssse3, sse4a, sse4.1, sse4.2, popcnt, lzcnt, tsc, tscinvbit, avx, avx2, aes, clmul, bmi1, bmi2, adx, sha, fma, vzeroupper, clflush, clflushopt, hv
Processor Information for all 12 processors :
  Max Mhz: 3001, Current Mhz: 3001, Mhz Limit: 3001

Memory: 4k page, system-wide physical 7597M (201M free)
TotalPageFile size 31149M (AvailPageFile size 10M)
current process WorkingSet (physical memory assigned to process): 85M, peak: 306M
current process commit charge ("private bytes"): 342M, peak: 715M

vm_info: OpenJDK 64-Bit Server VM (17.0.10+7) for windows-amd64 JRE (17.0.10+7), built on Jan 16 2024 23:25:11 by "admin" with MS VC++ 16.10 / 16.11 (VS2019)

END.
