#
# There is insufficient memory for the Java Runtime Environment to continue.
# Native memory allocation (malloc) failed to allocate 168096 bytes for Chunk::new
# Possible reasons:
#   The system is out of physical RAM or swap space
#   The process is running with CompressedOops enabled, and the Java Heap may be blocking the growth of the native heap
# Possible solutions:
#   Reduce memory load on the system
#   Increase physical memory or swap space
#   Check if swap backing store is full
#   Decrease Java heap size (-Xmx/-Xms)
#   Decrease number of Java threads
#   Decrease Java thread stack sizes (-Xss)
#   Set larger code cache with -XX:ReservedCodeCacheSize=
#   JVM is running with Unscaled Compressed Oops mode in which the Java heap is
#     placed in the first 4GB address space. The Java Heap base address is the
#     maximum limit for the native heap growth. Please use -XX:HeapBaseMinAddress
#     to set the Java Heap base and to place the Java Heap above 4GB virtual address.
# This output file may be truncated or incomplete.
#
#  Out of Memory Error (arena.cpp:191), pid=17300, tid=31772
#
# JRE version: OpenJDK Runtime Environment Temurin-17.0.10+7 (17.0.10+7) (build 17.0.10+7)
# Java VM: OpenJDK 64-Bit Server VM Temurin-17.0.10+7 (17.0.10+7, mixed mode, tiered, compressed oops, compressed class ptrs, g1 gc, windows-amd64)
# No core dump will be written. Minidumps are not enabled by default on client versions of Windows
#

---------------  S U M M A R Y ------------

Command Line: --add-opens=java.base/java.lang=ALL-UNNAMED --add-opens=java.base/java.io=ALL-UNNAMED --add-opens=java.base/java.util=ALL-UNNAMED -Dplugin.dir=C:\Users\oo199\.vscode\extensions\redhat.java-1.28.1-win32-x64\server\..\..\vscjava.vscode-gradle-3.13.5\server\plugins com.microsoft.java.bs.core.Launcher

Host: AMD Ryzen 5 4600H with Radeon Graphics         , 12 cores, 7G,  Windows 11 , 64 bit Build 22621 (10.0.22621.3235)
Time: Thu Mar 28 19:55:38 2024 Hora est. Pacífico, Sudamérica elapsed time: 103.803966 seconds (0d 0h 1m 43s)

---------------  T H R E A D  ---------------

Current thread (0x000002b694b7b130):  JavaThread "C2 CompilerThread0" daemon [_thread_in_native, id=31772, stack(0x000000e5abe00000,0x000000e5abf00000)]


Current CompileTask:
C2: 103804 2356       4       jdk.internal.reflect.ClassFileAssembler::emitConstantPoolUTF8 (50 bytes)

Stack: [0x000000e5abe00000,0x000000e5abf00000]
Native frames: (J=compiled Java code, j=interpreted, Vv=VM code, C=native code)
V  [jvm.dll+0x67d2c9]
V  [jvm.dll+0x834afa]
V  [jvm.dll+0x8365be]
V  [jvm.dll+0x836c23]
V  [jvm.dll+0x2477ff]
V  [jvm.dll+0xac514]
V  [jvm.dll+0xacb5c]
V  [jvm.dll+0x2aed1f]
V  [jvm.dll+0x584b67]
V  [jvm.dll+0x2228a2]
V  [jvm.dll+0x21ba9e]
V  [jvm.dll+0x219201]
V  [jvm.dll+0x1a502d]
V  [jvm.dll+0x2290de]
V  [jvm.dll+0x2272ac]
V  [jvm.dll+0x7e9bb7]
V  [jvm.dll+0x7e3fba]
V  [jvm.dll+0x67c1b5]
C  [ucrtbase.dll+0x29363]
C  [KERNEL32.DLL+0x1257d]
C  [ntdll.dll+0x5aa58]


---------------  P R O C E S S  ---------------

Threads class SMR info:
_java_thread_list=0x000002b69abd1ee0, length=16, elements={
0x000002b694b602c0, 0x000002b694b60e50, 0x000002b694b76ab0, 0x000002b694b77380,
0x000002b694b77c50, 0x000002b694b78520, 0x000002b694b7b130, 0x000002b694b7cb00,
0x000002b694b88790, 0x000002b694cf4530, 0x000002b694d09840, 0x000002b699503d00,
0x000002b6f90ce810, 0x000002b69951f020, 0x000002b6996c1480, 0x000002b69a3269b0
}

Java Threads: ( => current thread )
  0x000002b694b602c0 JavaThread "Reference Handler" daemon [_thread_blocked, id=20312, stack(0x000000e5ab800000,0x000000e5ab900000)]
  0x000002b694b60e50 JavaThread "Finalizer" daemon [_thread_blocked, id=19752, stack(0x000000e5ab900000,0x000000e5aba00000)]
  0x000002b694b76ab0 JavaThread "Signal Dispatcher" daemon [_thread_blocked, id=33176, stack(0x000000e5aba00000,0x000000e5abb00000)]
  0x000002b694b77380 JavaThread "Attach Listener" daemon [_thread_blocked, id=13096, stack(0x000000e5abb00000,0x000000e5abc00000)]
  0x000002b694b77c50 JavaThread "Service Thread" daemon [_thread_blocked, id=25360, stack(0x000000e5abc00000,0x000000e5abd00000)]
  0x000002b694b78520 JavaThread "Monitor Deflation Thread" daemon [_thread_blocked, id=16856, stack(0x000000e5abd00000,0x000000e5abe00000)]
=>0x000002b694b7b130 JavaThread "C2 CompilerThread0" daemon [_thread_in_native, id=31772, stack(0x000000e5abe00000,0x000000e5abf00000)]
  0x000002b694b7cb00 JavaThread "C1 CompilerThread0" daemon [_thread_blocked, id=10904, stack(0x000000e5abf00000,0x000000e5ac000000)]
  0x000002b694b88790 JavaThread "Sweeper thread" daemon [_thread_blocked, id=25048, stack(0x000000e5ac000000,0x000000e5ac100000)]
  0x000002b694cf4530 JavaThread "Common-Cleaner" daemon [_thread_blocked, id=17272, stack(0x000000e5ac100000,0x000000e5ac200000)]
  0x000002b694d09840 JavaThread "Notification Thread" daemon [_thread_blocked, id=23612, stack(0x000000e5ac200000,0x000000e5ac300000)]
  0x000002b699503d00 JavaThread "pool-1-thread-1" [_thread_in_native, id=30016, stack(0x000000e5ac400000,0x000000e5ac500000)]
  0x000002b6f90ce810 JavaThread "DestroyJavaVM" [_thread_blocked, id=23104, stack(0x000000e5ab100000,0x000000e5ab200000)]
  0x000002b69951f020 JavaThread "ForkJoinPool.commonPool-worker-1" daemon [_thread_blocked, id=25368, stack(0x000000e5ac500000,0x000000e5ac600000)]
  0x000002b6996c1480 JavaThread "ForkJoinPool.commonPool-worker-2" daemon [_thread_blocked, id=11532, stack(0x000000e5ac700000,0x000000e5ac800000)]
  0x000002b69a3269b0 JavaThread "Connection worker" daemon [_thread_in_vm, id=33012, stack(0x000000e5ac600000,0x000000e5ac700000)]

Other Threads:
  0x000002b6ffc3f340 VMThread "VM Thread" [stack: 0x000000e5ab700000,0x000000e5ab800000] [id=5948]
  0x000002b694d1b010 WatcherThread [stack: 0x000000e5ac300000,0x000000e5ac400000] [id=26976]
  0x000002b6f9364520 GCTaskThread "GC Thread#0" [stack: 0x000000e5ab200000,0x000000e5ab300000] [id=29080]
  0x000002b69966bcd0 GCTaskThread "GC Thread#1" [stack: 0x000000e5ac800000,0x000000e5ac900000] [id=28404]
  0x000002b69966bf90 GCTaskThread "GC Thread#2" [stack: 0x000000e5ac900000,0x000000e5aca00000] [id=27116]
  0x000002b69966c250 GCTaskThread "GC Thread#3" [stack: 0x000000e5aca00000,0x000000e5acb00000] [id=35780]
  0x000002b699bb9140 GCTaskThread "GC Thread#4" [stack: 0x000000e5acb00000,0x000000e5acc00000] [id=14860]
  0x000002b69992ab70 GCTaskThread "GC Thread#5" [stack: 0x000000e5acc00000,0x000000e5acd00000] [id=31144]
  0x000002b69992ae30 GCTaskThread "GC Thread#6" [stack: 0x000000e5acd00000,0x000000e5ace00000] [id=8144]
  0x000002b69992b0f0 GCTaskThread "GC Thread#7" [stack: 0x000000e5ace00000,0x000000e5acf00000] [id=28256]
  0x000002b69992b3b0 GCTaskThread "GC Thread#8" [stack: 0x000000e5acf00000,0x000000e5ad000000] [id=28440]
  0x000002b699f1b6f0 GCTaskThread "GC Thread#9" [stack: 0x000000e5ad100000,0x000000e5ad200000] [id=9120]
  0x000002b6f9375110 ConcurrentGCThread "G1 Main Marker" [stack: 0x000000e5ab300000,0x000000e5ab400000] [id=28944]
  0x000002b6f9375a40 ConcurrentGCThread "G1 Conc#0" [stack: 0x000000e5ab400000,0x000000e5ab500000] [id=20244]
  0x000002b69ada9d10 ConcurrentGCThread "G1 Conc#1" [stack: 0x000000e5ad300000,0x000000e5ad400000] [id=10032]
  0x000002b69a2fb440 ConcurrentGCThread "G1 Conc#2" [stack: 0x000000e5ad400000,0x000000e5ad500000] [id=25164]
  0x000002b6ffaa44d0 ConcurrentGCThread "G1 Refine#0" [stack: 0x000000e5ab500000,0x000000e5ab600000] [id=36536]
  0x000002b699adc4b0 ConcurrentGCThread "G1 Refine#1" [stack: 0x000000e5ad000000,0x000000e5ad100000] [id=25748]
  0x000002b6ffaa4d10 ConcurrentGCThread "G1 Service" [stack: 0x000000e5ab600000,0x000000e5ab700000] [id=31060]

Threads with active compile tasks:
C2 CompilerThread0   103844 2356       4       jdk.internal.reflect.ClassFileAssembler::emitConstantPoolUTF8 (50 bytes)
C1 CompilerThread0   103844 2397       3       java.lang.Class::methodToString (78 bytes)

VM state: not at safepoint (normal execution)

VM Mutex/Monitor currently owned by a thread: None

Heap address: 0x0000000089400000, size: 1900 MB, Compressed Oops mode: 32-bit

CDS archive(s) not mapped
Compressed class space mapped at: 0x0000000100000000-0x0000000140000000, reserved size: 1073741824
Narrow klass base: 0x0000000000000000, Narrow klass shift: 3, Narrow klass range: 0x140000000

GC Precious Log:
 CPUs: 12 total, 12 available
 Memory: 7597M
 Large Page Support: Disabled
 NUMA Support: Disabled
 Compressed Oops: Enabled (32-bit)
 Heap Region Size: 1M
 Heap Min Capacity: 8M
 Heap Initial Capacity: 120M
 Heap Max Capacity: 1900M
 Pre-touch: Disabled
 Parallel Workers: 10
 Concurrent Workers: 3
 Concurrent Refinement Workers: 10
 Periodic GC: Disabled

Heap:
 garbage-first heap   total 71680K, used 28230K [0x0000000089400000, 0x0000000100000000)
  region size 1024K, 10 young (10240K), 1 survivors (1024K)
 Metaspace       used 23884K, committed 24192K, reserved 1114112K
  class space    used 3039K, committed 3200K, reserved 1048576K

Heap Regions: E=young(eden), S=young(survivor), O=old, HS=humongous(starts), HC=humongous(continues), CS=collection set, F=free, OA=open archive, CA=closed archive, TAMS=top-at-mark-start (previous, next)
|   0|0x0000000089400000, 0x0000000089500000, 0x0000000089500000|100%|HS|  |TAMS 0x0000000089500000, 0x0000000089400000| Complete 
|   1|0x0000000089500000, 0x0000000089600000, 0x0000000089600000|100%|HC|  |TAMS 0x0000000089600000, 0x0000000089500000| Complete 
|   2|0x0000000089600000, 0x0000000089700000, 0x0000000089700000|100%|HC|  |TAMS 0x0000000089700000, 0x0000000089600000| Complete 
|   3|0x0000000089700000, 0x0000000089800000, 0x0000000089800000|100%|HC|  |TAMS 0x0000000089800000, 0x0000000089700000| Complete 
|   4|0x0000000089800000, 0x0000000089900000, 0x0000000089900000|100%| O|  |TAMS 0x0000000089900000, 0x0000000089800000| Untracked 
|   5|0x0000000089900000, 0x0000000089a00000, 0x0000000089a00000|100%| O|  |TAMS 0x0000000089a00000, 0x0000000089900000| Untracked 
|   6|0x0000000089a00000, 0x0000000089b00000, 0x0000000089b00000|100%| O|  |TAMS 0x0000000089b00000, 0x0000000089a00000| Untracked 
|   7|0x0000000089b00000, 0x0000000089c00000, 0x0000000089c00000|100%| O|  |TAMS 0x0000000089c00000, 0x0000000089b00000| Untracked 
|   8|0x0000000089c00000, 0x0000000089d00000, 0x0000000089d00000|100%| O|  |TAMS 0x0000000089d00000, 0x0000000089c00000| Untracked 
|   9|0x0000000089d00000, 0x0000000089e00000, 0x0000000089e00000|100%| O|  |TAMS 0x0000000089e00000, 0x0000000089d00000| Untracked 
|  10|0x0000000089e00000, 0x0000000089f00000, 0x0000000089f00000|100%| O|  |TAMS 0x0000000089f00000, 0x0000000089e00000| Untracked 
|  11|0x0000000089f00000, 0x000000008a000000, 0x000000008a000000|100%| O|  |TAMS 0x000000008a000000, 0x0000000089f00000| Untracked 
|  12|0x000000008a000000, 0x000000008a100000, 0x000000008a100000|100%| O|  |TAMS 0x000000008a100000, 0x000000008a000000| Untracked 
|  13|0x000000008a100000, 0x000000008a200000, 0x000000008a200000|100%| O|  |TAMS 0x000000008a100000, 0x000000008a100000| Untracked 
|  14|0x000000008a200000, 0x000000008a300000, 0x000000008a300000|100%| O|  |TAMS 0x000000008a200000, 0x000000008a200000| Untracked 
|  15|0x000000008a300000, 0x000000008a400000, 0x000000008a400000|100%| O|  |TAMS 0x000000008a300000, 0x000000008a300000| Untracked 
|  16|0x000000008a400000, 0x000000008a500000, 0x000000008a500000|100%| O|  |TAMS 0x000000008a400000, 0x000000008a400000| Untracked 
|  17|0x000000008a500000, 0x000000008a600000, 0x000000008a600000|100%| O|  |TAMS 0x000000008a500000, 0x000000008a500000| Untracked 
|  18|0x000000008a600000, 0x000000008a6ce600, 0x000000008a700000| 80%| O|  |TAMS 0x000000008a600000, 0x000000008a600000| Untracked 
|  19|0x000000008a700000, 0x000000008a700000, 0x000000008a800000|  0%| F|  |TAMS 0x000000008a700000, 0x000000008a700000| Untracked 
|  20|0x000000008a800000, 0x000000008a800000, 0x000000008a900000|  0%| F|  |TAMS 0x000000008a800000, 0x000000008a800000| Untracked 
|  21|0x000000008a900000, 0x000000008a900000, 0x000000008aa00000|  0%| F|  |TAMS 0x000000008a900000, 0x000000008a900000| Untracked 
|  22|0x000000008aa00000, 0x000000008aa00000, 0x000000008ab00000|  0%| F|  |TAMS 0x000000008aa00000, 0x000000008aa00000| Untracked 
|  23|0x000000008ab00000, 0x000000008ab00000, 0x000000008ac00000|  0%| F|  |TAMS 0x000000008ab00000, 0x000000008ab00000| Untracked 
|  24|0x000000008ac00000, 0x000000008ac00000, 0x000000008ad00000|  0%| F|  |TAMS 0x000000008ac00000, 0x000000008ac00000| Untracked 
|  25|0x000000008ad00000, 0x000000008ad00000, 0x000000008ae00000|  0%| F|  |TAMS 0x000000008ad00000, 0x000000008ad00000| Untracked 
|  26|0x000000008ae00000, 0x000000008ae00000, 0x000000008af00000|  0%| F|  |TAMS 0x000000008ae00000, 0x000000008ae00000| Untracked 
|  27|0x000000008af00000, 0x000000008af00000, 0x000000008b000000|  0%| F|  |TAMS 0x000000008af00000, 0x000000008af00000| Untracked 
|  28|0x000000008b000000, 0x000000008b000000, 0x000000008b100000|  0%| F|  |TAMS 0x000000008b000000, 0x000000008b000000| Untracked 
|  29|0x000000008b100000, 0x000000008b100000, 0x000000008b200000|  0%| F|  |TAMS 0x000000008b100000, 0x000000008b100000| Untracked 
|  30|0x000000008b200000, 0x000000008b200000, 0x000000008b300000|  0%| F|  |TAMS 0x000000008b200000, 0x000000008b200000| Untracked 
|  31|0x000000008b300000, 0x000000008b300000, 0x000000008b400000|  0%| F|  |TAMS 0x000000008b300000, 0x000000008b300000| Untracked 
|  32|0x000000008b400000, 0x000000008b400000, 0x000000008b500000|  0%| F|  |TAMS 0x000000008b400000, 0x000000008b400000| Untracked 
|  33|0x000000008b500000, 0x000000008b500000, 0x000000008b600000|  0%| F|  |TAMS 0x000000008b500000, 0x000000008b500000| Untracked 
|  34|0x000000008b600000, 0x000000008b600000, 0x000000008b700000|  0%| F|  |TAMS 0x000000008b600000, 0x000000008b600000| Untracked 
|  35|0x000000008b700000, 0x000000008b700000, 0x000000008b800000|  0%| F|  |TAMS 0x000000008b700000, 0x000000008b700000| Untracked 
|  36|0x000000008b800000, 0x000000008b800000, 0x000000008b900000|  0%| F|  |TAMS 0x000000008b800000, 0x000000008b800000| Untracked 
|  37|0x000000008b900000, 0x000000008b900000, 0x000000008ba00000|  0%| F|  |TAMS 0x000000008b900000, 0x000000008b900000| Untracked 
|  38|0x000000008ba00000, 0x000000008ba00000, 0x000000008bb00000|  0%| F|  |TAMS 0x000000008ba00000, 0x000000008ba00000| Untracked 
|  39|0x000000008bb00000, 0x000000008bb00000, 0x000000008bc00000|  0%| F|  |TAMS 0x000000008bb00000, 0x000000008bb00000| Untracked 
|  40|0x000000008bc00000, 0x000000008bc00000, 0x000000008bd00000|  0%| F|  |TAMS 0x000000008bc00000, 0x000000008bc00000| Untracked 
|  41|0x000000008bd00000, 0x000000008bd00000, 0x000000008be00000|  0%| F|  |TAMS 0x000000008bd00000, 0x000000008bd00000| Untracked 
|  42|0x000000008be00000, 0x000000008be00000, 0x000000008bf00000|  0%| F|  |TAMS 0x000000008be00000, 0x000000008be00000| Untracked 
|  43|0x000000008bf00000, 0x000000008bf00000, 0x000000008c000000|  0%| F|  |TAMS 0x000000008bf00000, 0x000000008bf00000| Untracked 
|  44|0x000000008c000000, 0x000000008c000000, 0x000000008c100000|  0%| F|  |TAMS 0x000000008c000000, 0x000000008c000000| Untracked 
|  45|0x000000008c100000, 0x000000008c100000, 0x000000008c200000|  0%| F|  |TAMS 0x000000008c100000, 0x000000008c100000| Untracked 
|  46|0x000000008c200000, 0x000000008c200000, 0x000000008c300000|  0%| F|  |TAMS 0x000000008c200000, 0x000000008c200000| Untracked 
|  47|0x000000008c300000, 0x000000008c300000, 0x000000008c400000|  0%| F|  |TAMS 0x000000008c300000, 0x000000008c300000| Untracked 
|  48|0x000000008c400000, 0x000000008c400000, 0x000000008c500000|  0%| F|  |TAMS 0x000000008c400000, 0x000000008c400000| Untracked 
|  49|0x000000008c500000, 0x000000008c500000, 0x000000008c600000|  0%| F|  |TAMS 0x000000008c500000, 0x000000008c500000| Untracked 
|  50|0x000000008c600000, 0x000000008c600000, 0x000000008c700000|  0%| F|  |TAMS 0x000000008c600000, 0x000000008c600000| Untracked 
|  51|0x000000008c700000, 0x000000008c700000, 0x000000008c800000|  0%| F|  |TAMS 0x000000008c700000, 0x000000008c700000| Untracked 
|  52|0x000000008c800000, 0x000000008c800000, 0x000000008c900000|  0%| F|  |TAMS 0x000000008c800000, 0x000000008c800000| Untracked 
|  53|0x000000008c900000, 0x000000008c900000, 0x000000008ca00000|  0%| F|  |TAMS 0x000000008c900000, 0x000000008c900000| Untracked 
|  54|0x000000008ca00000, 0x000000008ca00000, 0x000000008cb00000|  0%| F|  |TAMS 0x000000008ca00000, 0x000000008ca00000| Untracked 
|  55|0x000000008cb00000, 0x000000008cb00000, 0x000000008cc00000|  0%| F|  |TAMS 0x000000008cb00000, 0x000000008cb00000| Untracked 
|  56|0x000000008cc00000, 0x000000008cc00000, 0x000000008cd00000|  0%| F|  |TAMS 0x000000008cc00000, 0x000000008cc00000| Untracked 
|  57|0x000000008cd00000, 0x000000008cd00000, 0x000000008ce00000|  0%| F|  |TAMS 0x000000008cd00000, 0x000000008cd00000| Untracked 
|  58|0x000000008ce00000, 0x000000008ce00000, 0x000000008cf00000|  0%| F|  |TAMS 0x000000008ce00000, 0x000000008ce00000| Untracked 
|  59|0x000000008cf00000, 0x000000008cf00000, 0x000000008d000000|  0%| F|  |TAMS 0x000000008cf00000, 0x000000008cf00000| Untracked 
|  60|0x000000008d000000, 0x000000008d0f0c58, 0x000000008d100000| 94%| E|  |TAMS 0x000000008d000000, 0x000000008d000000| Complete 
|  61|0x000000008d100000, 0x000000008d200000, 0x000000008d200000|100%| E|CS|TAMS 0x000000008d100000, 0x000000008d100000| Complete 
|  62|0x000000008d200000, 0x000000008d300000, 0x000000008d300000|100%| E|CS|TAMS 0x000000008d200000, 0x000000008d200000| Complete 
|  63|0x000000008d300000, 0x000000008d400000, 0x000000008d400000|100%| E|CS|TAMS 0x000000008d300000, 0x000000008d300000| Complete 
|  64|0x000000008d400000, 0x000000008d500000, 0x000000008d500000|100%| E|CS|TAMS 0x000000008d400000, 0x000000008d400000| Complete 
|  65|0x000000008d500000, 0x000000008d600000, 0x000000008d600000|100%| E|CS|TAMS 0x000000008d500000, 0x000000008d500000| Complete 
|  66|0x000000008d600000, 0x000000008d700000, 0x000000008d700000|100%| E|CS|TAMS 0x000000008d600000, 0x000000008d600000| Complete 
|  67|0x000000008d700000, 0x000000008d800000, 0x000000008d800000|100%| E|CS|TAMS 0x000000008d700000, 0x000000008d700000| Complete 
| 108|0x0000000090000000, 0x00000000900c3420, 0x0000000090100000| 76%| S|CS|TAMS 0x0000000090000000, 0x0000000090000000| Complete 
| 119|0x0000000090b00000, 0x0000000090c00000, 0x0000000090c00000|100%| E|CS|TAMS 0x0000000090b00000, 0x0000000090b00000| Complete 

Card table byte_map: [0x000002b6fe7c0000,0x000002b6feb80000] _byte_map_base: 0x000002b6fe376000

Marking Bits (Prev, Next): (CMBitMap*) 0x000002b6f9365aa0, (CMBitMap*) 0x000002b6f9365a60
 Prev Bits: [0x000002b690db0000, 0x000002b692b60000)
 Next Bits: [0x000002b68f000000, 0x000002b690db0000)

Polling page: 0x000002b6f93c0000

Metaspace:

Usage:
  Non-class:     20.36 MB used.
      Class:      2.97 MB used.
       Both:     23.33 MB used.

Virtual space:
  Non-class space:       64.00 MB reserved,      20.50 MB ( 32%) committed,  1 nodes.
      Class space:        1.00 GB reserved,       3.12 MB ( <1%) committed,  1 nodes.
             Both:        1.06 GB reserved,      23.62 MB (  2%) committed. 

Chunk freelists:
   Non-Class:  10.74 MB
       Class:  12.91 MB
        Both:  23.65 MB

MaxMetaspaceSize: unlimited
CompressedClassSpaceSize: 1.00 GB
Initial GC threshold: 21.00 MB
Current GC threshold: 35.25 MB
CDS: off
MetaspaceReclaimPolicy: balanced
 - commit_granule_bytes: 65536.
 - commit_granule_words: 8192.
 - virtual_space_node_default_size: 8388608.
 - enlarge_chunks_in_place: 1.
 - new_chunks_are_fully_committed: 0.
 - uncommit_free_chunks: 1.
 - use_allocation_guard: 0.
 - handle_deallocations: 1.


Internal statistics:

num_allocs_failed_limit: 3.
num_arena_births: 186.
num_arena_deaths: 0.
num_vsnodes_births: 2.
num_vsnodes_deaths: 0.
num_space_committed: 378.
num_space_uncommitted: 0.
num_chunks_returned_to_freelist: 3.
num_chunks_taken_from_freelist: 689.
num_chunk_merges: 3.
num_chunk_splits: 438.
num_chunks_enlarged: 323.
num_inconsistent_stats: 0.

CodeHeap 'non-profiled nmethods': size=120000Kb used=1144Kb max_used=1144Kb free=118856Kb
 bounds [0x000002b687ad0000, 0x000002b687d40000, 0x000002b68f000000]
CodeHeap 'profiled nmethods': size=120000Kb used=4942Kb max_used=4942Kb free=115058Kb
 bounds [0x000002b680000000, 0x000002b6804e0000, 0x000002b687530000]
CodeHeap 'non-nmethods': size=5760Kb used=1201Kb max_used=1219Kb free=4558Kb
 bounds [0x000002b687530000, 0x000002b6877a0000, 0x000002b687ad0000]
 total_blobs=2896 nmethods=2396 adapters=412
 compilation: enabled
              stopped_count=0, restarted_count=0
 full_count=0

Compilation events (20 events):
Event: 91.390 Thread 0x000002b694b7cb00 nmethod 2347 0x000002b6804bc010 code [0x000002b6804bc1a0, 0x000002b6804bc2f8]
Event: 91.390 Thread 0x000002b694b7cb00 2348       3       sun.nio.ch.WEPollSelectorImpl::toReadyOps (58 bytes)
Event: 91.391 Thread 0x000002b694b7cb00 nmethod 2348 0x000002b6804bc390 code [0x000002b6804bc520, 0x000002b6804bc718]
Event: 91.391 Thread 0x000002b694b7cb00 2349       3       sun.nio.ch.SelectorImpl::processReadyEvents (115 bytes)
Event: 91.392 Thread 0x000002b694b7cb00 nmethod 2349 0x000002b6804bc790 code [0x000002b6804bca00, 0x000002b6804bd588]
Event: 91.426 Thread 0x000002b694b7cb00 2350       3       sun.nio.ch.SocketChannelImpl::translateReadyOps (173 bytes)
Event: 91.427 Thread 0x000002b694b7cb00 nmethod 2350 0x000002b6804bd910 code [0x000002b6804bdb00, 0x000002b6804be1d8]
Event: 96.092 Thread 0x000002b694b7b130 2351       4       com.esotericsoftware.kryo.io.Input::require (220 bytes)
Event: 96.110 Thread 0x000002b694b7b130 nmethod 2351 0x000002b687be9290 code [0x000002b687be9420, 0x000002b687be9678]
Event: 102.086 Thread 0x000002b694b7b130 2352       4       java.lang.AbstractStringBuilder::append (45 bytes)
Event: 102.114 Thread 0x000002b694b7b130 nmethod 2352 0x000002b687be9890 code [0x000002b687be9a40, 0x000002b687bea088]
Event: 103.588 Thread 0x000002b694b7cb00 2353       3       java.io.ObjectStreamField::getSignature (39 bytes)
Event: 103.589 Thread 0x000002b694b7cb00 nmethod 2353 0x000002b6804be310 code [0x000002b6804be520, 0x000002b6804be9c8]
Event: 103.590 Thread 0x000002b694b7b130 2354       4       jdk.internal.reflect.UTF8::utf8Length (81 bytes)
Event: 103.594 Thread 0x000002b694b7b130 nmethod 2354 0x000002b687bea490 code [0x000002b687bea620, 0x000002b687bea7c8]
Event: 103.594 Thread 0x000002b694b7b130 2355   !   4       jdk.internal.reflect.UTF8::encode (191 bytes)
Event: 103.600 Thread 0x000002b694b7b130 nmethod 2355 0x000002b687bea990 code [0x000002b687beab40, 0x000002b687beaf98]
Event: 103.600 Thread 0x000002b694b7b130 2356       4       jdk.internal.reflect.ClassFileAssembler::emitConstantPoolUTF8 (50 bytes)
Event: 103.613 Thread 0x000002b694b7cb00 2357       3       java.lang.ReflectiveOperationException::<init> (6 bytes)
Event: 103.634 Thread 0x000002b694b7cb00 nmethod 2357 0x000002b6804beb90 code [0x000002b6804bed40, 0x000002b6804beec8]

GC Heap History (8 events):
Event: 4.937 GC heap before
{Heap before GC invocations=0 (full 0):
 garbage-first heap   total 122880K, used 26624K [0x0000000089400000, 0x0000000100000000)
  region size 1024K, 23 young (23552K), 0 survivors (0K)
 Metaspace       used 14208K, committed 14336K, reserved 1114112K
  class space    used 1546K, committed 1600K, reserved 1048576K
}
Event: 5.407 GC heap after
{Heap after GC invocations=1 (full 0):
 garbage-first heap   total 122880K, used 12256K [0x0000000089400000, 0x0000000100000000)
  region size 1024K, 3 young (3072K), 3 survivors (3072K)
 Metaspace       used 14208K, committed 14336K, reserved 1114112K
  class space    used 1546K, committed 1600K, reserved 1048576K
}
Event: 8.273 GC heap before
{Heap before GC invocations=1 (full 0):
 garbage-first heap   total 122880K, used 34784K [0x0000000089400000, 0x0000000100000000)
  region size 1024K, 25 young (25600K), 3 survivors (3072K)
 Metaspace       used 16500K, committed 16768K, reserved 1114112K
  class space    used 1909K, committed 2048K, reserved 1048576K
}
Event: 8.287 GC heap after
{Heap after GC invocations=2 (full 0):
 garbage-first heap   total 122880K, used 14313K [0x0000000089400000, 0x0000000100000000)
  region size 1024K, 2 young (2048K), 2 survivors (2048K)
 Metaspace       used 16500K, committed 16768K, reserved 1114112K
  class space    used 1909K, committed 2048K, reserved 1048576K
}
Event: 13.030 GC heap before
{Heap before GC invocations=2 (full 0):
 garbage-first heap   total 122880K, used 56297K [0x0000000089400000, 0x0000000100000000)
  region size 1024K, 42 young (43008K), 2 survivors (2048K)
 Metaspace       used 18918K, committed 19200K, reserved 1114112K
  class space    used 2305K, committed 2432K, reserved 1048576K
}
Event: 13.039 GC heap after
{Heap after GC invocations=3 (full 0):
 garbage-first heap   total 122880K, used 19456K [0x0000000089400000, 0x0000000100000000)
  region size 1024K, 6 young (6144K), 6 survivors (6144K)
 Metaspace       used 18918K, committed 19200K, reserved 1114112K
  class space    used 2305K, committed 2432K, reserved 1048576K
}
Event: 15.438 GC heap before
{Heap before GC invocations=3 (full 0):
 garbage-first heap   total 122880K, used 29696K [0x0000000089400000, 0x0000000100000000)
  region size 1024K, 17 young (17408K), 6 survivors (6144K)
 Metaspace       used 21360K, committed 21504K, reserved 1114112K
  class space    used 2681K, committed 2752K, reserved 1048576K
}
Event: 15.446 GC heap after
{Heap after GC invocations=4 (full 0):
 garbage-first heap   total 122880K, used 20038K [0x0000000089400000, 0x0000000100000000)
  region size 1024K, 1 young (1024K), 1 survivors (1024K)
 Metaspace       used 21360K, committed 21504K, reserved 1114112K
  class space    used 2681K, committed 2752K, reserved 1048576K
}

Dll operation events (11 events):
Event: 0.060 Loaded shared library C:\Users\oo199\.vscode\extensions\redhat.java-1.28.1-win32-x64\jre\17.0.10-win32-x86_64\bin\java.dll
Event: 0.705 Loaded shared library C:\Users\oo199\.vscode\extensions\redhat.java-1.28.1-win32-x64\jre\17.0.10-win32-x86_64\bin\net.dll
Event: 0.711 Loaded shared library C:\Users\oo199\.vscode\extensions\redhat.java-1.28.1-win32-x64\jre\17.0.10-win32-x86_64\bin\nio.dll
Event: 0.721 Loaded shared library C:\Users\oo199\.vscode\extensions\redhat.java-1.28.1-win32-x64\jre\17.0.10-win32-x86_64\bin\zip.dll
Event: 0.915 Loaded shared library C:\Users\oo199\.vscode\extensions\redhat.java-1.28.1-win32-x64\jre\17.0.10-win32-x86_64\bin\jimage.dll
Event: 2.214 Loaded shared library C:\Users\oo199\.vscode\extensions\redhat.java-1.28.1-win32-x64\jre\17.0.10-win32-x86_64\bin\verify.dll
Event: 6.753 Loaded shared library C:\Users\oo199\.gradle\native\c067742578af261105cb4f569cf0c3c89f3d7b1fecec35dd04571415982c5e48\windows-amd64\native-platform.dll
Event: 12.948 Loaded shared library C:\Users\oo199\.vscode\extensions\redhat.java-1.28.1-win32-x64\jre\17.0.10-win32-x86_64\bin\management.dll
Event: 12.963 Loaded shared library C:\Users\oo199\.vscode\extensions\redhat.java-1.28.1-win32-x64\jre\17.0.10-win32-x86_64\bin\management_ext.dll
Event: 18.827 Loaded shared library C:\Users\oo199\.vscode\extensions\redhat.java-1.28.1-win32-x64\jre\17.0.10-win32-x86_64\bin\extnet.dll
Event: 19.033 Loaded shared library C:\Users\oo199\.vscode\extensions\redhat.java-1.28.1-win32-x64\jre\17.0.10-win32-x86_64\bin\sunmscapi.dll

Deoptimization events (20 events):
Event: 19.225 Thread 0x000002b69a3269b0 DEOPT PACKING pc=0x000002b687bc51d0 sp=0x000000e5ac6fe510
Event: 19.225 Thread 0x000002b69a3269b0 DEOPT UNPACKING pc=0x000002b6875869a3 sp=0x000000e5ac6fe508 mode 2
Event: 32.490 Thread 0x000002b69a3269b0 Uncommon trap: trap_request=0xffffffde fr.pc=0x000002b687bc51d0 relative=0x0000000000000af0
Event: 32.490 Thread 0x000002b69a3269b0 Uncommon trap: reason=class_check action=maybe_recompile pc=0x000002b687bc51d0 method=java.util.Collections$SetFromMap.remove(Ljava/lang/Object;)Z @ 5 c2
Event: 32.490 Thread 0x000002b69a3269b0 DEOPT PACKING pc=0x000002b687bc51d0 sp=0x000000e5ac6fe710
Event: 32.490 Thread 0x000002b69a3269b0 DEOPT UNPACKING pc=0x000002b6875869a3 sp=0x000000e5ac6fe708 mode 2
Event: 33.424 Thread 0x000002b69a3269b0 Uncommon trap: trap_request=0xffffffde fr.pc=0x000002b687bc51d0 relative=0x0000000000000af0
Event: 33.424 Thread 0x000002b69a3269b0 Uncommon trap: reason=class_check action=maybe_recompile pc=0x000002b687bc51d0 method=java.util.Collections$SetFromMap.remove(Ljava/lang/Object;)Z @ 5 c2
Event: 33.424 Thread 0x000002b69a3269b0 DEOPT PACKING pc=0x000002b687bc51d0 sp=0x000000e5ac6fe710
Event: 33.424 Thread 0x000002b69a3269b0 DEOPT UNPACKING pc=0x000002b6875869a3 sp=0x000000e5ac6fe708 mode 2
Event: 33.424 Thread 0x000002b69a3269b0 Uncommon trap: trap_request=0xffffffde fr.pc=0x000002b687bc51d0 relative=0x0000000000000af0
Event: 33.424 Thread 0x000002b69a3269b0 Uncommon trap: reason=class_check action=maybe_recompile pc=0x000002b687bc51d0 method=java.util.Collections$SetFromMap.remove(Ljava/lang/Object;)Z @ 5 c2
Event: 33.424 Thread 0x000002b69a3269b0 DEOPT PACKING pc=0x000002b687bc51d0 sp=0x000000e5ac6fe710
Event: 33.424 Thread 0x000002b69a3269b0 DEOPT UNPACKING pc=0x000002b6875869a3 sp=0x000000e5ac6fe708 mode 2
Event: 35.263 Thread 0x000002b69a3269b0 Uncommon trap: trap_request=0xffffff45 fr.pc=0x000002b687bca278 relative=0x0000000000000a58
Event: 35.263 Thread 0x000002b69a3269b0 Uncommon trap: reason=unstable_if action=reinterpret pc=0x000002b687bca278 method=sun.security.provider.SHA.implCompress0([BI)V @ 4 c2
Event: 35.263 Thread 0x000002b69a3269b0 DEOPT PACKING pc=0x000002b687bca278 sp=0x000000e5ac6fdb70
Event: 35.263 Thread 0x000002b69a3269b0 DEOPT UNPACKING pc=0x000002b6875869a3 sp=0x000000e5ac6fdae0 mode 2
Event: 35.285 Thread 0x000002b69a3269b0 DEOPT PACKING pc=0x000002b6804642ba sp=0x000000e5ac6fd8a0
Event: 35.285 Thread 0x000002b69a3269b0 DEOPT UNPACKING pc=0x000002b687587143 sp=0x000000e5ac6fcd18 mode 0

Classes unloaded (0 events):
No events

Classes redefined (0 events):
No events

Internal exceptions (20 events):
Event: 15.633 Thread 0x000002b69a325f90 Exception <a 'java/lang/NoSuchMethodError'{0x000000008d70e348}: 'java.lang.Object java.lang.invoke.DirectMethodHandle$Holder.invokeStaticInit(java.lang.Object, java.lang.Object, long, java.lang.Object)'> (0x000000008d70e348) 
thrown [s\src\hotspot\share\interpreter\linkResolver.cpp, line 759]
Event: 15.637 Thread 0x000002b69a325f90 Exception <a 'java/lang/NoSuchMethodError'{0x000000008d7187a8}: 'java.lang.Object java.lang.invoke.DirectMethodHandle$Holder.newInvokeSpecial(java.lang.Object, java.lang.Object, long)'> (0x000000008d7187a8) 
thrown [s\src\hotspot\share\interpreter\linkResolver.cpp, line 759]
Event: 15.639 Thread 0x000002b69a325f90 Exception <a 'java/lang/NoSuchMethodError'{0x000000008d71ca98}: 'java.lang.Object java.lang.invoke.Invokers$Holder.linkToTargetMethod(java.lang.Object, long, java.lang.Object)'> (0x000000008d71ca98) 
thrown [s\src\hotspot\share\interpreter\linkResolver.cpp, line 759]
Event: 16.379 Thread 0x000002b69a325f90 Exception <a 'java/lang/NoSuchMethodError'{0x000000008d72d3f8}: 'void java.lang.invoke.DirectMethodHandle$Holder.invokeSpecial(java.lang.Object, java.lang.Object, int)'> (0x000000008d72d3f8) 
thrown [s\src\hotspot\share\interpreter\linkResolver.cpp, line 759]
Event: 16.381 Thread 0x000002b69a325f90 Exception <a 'java/lang/NoSuchMethodError'{0x000000008d733278}: 'java.lang.Object java.lang.invoke.DirectMethodHandle$Holder.newInvokeSpecial(java.lang.Object, java.lang.Object, int)'> (0x000000008d733278) 
thrown [s\src\hotspot\share\interpreter\linkResolver.cpp, line 759]
Event: 18.949 Thread 0x000002b69a3269b0 Implicit null exception at 0x000002b687b01872 to 0x000002b687b01e44
Event: 35.242 Thread 0x000002b69a3269b0 Exception <a 'java/lang/NoSuchMethodError'{0x000000008d2ad3e0}: static Lorg/gradle/internal/build/event/types/AbstractProgressEvent;.<clinit>()V> (0x000000008d2ad3e0) 
thrown [s\src\hotspot\share\prims\jni.cpp, line 1107]
Event: 35.245 Thread 0x000002b69a3269b0 Implicit null exception at 0x000002b687bc9852 to 0x000002b687bca25c
Event: 35.265 Thread 0x000002b69a3269b0 Exception <a 'java/lang/NoSuchMethodError'{0x000000008d2b6928}: static Lorg/gradle/internal/build/event/types/DefaultOperationStartedProgressEvent;.<clinit>()V> (0x000000008d2b6928) 
thrown [s\src\hotspot\share\prims\jni.cpp, line 1107]
Event: 35.275 Thread 0x000002b69a3269b0 Exception <a 'java/lang/NoSuchMethodError'{0x000000008d2c8c20}: static Lorg/gradle/internal/build/event/types/DefaultOperationDescriptor;.<clinit>()V> (0x000000008d2c8c20) 
thrown [s\src\hotspot\share\prims\jni.cpp, line 1107]
Event: 35.287 Thread 0x000002b69a3269b0 Exception <a 'java/lang/NoSuchMethodError'{0x000000008d2d37d8}: static Lorg/gradle/internal/build/event/types/DefaultProjectConfigurationDescriptor;.<clinit>()V> (0x000000008d2d37d8) 
thrown [s\src\hotspot\share\prims\jni.cpp, line 1107]
Event: 35.295 Thread 0x000002b69a3269b0 Exception <a 'java/lang/NoSuchMethodError'{0x000000008d2dcac0}: static Lorg/gradle/internal/operations/OperationIdentifier;.<clinit>()V> (0x000000008d2dcac0) 
thrown [s\src\hotspot\share\prims\jni.cpp, line 1107]
Event: 41.723 Thread 0x000002b69a3269b0 Exception <a 'java/lang/NoSuchMethodError'{0x000000008d129060}: static Lorg/gradle/internal/build/event/types/DefaultOperationFinishedProgressEvent;.<clinit>()V> (0x000000008d129060) 
thrown [s\src\hotspot\share\prims\jni.cpp, line 1107]
Event: 41.732 Thread 0x000002b69a3269b0 Exception <a 'java/lang/NoSuchMethodError'{0x000000008d13fc70}: static Lorg/gradle/internal/build/event/types/AbstractResult;.<clinit>()V> (0x000000008d13fc70) 
thrown [s\src\hotspot\share\prims\jni.cpp, line 1107]
Event: 41.739 Thread 0x000002b69a3269b0 Exception <a 'java/lang/NoSuchMethodError'{0x000000008d148d48}: static Lorg/gradle/internal/build/event/types/AbstractOperationResult;.<clinit>()V> (0x000000008d148d48) 
thrown [s\src\hotspot\share\prims\jni.cpp, line 1107]
Event: 41.744 Thread 0x000002b69a3269b0 Exception <a 'java/lang/NoSuchMethodError'{0x000000008d152e00}: static Lorg/gradle/internal/build/event/types/AbstractProjectConfigurationResult;.<clinit>()V> (0x000000008d152e00) 
thrown [s\src\hotspot\share\prims\jni.cpp, line 1107]
Event: 41.747 Thread 0x000002b69a3269b0 Exception <a 'java/lang/NoSuchMethodError'{0x000000008d15d978}: static Lorg/gradle/internal/build/event/types/DefaultProjectConfigurationSuccessResult;.<clinit>()V> (0x000000008d15d978) 
thrown [s\src\hotspot\share\prims\jni.cpp, line 1107]
Event: 41.766 Thread 0x000002b69a3269b0 Exception <a 'java/lang/NoSuchMethodError'{0x000000008d17b428}: static Lorg/gradle/internal/build/event/types/DefaultPluginApplicationResult;.<clinit>()V> (0x000000008d17b428) 
thrown [s\src\hotspot\share\prims\jni.cpp, line 1107]
Event: 41.773 Thread 0x000002b69a3269b0 Exception <a 'java/lang/NoSuchMethodError'{0x000000008d18c318}: static Lorg/gradle/internal/build/event/types/DefaultBinaryPluginIdentifier;.<clinit>()V> (0x000000008d18c318) 
thrown [s\src\hotspot\share\prims\jni.cpp, line 1107]
Event: 41.789 Thread 0x000002b69a3269b0 Exception <a 'java/lang/NoSuchMethodError'{0x000000008d19f8b8}: static Lorg/gradle/internal/build/event/types/DefaultScriptPluginIdentifier;.<clinit>()V> (0x000000008d19f8b8) 
thrown [s\src\hotspot\share\prims\jni.cpp, line 1107]

VM Operations (20 events):
Event: 49.841 Executing VM operation: Cleanup
Event: 49.841 Executing VM operation: Cleanup done
Event: 53.851 Executing VM operation: Cleanup
Event: 53.851 Executing VM operation: Cleanup done
Event: 54.856 Executing VM operation: Cleanup
Event: 54.856 Executing VM operation: Cleanup done
Event: 60.297 Executing VM operation: HandshakeAllThreads
Event: 60.297 Executing VM operation: HandshakeAllThreads done
Event: 61.302 Executing VM operation: Cleanup
Event: 61.302 Executing VM operation: Cleanup done
Event: 66.363 Executing VM operation: Cleanup
Event: 66.363 Executing VM operation: Cleanup done
Event: 67.372 Executing VM operation: Cleanup
Event: 67.373 Executing VM operation: Cleanup done
Event: 91.501 Executing VM operation: Cleanup
Event: 91.501 Executing VM operation: Cleanup done
Event: 102.413 Executing VM operation: HandshakeAllThreads
Event: 102.414 Executing VM operation: HandshakeAllThreads done
Event: 102.414 Executing VM operation: Cleanup
Event: 102.414 Executing VM operation: Cleanup done

Events (20 events):
Event: 35.242 loading class java/io/ObjectStreamClass$5 done
Event: 35.266 loading class java/io/ObjectStreamClass$ClassDataSlot
Event: 35.266 loading class java/io/ObjectStreamClass$ClassDataSlot done
Event: 35.266 loading class java/io/ObjectInputStream$FieldValues
Event: 35.266 loading class java/io/ObjectInputStream$GetField
Event: 35.266 loading class java/io/ObjectInputStream$GetField done
Event: 35.266 loading class java/io/ObjectInputStream$FieldValues done
Event: 35.296 loading class jdk/internal/reflect/UnsafeQualifiedStaticLongFieldAccessorImpl
Event: 35.296 loading class jdk/internal/reflect/UnsafeQualifiedStaticLongFieldAccessorImpl done
Event: 35.299 loading class java/io/SerialCallbackContext
Event: 35.299 loading class java/io/SerialCallbackContext done
Event: 41.749 loading class java/util/function/UnaryOperator
Event: 41.760 loading class java/util/function/UnaryOperator done
Event: 41.773 loading class java/time/Ser
Event: 41.775 loading class java/time/Ser done
Event: 75.313 Thread 0x000002b69a3264a0 Thread exited: 0x000002b69a3264a0
Event: 76.503 Thread 0x000002b69a325a80 Thread exited: 0x000002b69a325a80
Event: 76.509 Thread 0x000002b69a326ec0 Thread exited: 0x000002b69a326ec0
Event: 76.529 Thread 0x000002b69a325f90 Thread exited: 0x000002b69a325f90
Event: 82.228 Thread 0x000002b69a327df0 Thread exited: 0x000002b69a327df0


Dynamic libraries:
0x00007ff60aef0000 - 0x00007ff60aefe000 	C:\Users\oo199\.vscode\extensions\redhat.java-1.28.1-win32-x64\jre\17.0.10-win32-x86_64\bin\java.exe
0x00007fff0b8d0000 - 0x00007fff0bae6000 	C:\Windows\SYSTEM32\ntdll.dll
0x00007fff0ada0000 - 0x00007fff0ae64000 	C:\Windows\System32\KERNEL32.DLL
0x00007fff091d0000 - 0x00007fff09576000 	C:\Windows\System32\KERNELBASE.dll
0x00007fff09030000 - 0x00007fff09141000 	C:\Windows\System32\ucrtbase.dll
0x00007ffedd6b0000 - 0x00007ffedd6c7000 	C:\Users\oo199\.vscode\extensions\redhat.java-1.28.1-win32-x64\jre\17.0.10-win32-x86_64\bin\jli.dll
0x00007fff0b550000 - 0x00007fff0b6fd000 	C:\Windows\System32\USER32.dll
0x00007fff08f10000 - 0x00007fff08f36000 	C:\Windows\System32\win32u.dll
0x00007ffede330000 - 0x00007ffede34b000 	C:\Users\oo199\.vscode\extensions\redhat.java-1.28.1-win32-x64\jre\17.0.10-win32-x86_64\bin\VCRUNTIME140.dll
0x00007fff0ae70000 - 0x00007fff0ae99000 	C:\Windows\System32\GDI32.dll
0x00007ffef77f0000 - 0x00007ffef7a83000 	C:\Windows\WinSxS\amd64_microsoft.windows.common-controls_6595b64144ccf1df_6.0.22621.3235_none_270f74e173860f98\COMCTL32.dll
0x00007fff08c10000 - 0x00007fff08d28000 	C:\Windows\System32\gdi32full.dll
0x00007fff0aa50000 - 0x00007fff0aaf7000 	C:\Windows\System32\msvcrt.dll
0x00007fff09580000 - 0x00007fff0961a000 	C:\Windows\System32\msvcp_win.dll
0x00007fff0a0a0000 - 0x00007fff0a0d1000 	C:\Windows\System32\IMM32.DLL
0x00007fff03210000 - 0x00007fff0321c000 	C:\Users\oo199\.vscode\extensions\redhat.java-1.28.1-win32-x64\jre\17.0.10-win32-x86_64\bin\vcruntime140_1.dll
0x00007ffebf420000 - 0x00007ffebf4ad000 	C:\Users\oo199\.vscode\extensions\redhat.java-1.28.1-win32-x64\jre\17.0.10-win32-x86_64\bin\msvcp140.dll
0x00007ffe9c320000 - 0x00007ffe9cf82000 	C:\Users\oo199\.vscode\extensions\redhat.java-1.28.1-win32-x64\jre\17.0.10-win32-x86_64\bin\server\jvm.dll
0x00007fff0b380000 - 0x00007fff0b432000 	C:\Windows\System32\ADVAPI32.dll
0x00007fff0a0e0000 - 0x00007fff0a188000 	C:\Windows\System32\sechost.dll
0x00007fff09000000 - 0x00007fff09028000 	C:\Windows\System32\bcrypt.dll
0x00007fff0aea0000 - 0x00007fff0afb5000 	C:\Windows\System32\RPCRT4.dll
0x00007fff084c0000 - 0x00007fff0850d000 	C:\Windows\SYSTEM32\POWRPROF.dll
0x00007fff019c0000 - 0x00007fff019f4000 	C:\Windows\SYSTEM32\WINMM.dll
0x00007fff00ce0000 - 0x00007fff00cea000 	C:\Windows\SYSTEM32\VERSION.dll
0x00007ffee6570000 - 0x00007ffee6579000 	C:\Windows\SYSTEM32\WSOCK32.dll
0x00007fff0b800000 - 0x00007fff0b871000 	C:\Windows\System32\WS2_32.dll
0x00007fff084a0000 - 0x00007fff084b3000 	C:\Windows\SYSTEM32\UMPDC.dll
0x00007fff07c90000 - 0x00007fff07ca8000 	C:\Windows\SYSTEM32\kernel.appcore.dll
0x00007ffefe930000 - 0x00007ffefe93a000 	C:\Users\oo199\.vscode\extensions\redhat.java-1.28.1-win32-x64\jre\17.0.10-win32-x86_64\bin\jimage.dll
0x00007fff06090000 - 0x00007fff062c3000 	C:\Windows\SYSTEM32\DBGHELP.DLL
0x00007fff0a610000 - 0x00007fff0a998000 	C:\Windows\System32\combase.dll
0x00007fff09fc0000 - 0x00007fff0a097000 	C:\Windows\System32\OLEAUT32.dll
0x00007ffefe870000 - 0x00007ffefe8a2000 	C:\Windows\SYSTEM32\dbgcore.DLL
0x00007fff09150000 - 0x00007fff091ca000 	C:\Windows\System32\bcryptPrimitives.dll
0x00007ffed8fb0000 - 0x00007ffed8fd5000 	C:\Users\oo199\.vscode\extensions\redhat.java-1.28.1-win32-x64\jre\17.0.10-win32-x86_64\bin\java.dll
0x00007ffedd690000 - 0x00007ffedd6a8000 	C:\Users\oo199\.vscode\extensions\redhat.java-1.28.1-win32-x64\jre\17.0.10-win32-x86_64\bin\zip.dll
0x00007fff096b0000 - 0x00007fff09f0d000 	C:\Windows\System32\SHELL32.dll
0x00007fff06b20000 - 0x00007fff07418000 	C:\Windows\SYSTEM32\windows.storage.dll
0x00007fff069e0000 - 0x00007fff06b1e000 	C:\Windows\SYSTEM32\wintypes.dll
0x00007fff0b700000 - 0x00007fff0b7f3000 	C:\Windows\System32\SHCORE.dll
0x00007fff09630000 - 0x00007fff0968e000 	C:\Windows\System32\shlwapi.dll
0x00007fff08b40000 - 0x00007fff08b66000 	C:\Windows\SYSTEM32\profapi.dll
0x00007ffed8f90000 - 0x00007ffed8fa9000 	C:\Users\oo199\.vscode\extensions\redhat.java-1.28.1-win32-x64\jre\17.0.10-win32-x86_64\bin\net.dll
0x00007fff04850000 - 0x00007fff04987000 	C:\Windows\SYSTEM32\WINHTTP.dll
0x00007fff08110000 - 0x00007fff08179000 	C:\Windows\system32\mswsock.dll
0x00007ffed84f0000 - 0x00007ffed8506000 	C:\Users\oo199\.vscode\extensions\redhat.java-1.28.1-win32-x64\jre\17.0.10-win32-x86_64\bin\nio.dll
0x00007ffef8430000 - 0x00007ffef8440000 	C:\Users\oo199\.vscode\extensions\redhat.java-1.28.1-win32-x64\jre\17.0.10-win32-x86_64\bin\verify.dll
0x00007ffed62d0000 - 0x00007ffed62f7000 	C:\Users\oo199\.gradle\native\c067742578af261105cb4f569cf0c3c89f3d7b1fecec35dd04571415982c5e48\windows-amd64\native-platform.dll
0x00007ffef1ee0000 - 0x00007ffef1ee9000 	C:\Users\oo199\.vscode\extensions\redhat.java-1.28.1-win32-x64\jre\17.0.10-win32-x86_64\bin\management.dll
0x00007ffef1ba0000 - 0x00007ffef1bab000 	C:\Users\oo199\.vscode\extensions\redhat.java-1.28.1-win32-x64\jre\17.0.10-win32-x86_64\bin\management_ext.dll
0x00007fff0b440000 - 0x00007fff0b448000 	C:\Windows\System32\PSAPI.DLL
0x00007fff08370000 - 0x00007fff0838b000 	C:\Windows\SYSTEM32\CRYPTSP.dll
0x00007fff07bf0000 - 0x00007fff07c25000 	C:\Windows\system32\rsaenh.dll
0x00007fff08210000 - 0x00007fff0823c000 	C:\Windows\SYSTEM32\USERENV.dll
0x00007fff08390000 - 0x00007fff0839c000 	C:\Windows\SYSTEM32\CRYPTBASE.dll
0x00007fff07670000 - 0x00007fff0769d000 	C:\Windows\SYSTEM32\IPHLPAPI.DLL
0x00007fff0b210000 - 0x00007fff0b219000 	C:\Windows\System32\NSI.dll
0x00007fff03a70000 - 0x00007fff03a89000 	C:\Windows\SYSTEM32\dhcpcsvc6.DLL
0x00007fff033f0000 - 0x00007fff0340f000 	C:\Windows\SYSTEM32\dhcpcsvc.DLL
0x00007fff076a0000 - 0x00007fff07799000 	C:\Windows\SYSTEM32\DNSAPI.dll
0x00007ffef5330000 - 0x00007ffef5339000 	C:\Users\oo199\.vscode\extensions\redhat.java-1.28.1-win32-x64\jre\17.0.10-win32-x86_64\bin\extnet.dll
0x00007ffef1a90000 - 0x00007ffef1a9e000 	C:\Users\oo199\.vscode\extensions\redhat.java-1.28.1-win32-x64\jre\17.0.10-win32-x86_64\bin\sunmscapi.dll
0x00007fff08da0000 - 0x00007fff08f06000 	C:\Windows\System32\CRYPT32.dll
0x00007fff085b0000 - 0x00007fff085de000 	C:\Windows\SYSTEM32\ncrypt.dll
0x00007fff08570000 - 0x00007fff085a7000 	C:\Windows\SYSTEM32\NTASN1.dll
0x00007ffeec580000 - 0x00007ffeec588000 	C:\Windows\system32\wshunix.dll

dbghelp: loaded successfully - version: 4.0.5 - missing functions: none
symbol engine: initialized successfully - sym options: 0x614 - pdb path: .;C:\Users\oo199\.vscode\extensions\redhat.java-1.28.1-win32-x64\jre\17.0.10-win32-x86_64\bin;C:\Windows\SYSTEM32;C:\Windows\WinSxS\amd64_microsoft.windows.common-controls_6595b64144ccf1df_6.0.22621.3235_none_270f74e173860f98;C:\Users\oo199\.vscode\extensions\redhat.java-1.28.1-win32-x64\jre\17.0.10-win32-x86_64\bin\server;C:\Users\oo199\.gradle\native\c067742578af261105cb4f569cf0c3c89f3d7b1fecec35dd04571415982c5e48\windows-amd64

VM Arguments:
jvm_args: --add-opens=java.base/java.lang=ALL-UNNAMED --add-opens=java.base/java.io=ALL-UNNAMED --add-opens=java.base/java.util=ALL-UNNAMED -Dplugin.dir=C:\Users\oo199\.vscode\extensions\redhat.java-1.28.1-win32-x64\server\..\..\vscjava.vscode-gradle-3.13.5\server\plugins 
java_command: com.microsoft.java.bs.core.Launcher
java_class_path (initial): C:\Users\oo199\.vscode\extensions\redhat.java-1.28.1-win32-x64\server\..\..\vscjava.vscode-gradle-3.13.5\server\server.jar;C:\Users\oo199\.vscode\extensions\redhat.java-1.28.1-win32-x64\server\..\..\vscjava.vscode-gradle-3.13.5\server\runtime\bsp4j-2.1.0-M4.jar;C:\Users\oo199\.vscode\extensions\redhat.java-1.28.1-win32-x64\server\..\..\vscjava.vscode-gradle-3.13.5\server\runtime\checker-qual-3.5.0.jar;C:\Users\oo199\.vscode\extensions\redhat.java-1.28.1-win32-x64\server\..\..\vscjava.vscode-gradle-3.13.5\server\runtime\commons-lang3-3.13.0.jar;C:\Users\oo199\.vscode\extensions\redhat.java-1.28.1-win32-x64\server\..\..\vscjava.vscode-gradle-3.13.5\server\runtime\error_prone_annotations-2.3.4.jar;C:\Users\oo199\.vscode\extensions\redhat.java-1.28.1-win32-x64\server\..\..\vscjava.vscode-gradle-3.13.5\server\runtime\failureaccess-1.0.1.jar;C:\Users\oo199\.vscode\extensions\redhat.java-1.28.1-win32-x64\server\..\..\vscjava.vscode-gradle-3.13.5\server\runtime\gradle-tooling-api-8.1.1.jar;C:\Users\oo199\.vscode\extensions\redhat.java-1.28.1-win32-x64\server\..\..\vscjava.vscode-gradle-3.13.5\server\runtime\gson-2.9.1.jar;C:\Users\oo199\.vscode\extensions\redhat.java-1.28.1-win32-x64\server\..\..\vscjava.vscode-gradle-3.13.5\server\runtime\guava-30.1-jre.jar;C:\Users\oo199\.vscode\extensions\redhat.java-1.28.1-win32-x64\server\..\..\vscjava.vscode-gradle-3.13.5\server\runtime\j2objc-annotations-1.3.jar;C:\Users\oo199\.vscode\extensions\redhat.java-1.28.1-win32-x64\server\..\..\vscjava.vscode-gradle-3.13.5\server\runtime\jsr305-3.0.2.jar;C:\Users\oo199\.vscode\extensions\redhat.java-1.28.1-win32-x64\server\..\..\vscjava.vscode-gradle-3.13.5\server\runtime\listenablefuture-9999.0-empty-to-avoid-conflict-with-guava.jar;C:\Users\oo199\.vscode\extensions\redhat.java-1.28.1-win32-x64\server\..\..\vscjava.vscode-gradle-3.13.5\server\runtime\model.jar;C:\Users\oo199\.vscode\extensions\redhat.java-1.28.1-win32-x64\server\..\..\vscjava.vscode-gradle-3.13.
Launcher Type: SUN_STANDARD

[Global flags]
     intx CICompilerCount                          = 4                                         {product} {ergonomic}
     uint ConcGCThreads                            = 3                                         {product} {ergonomic}
     uint G1ConcRefinementThreads                  = 10                                        {product} {ergonomic}
   size_t G1HeapRegionSize                         = 1048576                                   {product} {ergonomic}
    uintx GCDrainStackTargetSize                   = 64                                        {product} {ergonomic}
   size_t InitialHeapSize                          = 125829120                                 {product} {ergonomic}
   size_t MarkStackSize                            = 4194304                                   {product} {ergonomic}
   size_t MaxHeapSize                              = 1992294400                                {product} {ergonomic}
   size_t MaxNewSize                               = 1195376640                                {product} {ergonomic}
   size_t MinHeapDeltaBytes                        = 1048576                                   {product} {ergonomic}
   size_t MinHeapSize                              = 8388608                                   {product} {ergonomic}
    uintx NonNMethodCodeHeapSize                   = 5839372                                {pd product} {ergonomic}
    uintx NonProfiledCodeHeapSize                  = 122909434                              {pd product} {ergonomic}
    uintx ProfiledCodeHeapSize                     = 122909434                              {pd product} {ergonomic}
    uintx ReservedCodeCacheSize                    = 251658240                              {pd product} {ergonomic}
     bool SegmentedCodeCache                       = true                                      {product} {ergonomic}
   size_t SoftMaxHeapSize                          = 1992294400                             {manageable} {ergonomic}
     bool UseCompressedClassPointers               = true                           {product lp64_product} {ergonomic}
     bool UseCompressedOops                        = true                           {product lp64_product} {ergonomic}
     bool UseG1GC                                  = true                                      {product} {ergonomic}
     bool UseLargePagesIndividualAllocation        = false                                  {pd product} {ergonomic}

Logging:
Log output configuration:
 #0: stdout all=warning uptime,level,tags
 #1: stderr all=off uptime,level,tags

Environment Variables:
PATH=C:\Program Files\Common Files\Oracle\Java\javapath;C:\Windows\system32;C:\Windows;C:\Windows\System32\Wbem;C:\Windows\System32\WindowsPowerShell\v1.0\;C:\Windows\System32\OpenSSH\;C:\Program Files (x86)\NVIDIA Corporation\PhysX\Common;C:\Program Files\NVIDIA Corporation\NVIDIA NvDLISR;C:\msys64\mingw64\bin;C:\Program Files\Docker\Docker\resources\bin;C:\Program Files\Git\cmd;C:\Users\oo199\AppData\Local\Microsoft\WindowsApps;C:\Users\oo199\AppData\Local\Programs\Microsoft VS Code\bin;C:\Program Files\JetBrains\IntelliJ IDEA 2023.3.4\bin;
USERNAME=oo199
OS=Windows_NT
PROCESSOR_IDENTIFIER=AMD64 Family 23 Model 96 Stepping 1, AuthenticAMD
TMP=C:\Users\oo199\AppData\Local\Temp
TEMP=C:\Users\oo199\AppData\Local\Temp



Periodic native trim disabled


---------------  S Y S T E M  ---------------

OS:
 Windows 11 , 64 bit Build 22621 (10.0.22621.3235)
OS uptime: 1 days 23:08 hours
Hyper-V role detected

CPU: total 12 (initial active 12) (12 cores per cpu, 2 threads per core) family 23 model 96 stepping 1 microcode 0x0, cx8, cmov, fxsr, ht, mmx, 3dnowpref, sse, sse2, sse3, ssse3, sse4a, sse4.1, sse4.2, popcnt, lzcnt, tsc, tscinvbit, avx, avx2, aes, clmul, bmi1, bmi2, adx, sha, fma, vzeroupper, clflush, clflushopt, hv
Processor Information for all 12 processors :
  Max Mhz: 3001, Current Mhz: 3001, Mhz Limit: 3001

Memory: 4k page, system-wide physical 7597M (136M free)
TotalPageFile size 31149M (AvailPageFile size 0M)
current process WorkingSet (physical memory assigned to process): 38M, peak: 154M
current process commit charge ("private bytes"): 194M, peak: 255M

vm_info: OpenJDK 64-Bit Server VM (17.0.10+7) for windows-amd64 JRE (17.0.10+7), built on Jan 16 2024 23:25:11 by "admin" with MS VC++ 16.10 / 16.11 (VS2019)

END.
